[2016.01.16-15.49.47:886][  0]Log file open, 01/16/16 16:49:47
[2016.01.16-15.49.47:886][  0]LogInit:Display: Running engine for game: AutomaticDoor
[2016.01.16-15.49.47:886][  0]LogInit:Display: RandInit(-1616333903) SRandInit(-1616333903).
[2016.01.16-15.49.47:886][  0]LogTaskGraph: Started task graph with 4 named threads and 7 total threads.
[2016.01.16-15.49.47:886][  0]LogStats: Stats thread started at 0.071324
[2016.01.16-15.49.47:886][  0]LogInit: Version: 4.9.2-2707645+++depot+UE4-Releases+4.9
[2016.01.16-15.49.47:886][  0]LogInit: API Version: 2672455
[2016.01.16-15.49.47:886][  0]LogInit: Compiled (64-bit): Sep 28 2015 10:25:44
[2016.01.16-15.49.47:886][  0]LogInit: Compiled with Visual C++: 18.00.21005.01
[2016.01.16-15.49.47:886][  0]LogInit: Build Configuration: Development
[2016.01.16-15.49.47:886][  0]LogInit: Branch Name: ++depot+UE4-Releases+4.9
[2016.01.16-15.49.47:886][  0]LogInit: Command line:  
[2016.01.16-15.49.47:886][  0]LogInit: Base directory: C:/Program Files/Epic Games/4.9/Engine/Binaries/Win64/
[2016.01.16-15.49.47:886][  0]LogInit: Rocket: 1
[2016.01.16-15.49.47:894][  0]LogInit: Using libcurl 7.41.0
[2016.01.16-15.49.47:894][  0]LogInit:  - built for x86_64-pc-win32
[2016.01.16-15.49.47:894][  0]LogInit:  - supports SSL with WinSSL
[2016.01.16-15.49.47:894][  0]LogInit:  - other features:
[2016.01.16-15.49.47:894][  0]LogInit:      CURL_VERSION_SSL
[2016.01.16-15.49.47:894][  0]LogInit:      CURL_VERSION_IPV6
[2016.01.16-15.49.47:894][  0]LogInit:      CURL_VERSION_ASYNCHDNS
[2016.01.16-15.49.47:894][  0]LogInit:      CURL_VERSION_LARGEFILE
[2016.01.16-15.49.47:894][  0]LogInit:      CURL_VERSION_IDN
[2016.01.16-15.49.47:894][  0]LogInit:  CurlRequestOptions (configurable via config and command line):
[2016.01.16-15.49.47:894][  0]LogInit:  - bVerifyPeer = true  - Libcurl will verify peer certificate
[2016.01.16-15.49.47:894][  0]LogInit:  - bUseHttpProxy = false  - Libcurl will NOT use HTTP proxy
[2016.01.16-15.49.47:894][  0]LogInit:  - bDontReuseConnections = false  - Libcurl will reuse connections
[2016.01.16-15.49.47:895][  0]LogInit:  - CertBundlePath = nullptr  - Libcurl will use whatever was configured at build time.
[2016.01.16-15.49.47:901][  0]LogInit: Presizing for 0 objects not considered by GC, pre-allocating 0 bytes.
[2016.01.16-15.49.47:907][  0]LogInit: Object subsystem initialized
[2016.01.16-15.49.47:908][  0]LogInit: Selected Device Profile: [Windows]
[2016.01.16-15.49.47:908][  0]LogInit: Applying CVar settings loaded from the selected device profile: [Windows]
[2016.01.16-15.49.47:915][  0]LogInit: Computer: FIDUS
[2016.01.16-15.49.47:915][  0]LogInit: User: Niclas
[2016.01.16-15.49.47:915][  0]LogInit: CPU Page size=4096, Cores=4
[2016.01.16-15.49.47:915][  0]LogInit: High frequency timer resolution =3.386476 MHz
[2016.01.16-15.49.47:915][  0]LogMemory: Memory total: Physical=15.9GB (16GB approx)
[2016.01.16-15.49.47:915][  0]LogMemory: Platform Memory Stats for Windows
[2016.01.16-15.49.47:915][  0]LogMemory: Process Physical Memory: 54.57 MB used, 54.57 MB peak
[2016.01.16-15.49.47:915][  0]LogMemory: Process Virtual Memory: 55.38 MB used, 55.38 MB peak
[2016.01.16-15.49.47:915][  0]LogMemory: Physical Memory: 2405.22 MB used, 16332.28 MB total
[2016.01.16-15.49.47:915][  0]LogMemory: Virtual Memory: 368.15 MB used, 134217728.00 MB total
[2016.01.16-15.49.47:944][  0]LogTextLocalizationManager: No translations for ('sv-SE') exist, falling back to 'en' for localization and internationalization data.
[2016.01.16-15.49.48:580][  0]LogD3D11RHI: Found D3D11 adapter 0: AMD Radeon HD 7800 Series (Feature Level 11_0)
[2016.01.16-15.49.48:580][  0]LogD3D11RHI: Adapter has 2030MB of dedicated video memory, 0MB of dedicated system memory, and 8166MB of shared system memory, 1 output[s]
[2016.01.16-15.49.48:581][  0]LogD3D11RHI: Found D3D11 adapter 1: Microsoft Basic Render Driver (Feature Level 11_0)
[2016.01.16-15.49.48:581][  0]LogD3D11RHI: Adapter has 0MB of dedicated video memory, 0MB of dedicated system memory, and 8166MB of shared system memory, 0 output[s]
[2016.01.16-15.49.48:581][  0]LogD3D11RHI: Chosen D3D11 Adapter Id = 0
[2016.01.16-15.49.48:583][  0]LogD3D11RHI: !Direct3DDevice
[2016.01.16-15.49.48:584][  0]LogRHI: Texture pool is 1361 MB (70% of 1945 MB)
[2016.01.16-15.49.48:588][  0]LogD3D11RHI: Async texture creation disabled: no driver support
[2016.01.16-15.49.48:597][  0]LogShaderCompilers: Guid format shader working directory is 14 characters bigger than the processId version (../../../../../../Users/Niclas/Documents/GitHub/ProjectDoor/AutomaticDoor/Intermediate/Shaders/WorkingDirectory/53928/).
[2016.01.16-15.49.48:597][  0]LogShaderCompilers: Cleaned the shader compiler working directory '../../../../../../Users/Niclas/Documents/GitHub/ProjectDoor/AutomaticDoor/Intermediate/Shaders/tmp/AC319013436E7128C85F9883FF61915D/'.
[2016.01.16-15.49.48:597][  0]LogShaderCompilers:Display: Using Local Shader Compiler.
[2016.01.16-15.49.49:507][  0]LogTemp:Display: Loaded TP AllDesktopTargetPlatform
[2016.01.16-15.49.49:512][  0]LogTemp:Display: Loaded TP WindowsClientTargetPlatform
[2016.01.16-15.49.49:517][  0]LogTemp:Display: Loaded TP WindowsNoEditorTargetPlatform
[2016.01.16-15.49.49:522][  0]LogTemp:Display: Loaded TP WindowsServerTargetPlatform
[2016.01.16-15.49.49:527][  0]LogTemp:Display: Loaded TP WindowsTargetPlatform
[2016.01.16-15.49.49:530][  0]LogTemp:Display: Loaded TP AndroidTargetPlatform
[2016.01.16-15.49.49:533][  0]LogTemp:Display: Loaded TP Android_ASTCTargetPlatform
[2016.01.16-15.49.49:536][  0]LogTemp:Display: Loaded TP Android_ATCTargetPlatform
[2016.01.16-15.49.49:539][  0]LogTemp:Display: Loaded TP Android_DXTTargetPlatform
[2016.01.16-15.49.49:542][  0]LogTemp:Display: Loaded TP Android_ETC1TargetPlatform
[2016.01.16-15.49.49:546][  0]LogTemp:Display: Loaded TP Android_ETC2TargetPlatform
[2016.01.16-15.49.49:549][  0]LogTemp:Display: Loaded TP Android_PVRTCTargetPlatform
[2016.01.16-15.49.49:550][  0]LogTemp:Display: Loaded TP HTML5TargetPlatform
[2016.01.16-15.49.49:567][  0]LogTemp:Display: Loaded TP IOSTargetPlatform
[2016.01.16-15.49.49:570][  0]LogTemp:Display: Loaded TP LinuxNoEditorTargetPlatform
[2016.01.16-15.49.49:573][  0]LogTemp:Display: Loaded TP LinuxServerTargetPlatform
[2016.01.16-15.49.49:576][  0]LogTemp:Display: Loaded TP LinuxTargetPlatform
[2016.01.16-15.49.49:576][  0]LogTargetPlatformManager:Display: Building Assets For Windows
[2016.01.16-15.49.49:661][  0]LogDerivedDataCache:Display: Max Cache Size: 512 MB
[2016.01.16-15.49.49:697][  0]LogDerivedDataCache: Loaded boot cache 0.04s 44MB C:/Users/Niclas/AppData/Local/UnrealEngine/4.9/DerivedDataCache/Boot.ddc.
[2016.01.16-15.49.49:697][  0]LogDerivedDataCache:Display: Loaded Boot cache: C:/Users/Niclas/AppData/Local/UnrealEngine/4.9/DerivedDataCache/Boot.ddc
[2016.01.16-15.49.49:697][  0]LogDerivedDataCache: FDerivedDataBackendGraph:  Pak pak cache file ../../../../../../Users/Niclas/Documents/GitHub/ProjectDoor/AutomaticDoor/DerivedDataCache/DDC.ddp not found, will not use a pak cache.
[2016.01.16-15.49.49:697][  0]LogDerivedDataCache: Unable to find inner node Pak for hierarchical cache Hierarchy.
[2016.01.16-15.49.49:697][  0]LogDerivedDataCache: FDerivedDataBackendGraph:  CompressedPak pak cache file ../../../../../../Users/Niclas/Documents/GitHub/ProjectDoor/AutomaticDoor/DerivedDataCache/Compressed.ddp not found, will not use a pak cache.
[2016.01.16-15.49.49:697][  0]LogDerivedDataCache: Unable to find inner node CompressedPak for hierarchical cache Hierarchy.
[2016.01.16-15.49.49:819][  0]LogDerivedDataCache:Display: Pak cache opened for reading ../../../Engine/DerivedDataCache/Compressed.ddp.
[2016.01.16-15.49.49:831][  0]LogDerivedDataCache: Using Local data cache path C:/Users/Niclas/AppData/Local/UnrealEngine/Common/DerivedDataCache: Writable
[2016.01.16-15.49.49:994][  0]LogInit: Selected Device Profile: [Windows]
[2016.01.16-15.49.49:995][  0]LogContentStreaming: Texture pool size is 0.000000MB
[2016.01.16-15.49.50:100][  0]LogMeshUtilities: No automatic mesh reduction module available
[2016.01.16-15.49.50:100][  0]LogMeshUtilities: No automatic mesh merging module available
[2016.01.16-15.49.50:312][  0]LogInit: WinSock: version 1.1 (2.2), MaxSocks=32767, MaxUdp=65467
[2016.01.16-15.49.50:906][  0]UdpMessaging: Initializing bridge on interface 0.0.0.0:0 to multicast group 230.0.0.1:6666.
[2016.01.16-15.49.50:988][  0]LogSkinnedMeshComp:Warning: GetSocketByName(): No SkeletalMesh for CharacterMesh1P
[2016.01.16-15.49.51:090][  0]LogLinker:Warning: Asset '../../../../../../Users/Niclas/Documents/GitHub/ProjectDoor/AutomaticDoor/Content/Mannequin/Animations/ThirdPerson_AnimBP.uasset' has been saved with empty engine version. The asset will be loaded but may be incompatible.
[2016.01.16-15.49.51:091][  0]LogLinker:Warning: Asset '../../../../../../Users/Niclas/Documents/GitHub/ProjectDoor/AutomaticDoor/Content/Mannequin/Animations/ThirdPerson_Jump.uasset' has been saved with empty engine version. The asset will be loaded but may be incompatible.
[2016.01.16-15.49.51:092][  0]LogLinker:Warning: Asset '../../../../../../Users/Niclas/Documents/GitHub/ProjectDoor/AutomaticDoor/Content/Mannequin/Animations/ThirdPersonJump_Loop.uasset' has been saved with empty engine version. The asset will be loaded but may be incompatible.
[2016.01.16-15.49.51:093][  0]LogLinker:Warning: Asset '../../../../../../Users/Niclas/Documents/GitHub/ProjectDoor/AutomaticDoor/Content/Mannequin/Animations/ThirdPersonJump_Start.uasset' has been saved with empty engine version. The asset will be loaded but may be incompatible.
[2016.01.16-15.49.51:094][  0]LogLinker:Warning: Asset '../../../../../../Users/Niclas/Documents/GitHub/ProjectDoor/AutomaticDoor/Content/Mannequin/Animations/ThirdPerson_IdleRun_2D.uasset' has been saved with empty engine version. The asset will be loaded but may be incompatible.
[2016.01.16-15.49.51:094][  0]LogLinker:Warning: Asset '../../../../../../Users/Niclas/Documents/GitHub/ProjectDoor/AutomaticDoor/Content/Mannequin/Animations/ThirdPersonIdle.uasset' has been saved with empty engine version. The asset will be loaded but may be incompatible.
[2016.01.16-15.49.51:095][  0]LogLinker:Warning: Asset '../../../../../../Users/Niclas/Documents/GitHub/ProjectDoor/AutomaticDoor/Content/Mannequin/Animations/ThirdPersonRun.uasset' has been saved with empty engine version. The asset will be loaded but may be incompatible.
[2016.01.16-15.49.51:096][  0]LogLinker:Warning: Asset '../../../../../../Users/Niclas/Documents/GitHub/ProjectDoor/AutomaticDoor/Content/Mannequin/Animations/ThirdPersonWalk.uasset' has been saved with empty engine version. The asset will be loaded but may be incompatible.
[2016.01.16-15.49.51:133][  0]LogLinker:Warning: Asset '../../../../../../Users/Niclas/Documents/GitHub/ProjectDoor/AutomaticDoor/Content/FirstPerson/Meshes/FirstPersonProjectileMesh.uasset' has been saved with empty engine version. The asset will be loaded but may be incompatible.
[2016.01.16-15.49.51:201][  0]LogSkinnedMeshComp:Warning: GetSocketByName(): No SkeletalMesh for CharacterMesh1P
[2016.01.16-15.49.51:213][  0]LogSkinnedMeshComp:Warning: GetSocketByName(): No SkeletalMesh for CharacterMesh1P
[2016.01.16-15.49.51:214][  0]LogSkinnedMeshComp:Warning: GetSocketByName(): No SkeletalMesh for CharacterMesh1P
[2016.01.16-15.49.51:216][  0]LogSkinnedMeshComp:Warning: GetSocketByName(): No SkeletalMesh for CharacterMesh1P
[2016.01.16-15.49.51:219][  0]LogSkinnedMeshComp:Warning: GetSocketByName(): No SkeletalMesh for CharacterMesh1P
[2016.01.16-15.49.51:221][  0]LogSkinnedMeshComp:Warning: GetSocketByName(): No SkeletalMesh for CharacterMesh1P
[2016.01.16-15.49.51:443][  0]LogAssetRegistry: FAssetRegistry took 0.0114 seconds to start up
[2016.01.16-15.49.51:593][  0]SourceControl: Info Source control is disabled
[2016.01.16-15.49.51:594][  0]SourceControl: Info Source control is disabled
[2016.01.16-15.49.51:606][  0]SourceControl: Info Source control is disabled
[2016.01.16-15.49.51:618][  0]SourceControl: Info Source control is disabled
[2016.01.16-15.49.51:775][  0]LogLinker:Warning: Asset '../../../Engine/Plugins/Runtime/LeapMotionController/Content/LM_PassthroughMaterial.uasset' has been saved with empty engine version. The asset will be loaded but may be incompatible.
[2016.01.16-15.49.51:857][  0]LogObj: 35574 objects as part of root set at end of initial load.
[2016.01.16-15.49.51:857][  0]LogUObjectAllocator: 8616464 out of 0 bytes used by permanent object pool.
[2016.01.16-15.49.51:905][  0]LogEngine: Initializing Engine...
[2016.01.16-15.49.51:907][  0]LogHMD: Can't find Oculus library dev build: is proper Runtime installed? Version: 0.7.0.0
[2016.01.16-15.49.51:908][  0]LogHMD: SteamVR failed to initialize.  Err: 110
[2016.01.16-15.49.52:009][  0]LogAIModule: Creating AISystem for world NewWorld
[2016.01.16-15.49.52:021][  0]LogInit: XAudio2 using 'Högtalare (Logitech G35 Gaming Headset)' : 2 channels at 44.1 kHz using 16 bits per sample (channel mask 0x3)
[2016.01.16-15.49.52:042][  0]LogInit: FAudioDevice initialized.
[2016.01.16-15.49.52:061][  0]LogDerivedDataCache: Saved boot cache 0.02s 44MB C:/Users/Niclas/AppData/Local/UnrealEngine/4.9/DerivedDataCache/Boot.ddc.
[2016.01.16-15.49.52:064][  0]LogInit: Texture streaming: Enabled
[2016.01.16-15.49.52:069][  0]LogAnalytics: Creating configured Analytics provider AnalyticsET
[2016.01.16-15.49.52:069][  0]LogAnalytics: [UEEditor.Rocket.Release] APIServer = http://et2.epicgames.com/ET2/. AppVersion = 4.9.2-2707645+++depot+UE4-Releases+4.9
[2016.01.16-15.49.52:070][  0]LogAnalytics: [UEEditor.Rocket.Release] SetUserId 8d5f2d8b4e520712a8f1e688fed765ab|99f216c1865e471987722078da7bde5f|50f43dcd-c54f-4aa6-a5c1-e948023fc359
[2016.01.16-15.49.52:070][  0]LogAnalytics: [UEEditor.Rocket.Release] AnalyticsET::StartSession
[2016.01.16-15.49.52:077][  0]LogWindowsTextInputMethodSystem:Display: IME system now deactivated.
[2016.01.16-15.49.52:094][  0]LogInit: Transaction tracking system initialized
[2016.01.16-15.49.52:132][  0]BlueprintLog: New page: Editor Load
[2016.01.16-15.49.52:247][  0]LocalizationService: Info Localization service is disabled
[2016.01.16-15.49.52:320][  0]LogConsoleResponse:Display: 
[2016.01.16-15.49.52:414][  0]LogCook:Display: Done creating registry. It took  0.00s.
[2016.01.16-15.49.52:470][  0]LogFileCache: Scanning file cache for directory 'C:/Users/Niclas/Documents/GitHub/ProjectDoor/AutomaticDoor/Content/' took 0.02s
[2016.01.16-15.49.52:470][  0]SourceControl: Info Source control is disabled
[2016.01.16-15.49.52:470][  0]Cmd: MAP LOAD FILE="../../../../../../Users/Niclas/Documents/GitHub/ProjectDoor/AutomaticDoor/Content/FirstPersonCPP/Maps/FirstPersonExampleMap.umap" TEMPLATE=0 SHOWPROGRESS=1 FEATURELEVEL=3
[2016.01.16-15.49.52:471][  0]LightingResults: New page: Lighting Build
[2016.01.16-15.49.52:474][  0]MapCheck: New page: Map Check
[2016.01.16-15.49.52:474][  0]LightingResults: New page: Lighting Build
[2016.01.16-15.49.52:485][  0]LogParticles: Destroying 0 GPU particle simulations for FXSystem 0x00000248F0E8E160
[2016.01.16-15.49.52:771][  0]LogBlueprint:Warning: [compiler FirstPersonExampleMap] Warning Node  Unknown  is not referencing a valid level actor
[2016.01.16-15.49.52:771][  0]LogBlueprint:Warning: [compiler FirstPersonExampleMap] Warning [0005.74] Compile of FirstPersonExampleMap successful, but with 1 Warning(s) [in 1 ms]
[2016.01.16-15.49.52:771][  0]LogBlueprint:Warning: [compiler FirstPersonExampleMap] Warning [0005.74] Compile of FirstPersonExampleMap successful, but with 2 Warning(s) [in 0 ms]
[2016.01.16-15.49.52:771][  0]LogBlueprint:Warning: [compiler FirstPersonExampleMap] Warning [0005.74] Compile of FirstPersonExampleMap successful, but with 3 Warning(s) [in 0 ms]
[2016.01.16-15.49.52:773][  0]LogBlueprint:Warning: [compiler FirstPersonExampleMap] Warning Node  Unknown  is not referencing a valid level actor
[2016.01.16-15.49.52:774][  0]LogBlueprint:Warning: [compiler FirstPersonExampleMap] Warning [0005.74] Compile of FirstPersonExampleMap successful, but with 1 Warning(s) [in 1 ms]
[2016.01.16-15.49.52:774][  0]LogBlueprint:Warning: [compiler FirstPersonExampleMap] Warning [0005.74] Compile of FirstPersonExampleMap successful, but with 2 Warning(s) [in 0 ms]
[2016.01.16-15.49.52:774][  0]LogBlueprint:Warning: [compiler FirstPersonExampleMap] Warning [0005.74] Compile of FirstPersonExampleMap successful, but with 3 Warning(s) [in 0 ms]
[2016.01.16-15.49.52:775][  0]LogSkinnedMeshComp:Warning: GetSocketByName(): No SkeletalMesh for CharacterMesh1P
[2016.01.16-15.49.52:997][  0]LogAIModule: Creating AISystem for world FirstPersonExampleMap
[2016.01.16-15.49.53:011][  0]LogEditorServer: Finished looking for orphan Actors (0.000 secs)
[2016.01.16-15.49.53:011][  0]Cmd: MAP CHECKDEP NOCLEARLOG
[2016.01.16-15.49.53:095][  0]MapCheck: Info Map check complete: 0 Error(s), 0 Warning(s), took 83.743ms to complete.
[2016.01.16-15.49.53:095][  0]LogFileHelpers: Loading map 'FirstPersonExampleMap' took 0.625
[2016.01.16-15.49.53:203][  0]LogCollectionManager: Loaded 0 collections in 0.002254 seconds
[2016.01.16-15.49.53:244][  0]LogFileCache: Scanning file cache for directory 'C:/Users/Niclas/Documents/GitHub/ProjectDoor/AutomaticDoor/Saved/Collections/' took 0.01s
[2016.01.16-15.49.53:244][  0]LogFileCache: Scanning file cache for directory 'C:/Users/Niclas/Documents/GitHub/ProjectDoor/AutomaticDoor/Content/Developers/Niclas/Collections/' took 0.01s
[2016.01.16-15.49.53:244][  0]LogFileCache: Scanning file cache for directory 'C:/Users/Niclas/Documents/GitHub/ProjectDoor/AutomaticDoor/Content/Collections/' took 0.01s
[2016.01.16-15.49.53:244][  0]LogContentBrowser: Native class hierarchy populated in 0.0074 seconds. Added 1873 classes and 335 folders.
[2016.01.16-15.49.53:249][  0]LogCollectionManager: Rebuilt the GUID cache for 0 collections in 0.000002 seconds
[2016.01.16-15.49.53:256][  0]LogContentBrowser: Native class hierarchy updated for 'WidgetCarousel' in 0.0014 seconds. Added 0 classes and 0 folders.
[2016.01.16-15.49.53:301][  0]LogContentBrowser: Native class hierarchy updated for 'AddContentDialog' in 0.0015 seconds. Added 0 classes and 0 folders.
[2016.01.16-15.49.53:306][  0]LogContentBrowser: Native class hierarchy updated for 'SceneOutliner' in 0.0014 seconds. Added 1 classes and 2 folders.
[2016.01.16-15.49.53:325][  0]LogCrashTracker: Crashtracker disabled due to settings.
[2016.01.16-15.49.53:329][  0]LogUObjectGlobals:Warning: Failed to find object 'Class None.'
[2016.01.16-15.49.53:351][  0]LogLoad: Full Startup: 6.32 seconds (BP compile: 0.16 seconds)
[2016.01.16-15.49.53:420][  0]LogContentStreaming: Texture pool size now 1000 MB
[2016.01.16-15.49.53:523][  0]LogRenderer: Reallocating scene render targets to support 1208x576 (Frame:2).
[2016.01.16-15.49.53:919][  4]LogAssetRegistry: Asset discovery search completed in 2.4884 seconds
[2016.01.16-15.49.53:919][  4]LogCollectionManager: Rebuilt the object cache for 0 collections in 0.000001 seconds (found 0 objects)
[2016.01.16-15.49.53:919][  4]LogCollectionManager: Fixed up redirectors for 0 collections in 0.000021 seconds (updated 0 objects)
[2016.01.16-15.49.57:287][ 97]LogBlueprintUserMessages: Early PlayInEditor Detection: Level '/Game/FirstPersonCPP/Maps/FirstPersonExampleMap.FirstPersonExampleMap:PersistentLevel' has LevelScriptBlueprint '/Game/FirstPersonCPP/Maps/FirstPersonExampleMap.FirstPersonExampleMap:PersistentLevel.FirstPersonExampleMap' with GeneratedClass '/Game/FirstPersonCPP/Maps/FirstPersonExampleMap.FirstPersonExampleMap_C' with ClassGeneratedBy '/Game/FirstPersonCPP/Maps/FirstPersonExampleMap.FirstPersonExampleMap:PersistentLevel.FirstPersonExampleMap'
[2016.01.16-15.49.57:287][ 97]LogPlayLevel: PlayLevel: No blueprints needed recompiling
[2016.01.16-15.49.57:287][ 97]PIE: New page: PIE session: FirstPersonExampleMap (Jan 16, 2016, 5:49:57 PM)
[2016.01.16-15.49.57:287][ 97]LogPlayLevel: Creating play world package: /Game/FirstPersonCPP/Maps/UEDPIE_0_FirstPersonExampleMap
[2016.01.16-15.49.57:290][ 97]LogSkinnedMeshComp:Warning: GetSocketByName(): No SkeletalMesh for CharacterMesh1P
[2016.01.16-15.49.57:332][ 97]LogPlayLevel: PIE: StaticDuplicateObject took: (0.044387s)
[2016.01.16-15.49.57:332][ 97]LogAIModule: Creating AISystem for world FirstPersonExampleMap
[2016.01.16-15.49.57:332][ 97]LogPlayLevel: PIE: World Init took: (0.000788s)
[2016.01.16-15.49.57:333][ 97]LogPlayLevel: PIE: Created PIE world by copying editor world from /Game/FirstPersonCPP/Maps/FirstPersonExampleMap.FirstPersonExampleMap to /Game/FirstPersonCPP/Maps/UEDPIE_0_FirstPersonExampleMap.FirstPersonExampleMap (0.045404s)
[2016.01.16-15.49.57:333][ 97]LogActorComponent: UnregisterComponent: (/Engine/Transient.CharMoveComp) Not registered. Aborting.
[2016.01.16-15.49.57:333][ 97]LogActorComponent: UnregisterComponent: (/Engine/Transient.PawnSensing_GEN_VARIABLE) Not registered. Aborting.
[2016.01.16-15.49.57:333][ 97]LogActorComponent: UnregisterComponent: (/Engine/Transient.CharacterMovementComponent_0) Not registered. Aborting.
[2016.01.16-15.49.57:333][ 97]LogActorComponent: UnregisterComponent: (/Engine/Transient.PawnSensingComponent_0) Not registered. Aborting.
[2016.01.16-15.49.57:361][ 97]LogInit: XAudio2 using 'Högtalare (Logitech G35 Gaming Headset)' : 2 channels at 44.1 kHz using 16 bits per sample (channel mask 0x3)
[2016.01.16-15.49.57:375][ 97]LogInit: FAudioDevice initialized.
[2016.01.16-15.49.57:420][ 97]LogWorld: Game class is 'AutomaticDoorGameMode'
[2016.01.16-15.49.57:445][ 97]LogWorld:Warning: *** WARNING - PATHS MAY NOT BE VALID ***
[2016.01.16-15.49.57:445][ 97]LogWorld: Bringing World /Game/FirstPersonCPP/Maps/UEDPIE_0_FirstPersonExampleMap.FirstPersonExampleMap up for play (max tick rate 0) at 2016.01.16-16.49.57
[2016.01.16-15.49.57:445][ 97]LogActor:Warning: GameSession /Game/FirstPersonCPP/Maps/UEDPIE_0_FirstPersonExampleMap.FirstPersonExampleMap:PersistentLevel.GameSession_0 has natively added scene component(s), but none of them were set as the actor's RootComponent - picking one arbitrarily
[2016.01.16-15.49.57:446][ 97]LogActor:Warning: GameNetworkManager /Game/FirstPersonCPP/Maps/UEDPIE_0_FirstPersonExampleMap.FirstPersonExampleMap:PersistentLevel.GameNetworkManager_0 has natively added scene component(s), but none of them were set as the actor's RootComponent - picking one arbitrarily
[2016.01.16-15.49.57:449][ 97]LogWorld: Bringing up level for play took: 0.028519
[2016.01.16-15.49.57:453][ 97]PIE: Info Play in editor start time for /Game/FirstPersonCPP/Maps/UEDPIE_0_FirstPersonExampleMap -0.404
[2016.01.16-15.49.57:453][ 97]LogBlueprintUserMessages: Late PlayInEditor Detection: Level '/Game/FirstPersonCPP/Maps/FirstPersonExampleMap.FirstPersonExampleMap:PersistentLevel' has LevelScriptBlueprint '/Game/FirstPersonCPP/Maps/FirstPersonExampleMap.FirstPersonExampleMap:PersistentLevel.FirstPersonExampleMap' with GeneratedClass '/Game/FirstPersonCPP/Maps/FirstPersonExampleMap.FirstPersonExampleMap_C' with ClassGeneratedBy '/Game/FirstPersonCPP/Maps/FirstPersonExampleMap.FirstPersonExampleMap:PersistentLevel.FirstPersonExampleMap'
[2016.01.16-15.50.00:666][465]LogBlueprintUserMessages: Early EndPlayMap Detection: Level '/Game/FirstPersonCPP/Maps/FirstPersonExampleMap.FirstPersonExampleMap:PersistentLevel' has LevelScriptBlueprint '/Game/FirstPersonCPP/Maps/FirstPersonExampleMap.FirstPersonExampleMap:PersistentLevel.FirstPersonExampleMap' with GeneratedClass '/Game/FirstPersonCPP/Maps/FirstPersonExampleMap.FirstPersonExampleMap_C' with ClassGeneratedBy '/Game/FirstPersonCPP/Maps/FirstPersonExampleMap.FirstPersonExampleMap:PersistentLevel.FirstPersonExampleMap'
[2016.01.16-15.50.00:702][465]LogBlueprintUserMessages: Late EndPlayMap Detection: Level '/Game/FirstPersonCPP/Maps/FirstPersonExampleMap.FirstPersonExampleMap:PersistentLevel' has LevelScriptBlueprint '/Game/FirstPersonCPP/Maps/FirstPersonExampleMap.FirstPersonExampleMap:PersistentLevel.FirstPersonExampleMap' with GeneratedClass '/Game/FirstPersonCPP/Maps/FirstPersonExampleMap.FirstPersonExampleMap_C' with ClassGeneratedBy '/Game/FirstPersonCPP/Maps/FirstPersonExampleMap.FirstPersonExampleMap:PersistentLevel.FirstPersonExampleMap'
[2016.01.16-15.50.00:716][465]LogParticles: Destroying 0 GPU particle simulations for FXSystem 0x00000248FC36AE80
[2016.01.16-15.50.20:942][434]LogEditorViewport: Clicking on Actor (LMB): StaticMeshActor (Cube6)
[2016.01.16-15.50.27:975][ 80]LogEditorViewport: Clicking on Actor (LMB): StaticMeshActor (Floor)
[2016.01.16-15.50.29:497][222]Cmd: DELETE
[2016.01.16-15.50.29:497][222]Cmd: ACTOR DELETE
[2016.01.16-15.50.29:501][222]LogEditorActor: Deleted Actor: StaticMeshActor
[2016.01.16-15.50.29:518][222]LogEditorActor: Deleted 1 Actors (0.020 secs)
[2016.01.16-15.50.30:482][317]LogEditorViewport: Clicking on Actor (LMB): StaticMeshActor (Wall3)
[2016.01.16-15.50.30:697][335]Cmd: DELETE
[2016.01.16-15.50.30:697][335]Cmd: ACTOR DELETE
[2016.01.16-15.50.30:698][335]LogEditorActor: Deleted Actor: StaticMeshActor
[2016.01.16-15.50.30:718][335]LogEditorActor: Deleted 1 Actors (0.021 secs)
[2016.01.16-15.50.31:337][397]LogEditorViewport: Clicking on Actor (LMB): StaticMeshActor (BigWall10)
[2016.01.16-15.50.31:527][413]Cmd: DELETE
[2016.01.16-15.50.31:527][413]Cmd: ACTOR DELETE
[2016.01.16-15.50.31:528][413]LogEditorActor: Deleted Actor: StaticMeshActor
[2016.01.16-15.50.31:548][413]LogEditorActor: Deleted 1 Actors (0.021 secs)
[2016.01.16-15.50.32:126][471]LogEditorViewport: Clicking on Actor (LMB): forcefield_C (forcefield3)
[2016.01.16-15.50.32:485][501]Cmd: DELETE
[2016.01.16-15.50.32:485][501]Cmd: ACTOR DELETE
[2016.01.16-15.50.32:486][501]LogEditorActor: Deleted Actor: forcefield_C
[2016.01.16-15.50.32:497][501]LogEditorActor: Deleted 1 Actors (0.012 secs)
[2016.01.16-15.50.32:966][548]LogEditorViewport: Clicking on Actor (LMB): StaticMeshActor (Wall2)
[2016.01.16-15.50.33:146][562]Cmd: DELETE
[2016.01.16-15.50.33:146][562]Cmd: ACTOR DELETE
[2016.01.16-15.50.33:147][562]LogEditorActor: Deleted Actor: StaticMeshActor
[2016.01.16-15.50.33:167][562]LogEditorActor: Deleted 1 Actors (0.021 secs)
[2016.01.16-15.50.33:808][627]LogEditorViewport: Clicking on Actor (LMB): StaticMeshActor (BigWall9)
[2016.01.16-15.50.34:004][642]Cmd: DELETE
[2016.01.16-15.50.34:004][642]Cmd: ACTOR DELETE
[2016.01.16-15.50.34:005][642]LogEditorActor: Deleted Actor: StaticMeshActor
[2016.01.16-15.50.34:016][642]LogEditorActor: Deleted 1 Actors (0.012 secs)
[2016.01.16-15.50.34:635][705]LogEditorViewport: Clicking on Actor (LMB): Actor (Actor7)
[2016.01.16-15.50.34:809][720]Cmd: DELETE
[2016.01.16-15.50.34:809][720]Cmd: ACTOR DELETE
[2016.01.16-15.50.34:810][720]LogEditorActor: Deleted Actor: Actor
[2016.01.16-15.50.34:822][720]LogEditorActor: Deleted 1 Actors (0.013 secs)
[2016.01.16-15.50.35:416][780]LogEditorViewport: Clicking on Actor (LMB): PostProcessVolume (PostProcessVolume)
[2016.01.16-15.50.35:653][800]Cmd: DELETE
[2016.01.16-15.50.35:653][800]Cmd: ACTOR DELETE
[2016.01.16-15.50.35:653][800]LogEditorActor: Deleted Actor: PostProcessVolume
[2016.01.16-15.50.35:689][800]LogEditorActor: Deleted 1 Actors (0.036 secs)
[2016.01.16-15.50.36:583][873]LogEditorViewport: Clicking on Actor (LMB): StaticMeshActor (BigWall8)
[2016.01.16-15.50.36:931][901]Cmd: DELETE
[2016.01.16-15.50.36:931][901]Cmd: ACTOR DELETE
[2016.01.16-15.50.36:932][901]LogEditorActor: Deleted Actor: StaticMeshActor
[2016.01.16-15.50.36:944][901]LogEditorActor: Deleted 1 Actors (0.012 secs)
[2016.01.16-15.50.37:658][972]LogEditorViewport: Clicking on Actor (LMB): BP_Sky_Sphere_C (SkySphereBlueprint)
[2016.01.16-15.50.38:226][ 24]LogEditorViewport: Clicking on Actor (LMB): Actor (Actor8)
[2016.01.16-15.50.38:700][ 68]Cmd: DELETE
[2016.01.16-15.50.38:700][ 68]Cmd: ACTOR DELETE
[2016.01.16-15.50.38:701][ 68]LogEditorActor: Deleted Actor: Actor
[2016.01.16-15.50.38:712][ 68]LogEditorActor: Deleted 1 Actors (0.012 secs)
[2016.01.16-15.50.39:222][119]LogEditorViewport: Clicking on Actor (LMB): LightmassImportanceVolume (LightmassImportanceVolume)
[2016.01.16-15.50.40:656][257]LogEditorViewport: Clicking on Actor (LMB): StaticMeshActor (BigWall3)
[2016.01.16-15.50.41:734][358]Cmd: DELETE
[2016.01.16-15.50.41:734][358]Cmd: ACTOR DELETE
[2016.01.16-15.50.41:736][358]LogEditorActor: Deleted Actor: StaticMeshActor
[2016.01.16-15.50.41:756][358]LogEditorActor: Deleted 1 Actors (0.021 secs)
[2016.01.16-15.50.43:085][490]LogEditorViewport: Clicking on Actor (LMB): StaticMeshActor (BigWall)
[2016.01.16-15.50.43:381][517]Cmd: DELETE
[2016.01.16-15.50.43:381][517]Cmd: ACTOR DELETE
[2016.01.16-15.50.43:382][517]LogEditorActor: Deleted Actor: StaticMeshActor
[2016.01.16-15.50.43:402][517]LogEditorActor: Deleted 1 Actors (0.021 secs)
[2016.01.16-15.50.44:323][609]LogEditorViewport: Clicking on Actor (LMB): BP_Sky_Sphere_C (SkySphereBlueprint)
[2016.01.16-15.50.44:851][658]LogEditorViewport: Clicking on Actor (LMB): BP_Sky_Sphere_C (SkySphereBlueprint)
[2016.01.16-15.50.45:353][705]LogEditorViewport: Clicking on Actor (LMB): StaticMeshActor (BigWall2)
[2016.01.16-15.50.45:685][734]Cmd: DELETE
[2016.01.16-15.50.45:685][734]Cmd: ACTOR DELETE
[2016.01.16-15.50.45:686][734]LogEditorActor: Deleted Actor: StaticMeshActor
[2016.01.16-15.50.45:706][734]LogEditorActor: Deleted 1 Actors (0.021 secs)
[2016.01.16-15.50.46:373][801]LogEditorViewport: Clicking on Actor (LMB): StaticMeshActor (Wall1)
[2016.01.16-15.50.46:704][831]Cmd: DELETE
[2016.01.16-15.50.46:704][831]Cmd: ACTOR DELETE
[2016.01.16-15.50.46:705][831]LogEditorActor: Deleted Actor: StaticMeshActor
[2016.01.16-15.50.46:725][831]LogEditorActor: Deleted 1 Actors (0.021 secs)
[2016.01.16-15.50.47:432][903]LogEditorViewport: Clicking on Actor (LMB): StaticMeshActor (BigWall5)
[2016.01.16-15.50.47:725][930]Cmd: DELETE
[2016.01.16-15.50.47:725][930]Cmd: ACTOR DELETE
[2016.01.16-15.50.47:726][930]LogEditorActor: Deleted Actor: StaticMeshActor
[2016.01.16-15.50.47:746][930]LogEditorActor: Deleted 1 Actors (0.021 secs)
[2016.01.16-15.50.48:416][998]LogEditorViewport: Clicking on Actor (LMB): forcefield_C (forcefield2)
[2016.01.16-15.50.48:814][ 33]Cmd: DELETE
[2016.01.16-15.50.48:814][ 33]Cmd: ACTOR DELETE
[2016.01.16-15.50.48:815][ 33]LogEditorActor: Deleted Actor: forcefield_C
[2016.01.16-15.50.48:827][ 33]LogEditorActor: Deleted 1 Actors (0.013 secs)
[2016.01.16-15.50.49:319][ 83]LogEditorViewport: Clicking on Actor (LMB): forcefield_C (forcefield)
[2016.01.16-15.50.49:745][121]Cmd: DELETE
[2016.01.16-15.50.49:745][121]Cmd: ACTOR DELETE
[2016.01.16-15.50.49:746][121]LogEditorActor: Deleted Actor: forcefield_C
[2016.01.16-15.50.49:757][121]LogEditorActor: Deleted 1 Actors (0.012 secs)
[2016.01.16-15.50.50:305][177]LogEditorViewport: Clicking on Actor (LMB): DoorWallBP_C (DoorWallBP)
[2016.01.16-15.50.50:743][215]Cmd: DELETE
[2016.01.16-15.50.50:743][215]Cmd: ACTOR DELETE
[2016.01.16-15.50.53:929][215]LogEditorActor: Deleted Actor: DoorWallBP_C
[2016.01.16-15.50.53:941][215]LogEditorActor: Deleted 1 Actors (3.198 secs)
[2016.01.16-15.50.54:688][292]LogEditorViewport: Clicking on Actor (LMB): StaticMeshActor (EditorCube10)
[2016.01.16-15.50.54:978][317]Cmd: DELETE
[2016.01.16-15.50.54:978][317]Cmd: ACTOR DELETE
[2016.01.16-15.50.54:979][317]LogEditorActor: Deleted Actor: StaticMeshActor
[2016.01.16-15.50.54:991][317]LogEditorActor: Deleted 1 Actors (0.014 secs)
[2016.01.16-15.50.55:396][359]LogEditorViewport: Clicking on Actor (LMB): StaticMeshActor (Cube5)
[2016.01.16-15.50.55:601][374]Cmd: DELETE
[2016.01.16-15.50.55:601][374]Cmd: ACTOR DELETE
[2016.01.16-15.50.55:602][374]LogEditorActor: Deleted Actor: StaticMeshActor
[2016.01.16-15.50.55:613][374]LogEditorActor: Deleted 1 Actors (0.012 secs)
[2016.01.16-15.50.55:986][413]LogEditorViewport: Clicking on Actor (LMB): StaticMeshActor (EditorCube11)
[2016.01.16-15.50.56:202][431]Cmd: DELETE
[2016.01.16-15.50.56:202][431]Cmd: ACTOR DELETE
[2016.01.16-15.50.56:203][431]LogEditorActor: Deleted Actor: StaticMeshActor
[2016.01.16-15.50.56:215][431]LogEditorActor: Deleted 1 Actors (0.012 secs)
[2016.01.16-15.50.56:702][481]LogEditorViewport: Clicking on Actor (LMB): BP_Sky_Sphere_C (SkySphereBlueprint)
[2016.01.16-15.50.57:256][534]LogEditorViewport: Clicking on Actor (LMB): StaticMeshActor (EditorCube12)
[2016.01.16-15.50.57:460][551]Cmd: DELETE
[2016.01.16-15.50.57:460][551]Cmd: ACTOR DELETE
[2016.01.16-15.50.57:461][551]LogEditorActor: Deleted Actor: StaticMeshActor
[2016.01.16-15.50.57:473][551]LogEditorActor: Deleted 1 Actors (0.012 secs)
[2016.01.16-15.50.57:992][604]LogEditorViewport: Clicking on Actor (LMB): Actor (Actor6)
[2016.01.16-15.50.58:373][640]Cmd: DELETE
[2016.01.16-15.50.58:373][640]Cmd: ACTOR DELETE
[2016.01.16-15.50.58:374][640]LogEditorActor: Deleted Actor: Actor
[2016.01.16-15.50.58:386][640]LogEditorActor: Deleted 1 Actors (0.013 secs)
[2016.01.16-15.50.58:995][703]LogEditorViewport: Clicking on Actor (LMB): LightmassImportanceVolume (LightmassImportanceVolume)
[2016.01.16-15.50.59:219][722]Cmd: DELETE
[2016.01.16-15.50.59:219][722]Cmd: ACTOR DELETE
[2016.01.16-15.50.59:220][722]LogEditorActor: Deleted Actor: LightmassImportanceVolume
[2016.01.16-15.50.59:253][722]LogEditorActor: Deleted 1 Actors (0.034 secs)
[2016.01.16-15.50.59:840][772]LogEditorViewport: Clicking on Actor (LMB): StaticMeshActor (Cube)
[2016.01.16-15.51.03:409][128]Cmd: DELETE
[2016.01.16-15.51.03:410][128]Cmd: ACTOR DELETE
[2016.01.16-15.51.03:410][128]LogEditorActor: Deleted Actor: StaticMeshActor
[2016.01.16-15.51.03:430][128]LogEditorActor: Deleted 1 Actors (0.021 secs)
[2016.01.16-15.51.04:084][196]LogEditorViewport: Clicking on Actor (LMB): StaticMeshActor (Cube6)
[2016.01.16-15.51.04:266][211]Cmd: DELETE
[2016.01.16-15.51.04:266][211]Cmd: ACTOR DELETE
[2016.01.16-15.51.04:267][211]LogEditorActor: Deleted Actor: StaticMeshActor
[2016.01.16-15.51.04:279][211]LogEditorActor: Deleted 1 Actors (0.014 secs)
[2016.01.16-15.51.04:876][273]LogEditorViewport: Clicking on Actor (LMB): StaticMeshActor (Cube2)
[2016.01.16-15.51.05:166][298]Cmd: DELETE
[2016.01.16-15.51.05:166][298]Cmd: ACTOR DELETE
[2016.01.16-15.51.05:167][298]LogEditorActor: Deleted Actor: StaticMeshActor
[2016.01.16-15.51.05:178][298]LogEditorActor: Deleted 1 Actors (0.012 secs)
[2016.01.16-15.51.05:724][355]LogEditorViewport: Clicking on Actor (LMB): StaticMeshActor (Cube3)
[2016.01.16-15.51.05:987][379]Cmd: DELETE
[2016.01.16-15.51.05:987][379]Cmd: ACTOR DELETE
[2016.01.16-15.51.05:988][379]LogEditorActor: Deleted Actor: StaticMeshActor
[2016.01.16-15.51.06:007][379]LogEditorActor: Deleted 1 Actors (0.021 secs)
[2016.01.16-15.51.06:474][428]LogEditorViewport: Clicking on Actor (LMB): Actor (Actor)
[2016.01.16-15.51.06:961][475]Cmd: DELETE
[2016.01.16-15.51.06:961][475]Cmd: ACTOR DELETE
[2016.01.16-15.51.06:962][475]LogEditorActor: Deleted Actor: Actor
[2016.01.16-15.51.06:973][475]LogEditorActor: Deleted 1 Actors (0.012 secs)
[2016.01.16-15.51.07:452][525]LogEditorViewport: Clicking on Actor (LMB): StaticMeshActor (EditorCube15)
[2016.01.16-15.51.07:987][575]Cmd: DELETE
[2016.01.16-15.51.07:987][575]Cmd: ACTOR DELETE
[2016.01.16-15.51.07:987][575]LogEditorActor: Deleted Actor: StaticMeshActor
[2016.01.16-15.51.07:999][575]LogEditorActor: Deleted 1 Actors (0.012 secs)
[2016.01.16-15.51.08:381][615]LogEditorViewport: Clicking on Actor (LMB): BP_Sky_Sphere_C (SkySphereBlueprint)
[2016.01.16-15.51.09:443][720]LogEditorViewport: Clicking on Actor (LMB): Actor (Actor3)
[2016.01.16-15.51.09:929][766]Cmd: DELETE
[2016.01.16-15.51.09:929][766]Cmd: ACTOR DELETE
[2016.01.16-15.51.09:930][766]LogEditorActor: Deleted Actor: Actor
[2016.01.16-15.51.09:941][766]LogEditorActor: Deleted 1 Actors (0.012 secs)
[2016.01.16-15.51.10:694][845]LogEditorViewport: Clicking on Actor (LMB): Actor (Actor9)
[2016.01.16-15.51.11:193][894]Cmd: DELETE
[2016.01.16-15.51.11:193][894]Cmd: ACTOR DELETE
[2016.01.16-15.51.11:194][894]LogEditorActor: Deleted Actor: Actor
[2016.01.16-15.51.11:206][894]LogEditorActor: Deleted 1 Actors (0.013 secs)
[2016.01.16-15.51.11:989][976]LogEditorViewport: Clicking on Actor (LMB): Actor (Actor2)
[2016.01.16-15.51.12:485][ 25]Cmd: DELETE
[2016.01.16-15.51.12:485][ 25]Cmd: ACTOR DELETE
[2016.01.16-15.51.12:486][ 25]LogEditorActor: Deleted Actor: Actor
[2016.01.16-15.51.12:498][ 25]LogEditorActor: Deleted 1 Actors (0.012 secs)
[2016.01.16-15.51.21:205][889]LogEditorViewport: Clicking on Actor (LMB): StaticMeshActor (BigWall4)
[2016.01.16-15.51.22:101][962]Cmd: DELETE
[2016.01.16-15.51.22:101][962]Cmd: ACTOR DELETE
[2016.01.16-15.51.22:102][962]LogEditorActor: Deleted Actor: StaticMeshActor
[2016.01.16-15.51.22:113][962]LogEditorActor: Deleted 1 Actors (0.012 secs)
[2016.01.16-15.51.22:644][ 14]LogEditorViewport: Clicking on Actor (LMB): DoorWallBP_C (DoorWallBP2)
[2016.01.16-15.51.23:132][ 56]Cmd: DELETE
[2016.01.16-15.51.23:132][ 56]Cmd: ACTOR DELETE
[2016.01.16-15.51.25:374][ 56]LogEditorActor: Deleted Actor: DoorWallBP_C
[2016.01.16-15.51.25:386][ 56]LogEditorActor: Deleted 1 Actors (2.254 secs)
[2016.01.16-15.51.26:441][159]LogEditorViewport: Clicking on Actor (LMB): StaticMeshActor (BigWall6)
[2016.01.16-15.51.26:916][201]Cmd: DELETE
[2016.01.16-15.51.26:916][201]Cmd: ACTOR DELETE
[2016.01.16-15.51.26:917][201]LogEditorActor: Deleted Actor: StaticMeshActor
[2016.01.16-15.51.26:937][201]LogEditorActor: Deleted 1 Actors (0.022 secs)
[2016.01.16-15.51.27:477][254]LogEditorViewport: Clicking on Actor (LMB): StaticMeshActor (EditorCube17)
[2016.01.16-15.51.27:908][292]Cmd: DELETE
[2016.01.16-15.51.27:908][292]Cmd: ACTOR DELETE
[2016.01.16-15.51.27:909][292]LogEditorActor: Deleted Actor: StaticMeshActor
[2016.01.16-15.51.27:920][292]LogEditorActor: Deleted 1 Actors (0.012 secs)
[2016.01.16-15.51.28:245][324]LogEditorViewport: Clicking on Actor (LMB): StaticMeshActor (EditorCube25)
[2016.01.16-15.51.28:445][341]Cmd: DELETE
[2016.01.16-15.51.28:445][341]Cmd: ACTOR DELETE
[2016.01.16-15.51.28:446][341]LogEditorActor: Deleted Actor: StaticMeshActor
[2016.01.16-15.51.28:458][341]LogEditorActor: Deleted 1 Actors (0.013 secs)
[2016.01.16-15.51.28:885][383]LogEditorViewport: Clicking on Actor (LMB): StaticMeshActor (EditorCube24)
[2016.01.16-15.51.29:083][399]Cmd: DELETE
[2016.01.16-15.51.29:083][399]Cmd: ACTOR DELETE
[2016.01.16-15.51.29:084][399]LogEditorActor: Deleted Actor: StaticMeshActor
[2016.01.16-15.51.29:095][399]LogEditorActor: Deleted 1 Actors (0.012 secs)
[2016.01.16-15.51.29:525][442]LogEditorViewport: Clicking on Actor (LMB): StaticMeshActor (EditorCube23)
[2016.01.16-15.51.29:786][465]Cmd: DELETE
[2016.01.16-15.51.29:786][465]Cmd: ACTOR DELETE
[2016.01.16-15.51.29:787][465]LogEditorActor: Deleted Actor: StaticMeshActor
[2016.01.16-15.51.29:799][465]LogEditorActor: Deleted 1 Actors (0.012 secs)
[2016.01.16-15.51.30:225][507]LogEditorViewport: Clicking on Actor (LMB): StaticMeshActor (EditorCube22)
[2016.01.16-15.51.30:454][527]Cmd: DELETE
[2016.01.16-15.51.30:454][527]Cmd: ACTOR DELETE
[2016.01.16-15.51.30:455][527]LogEditorActor: Deleted Actor: StaticMeshActor
[2016.01.16-15.51.30:467][527]LogEditorActor: Deleted 1 Actors (0.012 secs)
[2016.01.16-15.51.30:912][571]LogEditorViewport: Clicking on Actor (LMB): StaticMeshActor (EditorCube21)
[2016.01.16-15.51.31:199][596]Cmd: DELETE
[2016.01.16-15.51.31:199][596]Cmd: ACTOR DELETE
[2016.01.16-15.51.31:200][596]LogEditorActor: Deleted Actor: StaticMeshActor
[2016.01.16-15.51.31:212][596]LogEditorActor: Deleted 1 Actors (0.013 secs)
[2016.01.16-15.51.31:564][631]LogEditorViewport: Clicking on Actor (LMB): StaticMeshActor (EditorCube20)
[2016.01.16-15.51.31:861][657]Cmd: DELETE
[2016.01.16-15.51.31:861][657]Cmd: ACTOR DELETE
[2016.01.16-15.51.31:862][657]LogEditorActor: Deleted Actor: StaticMeshActor
[2016.01.16-15.51.31:873][657]LogEditorActor: Deleted 1 Actors (0.012 secs)
[2016.01.16-15.51.32:236][693]LogEditorViewport: Clicking on Actor (LMB): StaticMeshActor (EditorCube19)
[2016.01.16-15.51.32:499][714]Cmd: DELETE
[2016.01.16-15.51.32:499][714]Cmd: ACTOR DELETE
[2016.01.16-15.51.32:500][714]LogEditorActor: Deleted Actor: StaticMeshActor
[2016.01.16-15.51.32:511][714]LogEditorActor: Deleted 1 Actors (0.012 secs)
[2016.01.16-15.51.32:980][761]LogEditorViewport: Clicking on Actor (LMB): StaticMeshActor (EditorCube16)
[2016.01.16-15.51.33:284][787]Cmd: DELETE
[2016.01.16-15.51.33:284][787]Cmd: ACTOR DELETE
[2016.01.16-15.51.33:285][787]LogEditorActor: Deleted Actor: StaticMeshActor
[2016.01.16-15.51.33:297][787]LogEditorActor: Deleted 1 Actors (0.012 secs)
[2016.01.16-15.51.33:713][829]LogEditorViewport: Clicking on Actor (LMB): StaticMeshActor (EditorCube18)
[2016.01.16-15.51.33:974][850]Cmd: DELETE
[2016.01.16-15.51.33:974][850]Cmd: ACTOR DELETE
[2016.01.16-15.51.33:975][850]LogEditorActor: Deleted Actor: StaticMeshActor
[2016.01.16-15.51.33:986][850]LogEditorActor: Deleted 1 Actors (0.013 secs)
[2016.01.16-15.51.34:453][897]LogEditorViewport: Clicking on Actor (LMB): StaticMeshActor (BigWall7)
[2016.01.16-15.51.34:778][925]Cmd: DELETE
[2016.01.16-15.51.34:778][925]Cmd: ACTOR DELETE
[2016.01.16-15.51.34:779][925]LogEditorActor: Deleted Actor: StaticMeshActor
[2016.01.16-15.51.34:795][925]LogEditorActor: Deleted 1 Actors (0.017 secs)
[2016.01.16-15.51.35:363][982]LogEditorViewport: Clicking on Actor (LMB): DoorWallBP_C (DoorWallBP6)
[2016.01.16-15.51.35:914][ 31]Cmd: DELETE
[2016.01.16-15.51.35:914][ 31]Cmd: ACTOR DELETE
[2016.01.16-15.51.37:236][ 31]LogEditorActor: Deleted Actor: DoorWallBP_C
[2016.01.16-15.51.37:248][ 31]LogEditorActor: Deleted 1 Actors (1.334 secs)
[2016.01.16-15.51.37:955][102]LogEditorViewport: Clicking on Actor (LMB): Actor (Actor5)
[2016.01.16-15.51.38:439][147]Cmd: DELETE
[2016.01.16-15.51.38:439][147]Cmd: ACTOR DELETE
[2016.01.16-15.51.38:440][147]LogEditorActor: Deleted Actor: Actor
[2016.01.16-15.51.38:451][147]LogEditorActor: Deleted 1 Actors (0.013 secs)
[2016.01.16-15.51.46:875][966]LogBlueprintUserMessages: Early PlayInEditor Detection: Level '/Game/FirstPersonCPP/Maps/FirstPersonExampleMap.FirstPersonExampleMap:PersistentLevel' has LevelScriptBlueprint '/Game/FirstPersonCPP/Maps/FirstPersonExampleMap.FirstPersonExampleMap:PersistentLevel.FirstPersonExampleMap' with GeneratedClass '/Game/FirstPersonCPP/Maps/FirstPersonExampleMap.FirstPersonExampleMap_C' with ClassGeneratedBy '/Game/FirstPersonCPP/Maps/FirstPersonExampleMap.FirstPersonExampleMap:PersistentLevel.FirstPersonExampleMap'
[2016.01.16-15.51.46:875][966]LogPlayLevel: PlayLevel: No blueprints needed recompiling
[2016.01.16-15.51.46:875][966]PIE: New page: PIE session: FirstPersonExampleMap (Jan 16, 2016, 5:51:46 PM)
[2016.01.16-15.51.46:875][966]LogPlayLevel: Creating play world package: /Game/FirstPersonCPP/Maps/UEDPIE_0_FirstPersonExampleMap
[2016.01.16-15.51.46:877][966]LogSkinnedMeshComp:Warning: GetSocketByName(): No SkeletalMesh for CharacterMesh1P
[2016.01.16-15.51.46:907][966]LogPlayLevel: PIE: StaticDuplicateObject took: (0.032177s)
[2016.01.16-15.51.46:908][966]LogAIModule: Creating AISystem for world FirstPersonExampleMap
[2016.01.16-15.51.46:908][966]LogPlayLevel: PIE: World Init took: (0.000734s)
[2016.01.16-15.51.46:908][966]LogPlayLevel: PIE: Created PIE world by copying editor world from /Game/FirstPersonCPP/Maps/FirstPersonExampleMap.FirstPersonExampleMap to /Game/FirstPersonCPP/Maps/UEDPIE_0_FirstPersonExampleMap.FirstPersonExampleMap (0.033141s)
[2016.01.16-15.51.46:929][966]LogInit: XAudio2 using 'Högtalare (Logitech G35 Gaming Headset)' : 2 channels at 44.1 kHz using 16 bits per sample (channel mask 0x3)
[2016.01.16-15.51.46:944][966]LogInit: FAudioDevice initialized.
[2016.01.16-15.51.46:978][966]LogWorld: Game class is 'AutomaticDoorGameMode'
[2016.01.16-15.51.46:995][966]LogWorld:Warning: *** WARNING - PATHS MAY NOT BE VALID ***
[2016.01.16-15.51.46:995][966]LogWorld: Bringing World /Game/FirstPersonCPP/Maps/UEDPIE_0_FirstPersonExampleMap.FirstPersonExampleMap up for play (max tick rate 0) at 2016.01.16-16.51.46
[2016.01.16-15.51.46:995][966]LogActor:Warning: GameSession /Game/FirstPersonCPP/Maps/UEDPIE_0_FirstPersonExampleMap.FirstPersonExampleMap:PersistentLevel.GameSession_1 has natively added scene component(s), but none of them were set as the actor's RootComponent - picking one arbitrarily
[2016.01.16-15.51.46:995][966]LogActor:Warning: GameNetworkManager /Game/FirstPersonCPP/Maps/UEDPIE_0_FirstPersonExampleMap.FirstPersonExampleMap:PersistentLevel.GameNetworkManager_1 has natively added scene component(s), but none of them were set as the actor's RootComponent - picking one arbitrarily
[2016.01.16-15.51.46:998][966]LogWorld: Bringing up level for play took: 0.019729
[2016.01.16-15.51.47:000][966]PIE: Info Play in editor start time for /Game/FirstPersonCPP/Maps/UEDPIE_0_FirstPersonExampleMap -0.857
[2016.01.16-15.51.47:000][966]LogBlueprintUserMessages: Late PlayInEditor Detection: Level '/Game/FirstPersonCPP/Maps/FirstPersonExampleMap.FirstPersonExampleMap:PersistentLevel' has LevelScriptBlueprint '/Game/FirstPersonCPP/Maps/FirstPersonExampleMap.FirstPersonExampleMap:PersistentLevel.FirstPersonExampleMap' with GeneratedClass '/Game/FirstPersonCPP/Maps/FirstPersonExampleMap.FirstPersonExampleMap_C' with ClassGeneratedBy '/Game/FirstPersonCPP/Maps/FirstPersonExampleMap.FirstPersonExampleMap:PersistentLevel.FirstPersonExampleMap'
[2016.01.16-15.52.30:841][ 26]LogBlueprintUserMessages: Early EndPlayMap Detection: Level '/Game/FirstPersonCPP/Maps/FirstPersonExampleMap.FirstPersonExampleMap:PersistentLevel' has LevelScriptBlueprint '/Game/FirstPersonCPP/Maps/FirstPersonExampleMap.FirstPersonExampleMap:PersistentLevel.FirstPersonExampleMap' with GeneratedClass '/Game/FirstPersonCPP/Maps/FirstPersonExampleMap.FirstPersonExampleMap_C' with ClassGeneratedBy '/Game/FirstPersonCPP/Maps/FirstPersonExampleMap.FirstPersonExampleMap:PersistentLevel.FirstPersonExampleMap'
[2016.01.16-15.52.30:873][ 26]LogBlueprintUserMessages: Late EndPlayMap Detection: Level '/Game/FirstPersonCPP/Maps/FirstPersonExampleMap.FirstPersonExampleMap:PersistentLevel' has LevelScriptBlueprint '/Game/FirstPersonCPP/Maps/FirstPersonExampleMap.FirstPersonExampleMap:PersistentLevel.FirstPersonExampleMap' with GeneratedClass '/Game/FirstPersonCPP/Maps/FirstPersonExampleMap.FirstPersonExampleMap_C' with ClassGeneratedBy '/Game/FirstPersonCPP/Maps/FirstPersonExampleMap.FirstPersonExampleMap:PersistentLevel.FirstPersonExampleMap'
[2016.01.16-15.52.30:900][ 27]LogParticles: Destroying 0 GPU particle simulations for FXSystem 0x0000024883FB5800
[2016.01.16-15.52.35:399][312]LogBlueprint:Warning: [compiler FirstPersonExampleMap] Warning Node  Unknown  is not referencing a valid level actor
[2016.01.16-15.52.35:400][312]LogBlueprint:Warning: [compiler FirstPersonExampleMap] Warning [0168.37] Compile of FirstPersonExampleMap successful, but with 1 Warning(s) [in 1,503 ms]
[2016.01.16-15.52.35:400][312]LogBlueprint:Warning: [compiler FirstPersonExampleMap] Warning [0168.37] Compile of FirstPersonExampleMap successful, but with 2 Warning(s) [in 0 ms]
[2016.01.16-15.52.35:400][312]LogBlueprint:Warning: [compiler FirstPersonExampleMap] Warning [0168.37] Compile of FirstPersonExampleMap successful, but with 3 Warning(s) [in 0 ms]
[2016.01.16-15.52.35:428][312]LogBlueprint:Warning: [compiler FirstPersonExampleMap] Warning [0168.40] Compile of FirstPersonExampleMap successful, but with 4 Warning(s) [in 27 ms]
[2016.01.16-15.52.35:428][312]LogBlueprint:Warning: [compiler FirstPersonExampleMap] Warning [0168.40] Compile of FirstPersonExampleMap successful, but with 5 Warning(s) [in 0 ms]
[2016.01.16-15.52.35:428][312]LogBlueprint:Warning: [compiler FirstPersonExampleMap] Warning [0168.40] Compile of FirstPersonExampleMap successful, but with 6 Warning(s) [in 0 ms]
[2016.01.16-15.52.37:714][312]LogSavePackage: Save=3819.176514ms
[2016.01.16-15.52.37:714][312]LogSavePackage: Moving '../../../../../../Users/Niclas/Documents/GitHub/ProjectDoor/AutomaticDoor/Saved/FirstPersonExampleMapE9A57CE94F750D41C6CCAF92D308D7CA.tmp' to '../../../../../../Users/Niclas/Documents/GitHub/ProjectDoor/AutomaticDoor/Content/FirstPersonCPP/Maps/FirstPersonExampleMap.umap'
[2016.01.16-15.52.37:720][312]LogSavePackage: Total save time: 4048.408434ms
[2016.01.16-15.52.37:720][312]LogSavePackage:Warning: Finished SavePackage ../../../../../../Users/Niclas/Documents/GitHub/ProjectDoor/AutomaticDoor/Content/FirstPersonCPP/Maps/FirstPersonExampleMap.umap
[2016.01.16-15.52.42:624][777]LogWindowsTextInputMethodSystem:Display: IME system now deactivated.
[2016.01.16-15.52.42:903][778]Cmd: QUIT_EDITOR
[2016.01.16-15.52.43:325][778]LogExit: Preparing to exit.
[2016.01.16-15.52.44:082][778]LogExit: Editor shut down
[2016.01.16-15.52.44:082][778]LogExit: Transaction tracking system shut down
[2016.01.16-15.52.44:084][778]LogParticles: Destroying 0 GPU particle simulations for FXSystem 0x00000248E2131940
[2016.01.16-15.52.44:085][778]LogParticles: Destroying 0 GPU particle simulations for FXSystem 0x00000248FC65B880
[2016.01.16-15.52.44:085][778]LogParticles: Destroying 0 GPU particle simulations for FXSystem 0x00000248FC821F80
[2016.01.16-15.52.44:085][778]LogParticles: Destroying 0 GPU particle simulations for FXSystem 0x00000248FC36A2A0
[2016.01.16-15.52.44:296][778]LogParticles: Destroying 0 GPU particle simulations for FXSystem 0x00000248E4CB3E20
[2016.01.16-15.52.44:296][778]LogExit: Object subsystem successfully closed.
[2016.01.16-15.52.44:311][778]LogD3D11RHI: Shutdown
[2016.01.16-15.52.44:311][778]LogD3D11RHI: CleanupD3DDevice
[2016.01.16-15.52.44:312][778]LogD3D11RHI: ~FD3D11DynamicRHI
[2016.01.16-15.52.44:332][778]LogModuleManager: Shutting down and abandoning module CrashTracker (198)
[2016.01.16-15.52.44:332][778]LogModuleManager: Shutting down and abandoning module SceneOutliner (197)
[2016.01.16-15.52.44:332][778]LogModuleManager: Shutting down and abandoning module SuperSearch (196)
[2016.01.16-15.52.44:332][778]LogModuleManager: Shutting down and abandoning module WidgetCarousel (195)
[2016.01.16-15.52.44:332][778]LogModuleManager: Shutting down and abandoning module AddContentDialog (194)
[2016.01.16-15.52.44:335][778]LogModuleManager: Shutting down and abandoning module EditorWidgets (193)
[2016.01.16-15.52.44:335][778]LogModuleManager: Shutting down and abandoning module CollectionManager (192)
[2016.01.16-15.52.44:335][778]LogModuleManager: Shutting down and abandoning module StatsViewer (191)
[2016.01.16-15.52.44:335][778]LogModuleManager: Shutting down and abandoning module FoliageEdit (190)
[2016.01.16-15.52.44:335][778]LogModuleManager: Shutting down and abandoning module LandscapeEditor (189)
[2016.01.16-15.52.44:335][778]LogModuleManager: Shutting down and abandoning module ActorPickerMode (188)
[2016.01.16-15.52.44:335][778]LogModuleManager: Shutting down and abandoning module GeometryMode (187)
[2016.01.16-15.52.44:335][778]LogModuleManager: Shutting down and abandoning module TextureAlignMode (186)
[2016.01.16-15.52.44:335][778]LogModuleManager: Shutting down and abandoning module BspMode (185)
[2016.01.16-15.52.44:335][778]LogModuleManager: Shutting down and abandoning module PlacementMode (184)
[2016.01.16-15.52.44:335][778]LogModuleManager: Shutting down and abandoning module AutomationWorker (183)
[2016.01.16-15.52.44:335][778]LogModuleManager: Shutting down and abandoning module CharacterAI (182)
[2016.01.16-15.52.44:335][778]LogModuleManager: Shutting down and abandoning module SmartSnapping (181)
[2016.01.16-15.52.44:335][778]LogModuleManager: Shutting down and abandoning module ViewportSnapping (180)
[2016.01.16-15.52.44:335][778]LogModuleManager: Shutting down and abandoning module LogVisualizer (179)
[2016.01.16-15.52.44:335][778]LogModuleManager: Shutting down and abandoning module GameProjectGeneration (178)
[2016.01.16-15.52.44:336][778]LogModuleManager: Shutting down and abandoning module IntroTutorials (177)
[2016.01.16-15.52.44:336][778]LogModuleManager: Shutting down and abandoning module EditorLiveStreaming (176)
[2016.01.16-15.52.44:336][778]LogModuleManager: Shutting down and abandoning module IOSPlatformEditor (175)
[2016.01.16-15.52.44:336][778]LogModuleManager: Shutting down and abandoning module HTML5PlatformEditor (174)
[2016.01.16-15.52.44:336][778]LogModuleManager: Shutting down and abandoning module AndroidDeviceDetection (173)
[2016.01.16-15.52.44:343][778]LogModuleManager: Shutting down and abandoning module AndroidPlatformEditor (172)
[2016.01.16-15.52.44:343][778]LogModuleManager: Shutting down and abandoning module IOSRuntimeSettings (171)
[2016.01.16-15.52.44:343][778]LogModuleManager: Shutting down and abandoning module AndroidRuntimeSettings (170)
[2016.01.16-15.52.44:343][778]LogModuleManager: Shutting down and abandoning module MergeActors (169)
[2016.01.16-15.52.44:343][778]LogModuleManager: Shutting down and abandoning module SizeMap (168)
[2016.01.16-15.52.44:343][778]LogModuleManager: Shutting down and abandoning module TreeMap (167)
[2016.01.16-15.52.44:343][778]LogModuleManager: Shutting down and abandoning module ReferenceViewer (166)
[2016.01.16-15.52.44:343][778]LogModuleManager: Shutting down and abandoning module LocalizationService (165)
[2016.01.16-15.52.44:343][778]LogModuleManager: Shutting down and abandoning module LocalizationDashboard (164)
[2016.01.16-15.52.44:343][778]LogModuleManager: Shutting down and abandoning module HardwareTargeting (163)
[2016.01.16-15.52.44:343][778]LogModuleManager: Shutting down and abandoning module DeviceProfileEditor (162)
[2016.01.16-15.52.44:343][778]LogModuleManager: Shutting down and abandoning module UndoHistory (161)
[2016.01.16-15.52.44:343][778]LogModuleManager: Shutting down and abandoning module GameplayTagsEditor (160)
[2016.01.16-15.52.44:343][778]LogModuleManager: Shutting down and abandoning module UserFeedback (159)
[2016.01.16-15.52.44:343][778]LogModuleManager: Shutting down and abandoning module XmlParser (158)
[2016.01.16-15.52.44:343][778]LogModuleManager: Shutting down and abandoning module Blutility (157)
[2016.01.16-15.52.44:343][778]LogModuleManager: Shutting down and abandoning module ProjectTargetPlatformEditor (156)
[2016.01.16-15.52.44:343][778]LogModuleManager: Shutting down and abandoning module ProjectSettingsViewer (155)
[2016.01.16-15.52.44:343][778]LogModuleManager: Shutting down and abandoning module InputBindingEditor (154)
[2016.01.16-15.52.44:343][778]LogModuleManager: Shutting down and abandoning module EditorSettingsViewer (153)
[2016.01.16-15.52.44:343][778]LogModuleManager: Shutting down and abandoning module SettingsEditor (152)
[2016.01.16-15.52.44:343][778]LogModuleManager: Shutting down and abandoning module ProjectLauncher (151)
[2016.01.16-15.52.44:343][778]LogModuleManager: Shutting down and abandoning module SessionFrontend (150)
[2016.01.16-15.52.44:343][778]LogModuleManager: Shutting down and abandoning module ProfilerClient (149)
[2016.01.16-15.52.44:343][778]LogModuleManager: Shutting down and abandoning module TargetDeviceServices (148)
[2016.01.16-15.52.44:343][778]LogModuleManager: Shutting down and abandoning module DeviceManager (147)
[2016.01.16-15.52.44:343][778]LogModuleManager: Shutting down and abandoning module AutomationController (146)
[2016.01.16-15.52.44:343][778]LogModuleManager: Shutting down and abandoning module AutomationWindow (145)
[2016.01.16-15.52.44:343][778]LogModuleManager: Shutting down and abandoning module Layers (144)
[2016.01.16-15.52.44:343][778]LogModuleManager: Shutting down and abandoning module ComponentVisualizers (143)
[2016.01.16-15.52.44:343][778]LogModuleManager: Shutting down and abandoning module DetailCustomizations (142)
[2016.01.16-15.52.44:343][778]LogModuleManager: Shutting down and abandoning module PackagesDialog (141)
[2016.01.16-15.52.44:344][778]LogModuleManager: Shutting down and abandoning module Persona (140)
[2016.01.16-15.52.44:344][778]LogModuleManager: Shutting down and abandoning module Kismet (139)
[2016.01.16-15.52.44:344][778]LogModuleManager: Shutting down and abandoning module GraphEditor (138)
[2016.01.16-15.52.44:344][778]LogModuleManager: Shutting down and abandoning module ClassViewer (137)
[2016.01.16-15.52.44:344][778]LogModuleManager: Shutting down and abandoning module Toolbox (136)
[2016.01.16-15.52.44:344][778]LogModuleManager: Shutting down and abandoning module ModuleUI (135)
[2016.01.16-15.52.44:344][778]LogModuleManager: Shutting down and abandoning module MovieSceneTools (134)
[2016.01.16-15.52.44:344][778]LogModuleManager: Shutting down and abandoning module OutputLog (133)
[2016.01.16-15.52.44:344][778]LogModuleManager: Shutting down and abandoning module GammaUI (132)
[2016.01.16-15.52.44:344][778]LogModuleManager: Shutting down and abandoning module Documentation (131)
[2016.01.16-15.52.44:344][778]LogModuleManager: Shutting down and abandoning module GameLiveStreaming (130)
[2016.01.16-15.52.44:344][778]LogModuleManager: Shutting down and abandoning module StreamingPauseRendering (129)
[2016.01.16-15.52.44:344][778]LogModuleManager: Shutting down and abandoning module AnalyticsET (128)
[2016.01.16-15.52.44:344][778]LogModuleManager: Shutting down and abandoning module Analytics (127)
[2016.01.16-15.52.44:344][778]LogModuleManager: Shutting down and abandoning module AITestSuite (126)
[2016.01.16-15.52.44:344][778]LogModuleManager: Shutting down and abandoning module GameplayDebugger (125)
[2016.01.16-15.52.44:344][778]LogModuleManager: Shutting down and abandoning module AIModule (124)
[2016.01.16-15.52.44:344][778]LogModuleManager: Shutting down and abandoning module ProfilerService (123)
[2016.01.16-15.52.44:591][778]LogModuleManager: Shutting down and abandoning module TaskGraph (122)
[2016.01.16-15.52.44:591][778]LogModuleManager: Shutting down and abandoning module SlateRemote (121)
[2016.01.16-15.52.44:591][778]LogModuleManager: Shutting down and abandoning module SteamVRController (120)
[2016.01.16-15.52.44:591][778]LogModuleManager: Shutting down and abandoning module SteamVR (119)
[2016.01.16-15.52.44:591][778]LogModuleManager: Shutting down and abandoning module ProceduralMeshComponent (118)
[2016.01.16-15.52.44:591][778]LogModuleManager: Shutting down and abandoning module OculusRift (117)
[2016.01.16-15.52.44:591][778]LogModuleManager: Shutting down and abandoning module OculusLibrary (116)
[2016.01.16-15.52.44:591][778]LogModuleManager: Shutting down and abandoning module LeapMotionController (115)
[2016.01.16-15.52.44:599][778]LogModuleManager: Shutting down and abandoning module CustomMeshComponent (114)
[2016.01.16-15.52.44:599][778]LogModuleManager: Shutting down and abandoning module CableComponent (113)
[2016.01.16-15.52.44:600][778]LogModuleManager: Shutting down and abandoning module ArchVisCharacter (112)
[2016.01.16-15.52.44:600][778]LogModuleManager: Shutting down and abandoning module MessagingDebugger (111)
[2016.01.16-15.52.44:600][778]LogModuleManager: Shutting down and abandoning module MediaPlayerEditor (110)
[2016.01.16-15.52.44:600][778]LogModuleManager: Shutting down and abandoning module HTML5Networking (109)
[2016.01.16-15.52.44:600][778]LogModuleManager: Shutting down and abandoning module SpeedTreeImporter (108)
[2016.01.16-15.52.44:600][778]LogModuleManager: Shutting down and abandoning module PluginBrowser (107)
[2016.01.16-15.52.44:600][778]LogModuleManager: Shutting down and abandoning module EpicSurvey (106)
[2016.01.16-15.52.44:600][778]LogModuleManager: Shutting down and abandoning module DesktopPlatform (105)
[2016.01.16-15.52.44:600][778]LogModuleManager: Shutting down and abandoning module VisualStudioSourceCodeAccess (104)
[2016.01.16-15.52.44:600][778]LogModuleManager: Shutting down and abandoning module UObjectPlugin (103)
[2016.01.16-15.52.44:600][778]LogModuleManager: Shutting down and abandoning module SubversionSourceControl (102)
[2016.01.16-15.52.44:600][778]LogModuleManager: Shutting down and abandoning module PerforceSourceControl (101)
[2016.01.16-15.52.44:600][778]LogModuleManager: Shutting down and abandoning module SourceControl (100)
[2016.01.16-15.52.44:600][778]LogModuleManager: Shutting down and abandoning module GitSourceControl (99)
[2016.01.16-15.52.44:600][778]LogModuleManager: Shutting down and abandoning module LightPropagationVolumeEditor (98)
[2016.01.16-15.52.44:600][778]LogModuleManager: Shutting down and abandoning module PaperTiledImporter (97)
[2016.01.16-15.52.44:600][778]LogModuleManager: Shutting down and abandoning module PaperSpriteSheetImporter (96)
[2016.01.16-15.52.44:600][778]LogModuleManager: Shutting down and abandoning module MeshPaint (95)
[2016.01.16-15.52.44:600][778]LogModuleManager: Shutting down and abandoning module SlateReflector (94)
[2016.01.16-15.52.44:600][778]LogModuleManager: Shutting down and abandoning module HotReload (93)
[2016.01.16-15.52.44:600][778]LogModuleManager: Shutting down and abandoning module MainFrame (92)
[2016.01.16-15.52.44:600][778]LogModuleManager: Shutting down and abandoning module LevelEditor (91)
[2016.01.16-15.52.44:601][778]LogModuleManager: Shutting down and abandoning module DirectoryWatcher (90)
[2016.01.16-15.52.44:602][778]LogModuleManager: Shutting down and abandoning module AssetRegistry (89)
[2016.01.16-15.52.44:704][778]LogModuleManager: Shutting down and abandoning module ContentBrowser (88)
[2016.01.16-15.52.44:705][778]LogModuleManager: Shutting down and abandoning module Paper2DEditor (87)
[2016.01.16-15.52.44:705][778]LogModuleManager: Shutting down and abandoning module AutomaticDoor (86)
[2016.01.16-15.52.44:705][778]LogModuleManager: Shutting down and abandoning module UdpMessaging (85)
[2016.01.16-15.52.44:807][778]LogModuleManager: Shutting down and abandoning module LightPropagationVolumeRuntime (84)
[2016.01.16-15.52.44:807][778]LogModuleManager: Shutting down and abandoning module Paper2D (83)
[2016.01.16-15.52.44:807][778]LogModuleManager: Shutting down and abandoning module WindowsMoviePlayer (82)
[2016.01.16-15.52.44:810][778]LogModuleManager: Shutting down and abandoning module Media (81)
[2016.01.16-15.52.44:810][778]LogModuleManager: Shutting down and abandoning module WmfMedia (80)
[2016.01.16-15.52.44:810][778]LogModuleManager: Shutting down and abandoning module OnlineBlueprintSupport (79)
[2016.01.16-15.52.44:810][778]LogModuleManager: Shutting down and abandoning module GameplayTasksEditor (78)
[2016.01.16-15.52.44:810][778]LogModuleManager: Shutting down and abandoning module PropertyEditor (77)
[2016.01.16-15.52.44:810][778]LogModuleManager: Shutting down and abandoning module BehaviorTreeEditor (76)
[2016.01.16-15.52.44:810][778]LogModuleManager: Shutting down and abandoning module FunctionalTesting (75)
[2016.01.16-15.52.44:810][778]LogModuleManager: Shutting down and abandoning module CollisionAnalyzer (74)
[2016.01.16-15.52.44:810][778]LogModuleManager: Shutting down and abandoning module WorkspaceMenuStructure (73)
[2016.01.16-15.52.44:810][778]LogModuleManager: Shutting down and abandoning module MessageLog (72)
[2016.01.16-15.52.44:810][778]LogModuleManager: Shutting down and abandoning module Sequencer (71)
[2016.01.16-15.52.44:810][778]LogModuleManager: Shutting down and abandoning module AssetTools (70)
[2016.01.16-15.52.44:810][778]LogModuleManager: Shutting down and abandoning module UMGEditor (69)
[2016.01.16-15.52.44:810][778]LogModuleManager: Shutting down and abandoning module UMG (68)
[2016.01.16-15.52.44:810][778]LogModuleManager: Shutting down and abandoning module Slate (67)
[2016.01.16-15.52.44:810][778]LogModuleManager: Shutting down and abandoning module EditorStyle (66)
[2016.01.16-15.52.44:813][778]LogModuleManager: Shutting down and abandoning module SessionServices (65)
[2016.01.16-15.52.44:813][778]LogModuleManager: Shutting down and abandoning module SourceCodeAccess (64)
[2016.01.16-15.52.44:813][778]LogModuleManager: Shutting down and abandoning module HeadMountedDisplay (63)
[2016.01.16-15.52.44:813][778]LogModuleManager: Shutting down and abandoning module XAudio2 (62)
[2016.01.16-15.52.44:813][778]LogModuleManager: Shutting down and abandoning module Networking (60)
[2016.01.16-15.52.44:813][778]LogModuleManager: Shutting down and abandoning module Core (59)
[2016.01.16-15.52.44:813][778]LogModuleManager: Shutting down and abandoning module KismetCompiler (58)
[2016.01.16-15.52.44:813][778]LogModuleManager: Shutting down and abandoning module PhysXFormats (57)
[2016.01.16-15.52.44:813][778]LogModuleManager: Shutting down and abandoning module MeshUtilities (56)
[2016.01.16-15.52.44:813][778]LogModuleManager: Shutting down and abandoning module CookingStats (55)
[2016.01.16-15.52.44:815][778]LogModuleManager: Shutting down and abandoning module DerivedDataCache (54)
[2016.01.16-15.52.44:894][778]LogDerivedDataCache: Shutdown
[2016.01.16-15.52.44:894][778]LogModuleManager: Shutting down and abandoning module ShaderFormatOpenGL (53)
[2016.01.16-15.52.44:894][778]LogModuleManager: Shutting down and abandoning module ShaderFormatD3D (52)
[2016.01.16-15.52.44:894][778]LogModuleManager: Shutting down and abandoning module MetalShaderFormat (51)
[2016.01.16-15.52.44:894][778]LogModuleManager: Shutting down and abandoning module TextureFormatUncompressed (50)
[2016.01.16-15.52.44:894][778]LogModuleManager: Shutting down and abandoning module TextureFormatPVR (49)
[2016.01.16-15.52.44:894][778]LogModuleManager: Shutting down and abandoning module TextureFormatIntelISPCTexComp (48)
[2016.01.16-15.52.44:894][778]LogModuleManager: Shutting down and abandoning module TextureFormatDXT (47)
[2016.01.16-15.52.44:894][778]LogModuleManager: Shutting down and abandoning module ImageWrapper (46)
[2016.01.16-15.52.44:894][778]LogModuleManager: Shutting down and abandoning module TextureFormatASTC (45)
[2016.01.16-15.52.44:894][778]LogModuleManager: Shutting down and abandoning module TextureFormatAndroid (44)
[2016.01.16-15.52.44:894][778]LogModuleManager: Shutting down and abandoning module AudioFormatOpus (43)
[2016.01.16-15.52.44:894][778]LogModuleManager: Shutting down and abandoning module AudioFormatOgg (42)
[2016.01.16-15.52.44:894][778]LogModuleManager: Shutting down and abandoning module AudioFormatADPCM (41)
[2016.01.16-15.52.44:894][778]LogModuleManager: Shutting down and abandoning module LinuxTargetPlatform (40)
[2016.01.16-15.52.44:894][778]LogModuleManager: Shutting down and abandoning module LinuxServerTargetPlatform (39)
[2016.01.16-15.52.44:894][778]LogModuleManager: Shutting down and abandoning module LinuxNoEditorTargetPlatform (38)
[2016.01.16-15.52.44:894][778]LogModuleManager: Shutting down and abandoning module Messaging (37)
[2016.01.16-15.52.44:894][778]LogModuleManager: Shutting down and abandoning module IOSTargetPlatform (36)
[2016.01.16-15.52.44:894][778]LogModuleManager: Shutting down and abandoning module HTML5TargetPlatform (35)
[2016.01.16-15.52.44:894][778]LogModuleManager: Shutting down and abandoning module Android_PVRTCTargetPlatform (34)
[2016.01.16-15.52.44:894][778]LogModuleManager: Shutting down and abandoning module Android_ETC2TargetPlatform (33)
[2016.01.16-15.52.44:894][778]LogModuleManager: Shutting down and abandoning module Android_ETC1TargetPlatform (32)
[2016.01.16-15.52.44:894][778]LogModuleManager: Shutting down and abandoning module Android_DXTTargetPlatform (31)
[2016.01.16-15.52.44:894][778]LogModuleManager: Shutting down and abandoning module Android_ATCTargetPlatform (30)
[2016.01.16-15.52.44:894][778]LogModuleManager: Shutting down and abandoning module Android_ASTCTargetPlatform (29)
[2016.01.16-15.52.44:894][778]LogModuleManager: Shutting down and abandoning module AndroidTargetPlatform (28)
[2016.01.16-15.52.44:894][778]LogModuleManager: Shutting down and abandoning module WindowsTargetPlatform (27)
[2016.01.16-15.52.44:894][778]LogModuleManager: Shutting down and abandoning module WindowsServerTargetPlatform (26)
[2016.01.16-15.52.44:894][778]LogModuleManager: Shutting down and abandoning module WindowsNoEditorTargetPlatform (25)
[2016.01.16-15.52.44:894][778]LogModuleManager: Shutting down and abandoning module WindowsClientTargetPlatform (24)
[2016.01.16-15.52.44:894][778]LogModuleManager: Shutting down and abandoning module AllDesktopTargetPlatform (23)
[2016.01.16-15.52.44:894][778]LogModuleManager: Shutting down and abandoning module TargetPlatform (22)
[2016.01.16-15.52.44:894][778]LogModuleManager: Shutting down and abandoning module InputCore (21)
[2016.01.16-15.52.44:894][778]LogModuleManager: Shutting down and abandoning module Settings (20)
[2016.01.16-15.52.44:894][778]LogModuleManager: Shutting down and abandoning module OnlineSubsystem (18)
[2016.01.16-15.52.44:894][778]LogModuleManager: Shutting down and abandoning module HTTP (17)
[2016.01.16-15.52.46:898][778]LogModuleManager: Shutting down and abandoning module XMPP (16)
[2016.01.16-15.52.46:898][778]LogModuleManager: Shutting down and abandoning module ExampleDeviceProfileSelector (15)
[2016.01.16-15.52.46:898][778]LogModuleManager: Shutting down and abandoning module TextureCompressor (14)
[2016.01.16-15.52.46:898][778]LogModuleManager: Shutting down and abandoning module ShaderCore (13)
[2016.01.16-15.52.46:898][778]LogModuleManager: Shutting down and abandoning module Landscape (12)
[2016.01.16-15.52.46:898][778]LogModuleManager: Shutting down and abandoning module SlateRHIRenderer (11)
[2016.01.16-15.52.46:898][778]LogModuleManager: Shutting down and abandoning module OpenGLDrv (10)
[2016.01.16-15.52.46:898][778]LogModuleManager: Shutting down and abandoning module D3D11RHI (9)
[2016.01.16-15.52.46:898][778]LogModuleManager: Shutting down and abandoning module AnimGraphRuntime (8)
[2016.01.16-15.52.46:898][778]LogModuleManager: Shutting down and abandoning module Renderer (7)
[2016.01.16-15.52.46:898][778]LogModuleManager: Shutting down and abandoning module Engine (6)
[2016.01.16-15.52.46:898][778]LogModuleManager: Shutting down and abandoning module CoreUObject (5)
[2016.01.16-15.52.46:898][778]LogModuleManager: Shutting down and abandoning module NetworkFile (4)
[2016.01.16-15.52.46:898][778]LogModuleManager: Shutting down and abandoning module StreamingFile (3)
[2016.01.16-15.52.46:898][778]LogModuleManager: Shutting down and abandoning module SandboxFile (2)
[2016.01.16-15.52.46:898][778]LogModuleManager: Shutting down and abandoning module PakFile (1)
[2016.01.16-15.52.46:899][778]LogExit: Exiting.
[2016.01.16-15.52.46:900][778]Log file closed, 01/16/16 16:52:46
