[2016.01.15-17.54.01:209][  0]Log file open, 01/15/16 18:54:01
[2016.01.15-17.54.01:209][  0]LogInit:Display: Running engine for game: AutomaticDoor
[2016.01.15-17.54.01:209][  0]LogInit:Display: RandInit(-2018733705) SRandInit(-2018733704).
[2016.01.15-17.54.01:209][  0]LogTaskGraph: Started task graph with 4 named threads and 7 total threads.
[2016.01.15-17.54.01:209][  0]LogStats: Stats thread started at 0.078374
[2016.01.15-17.54.01:209][  0]LogInit: Version: 4.9.2-2707645+++depot+UE4-Releases+4.9
[2016.01.15-17.54.01:209][  0]LogInit: API Version: 2672455
[2016.01.15-17.54.01:209][  0]LogInit: Compiled (64-bit): Sep 28 2015 10:25:44
[2016.01.15-17.54.01:209][  0]LogInit: Compiled with Visual C++: 18.00.21005.01
[2016.01.15-17.54.01:209][  0]LogInit: Build Configuration: Development
[2016.01.15-17.54.01:209][  0]LogInit: Branch Name: ++depot+UE4-Releases+4.9
[2016.01.15-17.54.01:209][  0]LogInit: Command line:  
[2016.01.15-17.54.01:209][  0]LogInit: Base directory: C:/Program Files/Epic Games/4.9/Engine/Binaries/Win64/
[2016.01.15-17.54.01:209][  0]LogInit: Rocket: 1
[2016.01.15-17.54.01:217][  0]LogInit: Using libcurl 7.41.0
[2016.01.15-17.54.01:217][  0]LogInit:  - built for x86_64-pc-win32
[2016.01.15-17.54.01:217][  0]LogInit:  - supports SSL with WinSSL
[2016.01.15-17.54.01:217][  0]LogInit:  - other features:
[2016.01.15-17.54.01:217][  0]LogInit:      CURL_VERSION_SSL
[2016.01.15-17.54.01:217][  0]LogInit:      CURL_VERSION_IPV6
[2016.01.15-17.54.01:217][  0]LogInit:      CURL_VERSION_ASYNCHDNS
[2016.01.15-17.54.01:217][  0]LogInit:      CURL_VERSION_LARGEFILE
[2016.01.15-17.54.01:217][  0]LogInit:      CURL_VERSION_IDN
[2016.01.15-17.54.01:217][  0]LogInit:  CurlRequestOptions (configurable via config and command line):
[2016.01.15-17.54.01:217][  0]LogInit:  - bVerifyPeer = true  - Libcurl will verify peer certificate
[2016.01.15-17.54.01:217][  0]LogInit:  - bUseHttpProxy = false  - Libcurl will NOT use HTTP proxy
[2016.01.15-17.54.01:217][  0]LogInit:  - bDontReuseConnections = false  - Libcurl will reuse connections
[2016.01.15-17.54.01:217][  0]LogInit:  - CertBundlePath = nullptr  - Libcurl will use whatever was configured at build time.
[2016.01.15-17.54.01:224][  0]LogInit: Presizing for 0 objects not considered by GC, pre-allocating 0 bytes.
[2016.01.15-17.54.01:230][  0]LogInit: Object subsystem initialized
[2016.01.15-17.54.01:232][  0]LogInit: Selected Device Profile: [Windows]
[2016.01.15-17.54.01:232][  0]LogInit: Applying CVar settings loaded from the selected device profile: [Windows]
[2016.01.15-17.54.01:238][  0]LogInit: Computer: FIDUS
[2016.01.15-17.54.01:238][  0]LogInit: User: Niclas
[2016.01.15-17.54.01:238][  0]LogInit: CPU Page size=4096, Cores=4
[2016.01.15-17.54.01:238][  0]LogInit: High frequency timer resolution =3.386479 MHz
[2016.01.15-17.54.01:238][  0]LogMemory: Memory total: Physical=15.9GB (16GB approx)
[2016.01.15-17.54.01:238][  0]LogMemory: Platform Memory Stats for Windows
[2016.01.15-17.54.01:238][  0]LogMemory: Process Physical Memory: 54.56 MB used, 54.56 MB peak
[2016.01.15-17.54.01:238][  0]LogMemory: Process Virtual Memory: 55.31 MB used, 55.31 MB peak
[2016.01.15-17.54.01:238][  0]LogMemory: Physical Memory: 4090.62 MB used, 16332.28 MB total
[2016.01.15-17.54.01:238][  0]LogMemory: Virtual Memory: 369.09 MB used, 134217728.00 MB total
[2016.01.15-17.54.01:268][  0]LogTextLocalizationManager: No translations for ('sv-SE') exist, falling back to 'en' for localization and internationalization data.
[2016.01.15-17.54.01:906][  0]LogD3D11RHI: Found D3D11 adapter 0: AMD Radeon HD 7800 Series (Feature Level 11_0)
[2016.01.15-17.54.01:906][  0]LogD3D11RHI: Adapter has 2030MB of dedicated video memory, 0MB of dedicated system memory, and 8166MB of shared system memory, 1 output[s]
[2016.01.15-17.54.01:908][  0]LogD3D11RHI: Found D3D11 adapter 1: Microsoft Basic Render Driver (Feature Level 11_0)
[2016.01.15-17.54.01:908][  0]LogD3D11RHI: Adapter has 0MB of dedicated video memory, 0MB of dedicated system memory, and 8166MB of shared system memory, 0 output[s]
[2016.01.15-17.54.01:908][  0]LogD3D11RHI: Chosen D3D11 Adapter Id = 0
[2016.01.15-17.54.01:910][  0]LogD3D11RHI: !Direct3DDevice
[2016.01.15-17.54.01:910][  0]LogRHI: Texture pool is 1361 MB (70% of 1945 MB)
[2016.01.15-17.54.01:915][  0]LogD3D11RHI: Async texture creation disabled: no driver support
[2016.01.15-17.54.01:924][  0]LogShaderCompilers: Guid format shader working directory is 14 characters bigger than the processId version (../../../../../../Users/Niclas/Documents/GitHub/ProjectDoor/AutomaticDoor/Intermediate/Shaders/WorkingDirectory/16836/).
[2016.01.15-17.54.01:924][  0]LogShaderCompilers: Cleaned the shader compiler working directory '../../../../../../Users/Niclas/Documents/GitHub/ProjectDoor/AutomaticDoor/Intermediate/Shaders/tmp/9FDE2C6144E0852314E5859C1A3AEDF3/'.
[2016.01.15-17.54.01:924][  0]LogShaderCompilers:Display: Using Local Shader Compiler.
[2016.01.15-17.54.02:827][  0]LogTemp:Display: Loaded TP AllDesktopTargetPlatform
[2016.01.15-17.54.02:832][  0]LogTemp:Display: Loaded TP WindowsClientTargetPlatform
[2016.01.15-17.54.02:837][  0]LogTemp:Display: Loaded TP WindowsNoEditorTargetPlatform
[2016.01.15-17.54.02:843][  0]LogTemp:Display: Loaded TP WindowsServerTargetPlatform
[2016.01.15-17.54.02:848][  0]LogTemp:Display: Loaded TP WindowsTargetPlatform
[2016.01.15-17.54.02:851][  0]LogTemp:Display: Loaded TP AndroidTargetPlatform
[2016.01.15-17.54.02:854][  0]LogTemp:Display: Loaded TP Android_ASTCTargetPlatform
[2016.01.15-17.54.02:857][  0]LogTemp:Display: Loaded TP Android_ATCTargetPlatform
[2016.01.15-17.54.02:860][  0]LogTemp:Display: Loaded TP Android_DXTTargetPlatform
[2016.01.15-17.54.02:863][  0]LogTemp:Display: Loaded TP Android_ETC1TargetPlatform
[2016.01.15-17.54.02:866][  0]LogTemp:Display: Loaded TP Android_ETC2TargetPlatform
[2016.01.15-17.54.02:869][  0]LogTemp:Display: Loaded TP Android_PVRTCTargetPlatform
[2016.01.15-17.54.02:871][  0]LogTemp:Display: Loaded TP HTML5TargetPlatform
[2016.01.15-17.54.02:888][  0]LogTemp:Display: Loaded TP IOSTargetPlatform
[2016.01.15-17.54.02:891][  0]LogTemp:Display: Loaded TP LinuxNoEditorTargetPlatform
[2016.01.15-17.54.02:894][  0]LogTemp:Display: Loaded TP LinuxServerTargetPlatform
[2016.01.15-17.54.02:897][  0]LogTemp:Display: Loaded TP LinuxTargetPlatform
[2016.01.15-17.54.02:897][  0]LogTargetPlatformManager:Display: Building Assets For Windows
[2016.01.15-17.54.02:982][  0]LogDerivedDataCache:Display: Max Cache Size: 512 MB
[2016.01.15-17.54.03:019][  0]LogDerivedDataCache: Loaded boot cache 0.04s 44MB C:/Users/Niclas/AppData/Local/UnrealEngine/4.9/DerivedDataCache/Boot.ddc.
[2016.01.15-17.54.03:019][  0]LogDerivedDataCache:Display: Loaded Boot cache: C:/Users/Niclas/AppData/Local/UnrealEngine/4.9/DerivedDataCache/Boot.ddc
[2016.01.15-17.54.03:019][  0]LogDerivedDataCache: FDerivedDataBackendGraph:  Pak pak cache file ../../../../../../Users/Niclas/Documents/GitHub/ProjectDoor/AutomaticDoor/DerivedDataCache/DDC.ddp not found, will not use a pak cache.
[2016.01.15-17.54.03:019][  0]LogDerivedDataCache: Unable to find inner node Pak for hierarchical cache Hierarchy.
[2016.01.15-17.54.03:019][  0]LogDerivedDataCache: FDerivedDataBackendGraph:  CompressedPak pak cache file ../../../../../../Users/Niclas/Documents/GitHub/ProjectDoor/AutomaticDoor/DerivedDataCache/Compressed.ddp not found, will not use a pak cache.
[2016.01.15-17.54.03:019][  0]LogDerivedDataCache: Unable to find inner node CompressedPak for hierarchical cache Hierarchy.
[2016.01.15-17.54.03:143][  0]LogDerivedDataCache:Display: Pak cache opened for reading ../../../Engine/DerivedDataCache/Compressed.ddp.
[2016.01.15-17.54.03:156][  0]LogDerivedDataCache: Using Local data cache path C:/Users/Niclas/AppData/Local/UnrealEngine/Common/DerivedDataCache: Writable
[2016.01.15-17.54.03:323][  0]LogInit: Selected Device Profile: [Windows]
[2016.01.15-17.54.03:325][  0]LogContentStreaming: Texture pool size is 0.000000MB
[2016.01.15-17.54.03:432][  0]LogMeshUtilities: No automatic mesh reduction module available
[2016.01.15-17.54.03:432][  0]LogMeshUtilities: No automatic mesh merging module available
[2016.01.15-17.54.03:642][  0]LogInit: WinSock: version 1.1 (2.2), MaxSocks=32767, MaxUdp=65467
[2016.01.15-17.54.04:236][  0]UdpMessaging: Initializing bridge on interface 0.0.0.0:0 to multicast group 230.0.0.1:6666.
[2016.01.15-17.54.04:302][  0]LogSkinnedMeshComp:Warning: GetSocketByName(): No SkeletalMesh for CharacterMesh1P
[2016.01.15-17.54.04:402][  0]LogLinker:Warning: Asset '../../../../../../Users/Niclas/Documents/GitHub/ProjectDoor/AutomaticDoor/Content/Mannequin/Animations/ThirdPerson_AnimBP.uasset' has been saved with empty engine version. The asset will be loaded but may be incompatible.
[2016.01.15-17.54.04:402][  0]LogLinker:Warning: Asset '../../../../../../Users/Niclas/Documents/GitHub/ProjectDoor/AutomaticDoor/Content/Mannequin/Animations/ThirdPerson_Jump.uasset' has been saved with empty engine version. The asset will be loaded but may be incompatible.
[2016.01.15-17.54.04:404][  0]LogLinker:Warning: Asset '../../../../../../Users/Niclas/Documents/GitHub/ProjectDoor/AutomaticDoor/Content/Mannequin/Animations/ThirdPersonJump_Loop.uasset' has been saved with empty engine version. The asset will be loaded but may be incompatible.
[2016.01.15-17.54.04:404][  0]LogLinker:Warning: Asset '../../../../../../Users/Niclas/Documents/GitHub/ProjectDoor/AutomaticDoor/Content/Mannequin/Animations/ThirdPersonJump_Start.uasset' has been saved with empty engine version. The asset will be loaded but may be incompatible.
[2016.01.15-17.54.04:405][  0]LogLinker:Warning: Asset '../../../../../../Users/Niclas/Documents/GitHub/ProjectDoor/AutomaticDoor/Content/Mannequin/Animations/ThirdPerson_IdleRun_2D.uasset' has been saved with empty engine version. The asset will be loaded but may be incompatible.
[2016.01.15-17.54.04:406][  0]LogLinker:Warning: Asset '../../../../../../Users/Niclas/Documents/GitHub/ProjectDoor/AutomaticDoor/Content/Mannequin/Animations/ThirdPersonIdle.uasset' has been saved with empty engine version. The asset will be loaded but may be incompatible.
[2016.01.15-17.54.04:407][  0]LogLinker:Warning: Asset '../../../../../../Users/Niclas/Documents/GitHub/ProjectDoor/AutomaticDoor/Content/Mannequin/Animations/ThirdPersonRun.uasset' has been saved with empty engine version. The asset will be loaded but may be incompatible.
[2016.01.15-17.54.04:407][  0]LogLinker:Warning: Asset '../../../../../../Users/Niclas/Documents/GitHub/ProjectDoor/AutomaticDoor/Content/Mannequin/Animations/ThirdPersonWalk.uasset' has been saved with empty engine version. The asset will be loaded but may be incompatible.
[2016.01.15-17.54.04:446][  0]LogLinker:Warning: Asset '../../../../../../Users/Niclas/Documents/GitHub/ProjectDoor/AutomaticDoor/Content/FirstPerson/Meshes/FirstPersonProjectileMesh.uasset' has been saved with empty engine version. The asset will be loaded but may be incompatible.
[2016.01.15-17.54.04:517][  0]LogSkinnedMeshComp:Warning: GetSocketByName(): No SkeletalMesh for CharacterMesh1P
[2016.01.15-17.54.04:529][  0]LogSkinnedMeshComp:Warning: GetSocketByName(): No SkeletalMesh for CharacterMesh1P
[2016.01.15-17.54.04:529][  0]LogSkinnedMeshComp:Warning: GetSocketByName(): No SkeletalMesh for CharacterMesh1P
[2016.01.15-17.54.04:532][  0]LogSkinnedMeshComp:Warning: GetSocketByName(): No SkeletalMesh for CharacterMesh1P
[2016.01.15-17.54.04:535][  0]LogSkinnedMeshComp:Warning: GetSocketByName(): No SkeletalMesh for CharacterMesh1P
[2016.01.15-17.54.04:537][  0]LogSkinnedMeshComp:Warning: GetSocketByName(): No SkeletalMesh for CharacterMesh1P
[2016.01.15-17.54.04:761][  0]LogAssetRegistry: FAssetRegistry took 0.0109 seconds to start up
[2016.01.15-17.54.04:913][  0]SourceControl: Info Source control is disabled
[2016.01.15-17.54.04:914][  0]SourceControl: Info Source control is disabled
[2016.01.15-17.54.04:926][  0]SourceControl: Info Source control is disabled
[2016.01.15-17.54.04:937][  0]SourceControl: Info Source control is disabled
[2016.01.15-17.54.05:095][  0]LogLinker:Warning: Asset '../../../Engine/Plugins/Runtime/LeapMotionController/Content/LM_PassthroughMaterial.uasset' has been saved with empty engine version. The asset will be loaded but may be incompatible.
[2016.01.15-17.54.05:179][  0]LogObj: 35574 objects as part of root set at end of initial load.
[2016.01.15-17.54.05:179][  0]LogUObjectAllocator: 8616472 out of 0 bytes used by permanent object pool.
[2016.01.15-17.54.05:228][  0]LogEngine: Initializing Engine...
[2016.01.15-17.54.05:230][  0]LogHMD: Can't find Oculus library dev build: is proper Runtime installed? Version: 0.7.0.0
[2016.01.15-17.54.05:231][  0]LogHMD: SteamVR failed to initialize.  Err: 110
[2016.01.15-17.54.05:335][  0]LogAIModule: Creating AISystem for world NewWorld
[2016.01.15-17.54.05:348][  0]LogInit: XAudio2 using 'Högtalare (Logitech G35 Gaming Headset)' : 2 channels at 44.1 kHz using 16 bits per sample (channel mask 0x3)
[2016.01.15-17.54.05:373][  0]LogInit: FAudioDevice initialized.
[2016.01.15-17.54.05:394][  0]LogDerivedDataCache: Saved boot cache 0.02s 44MB C:/Users/Niclas/AppData/Local/UnrealEngine/4.9/DerivedDataCache/Boot.ddc.
[2016.01.15-17.54.05:397][  0]LogInit: Texture streaming: Enabled
[2016.01.15-17.54.05:403][  0]LogAnalytics: Creating configured Analytics provider AnalyticsET
[2016.01.15-17.54.05:403][  0]LogAnalytics: [UEEditor.Rocket.Release] APIServer = http://et2.epicgames.com/ET2/. AppVersion = 4.9.2-2707645+++depot+UE4-Releases+4.9
[2016.01.15-17.54.05:403][  0]LogAnalytics: [UEEditor.Rocket.Release] SetUserId 8d5f2d8b4e520712a8f1e688fed765ab|99f216c1865e471987722078da7bde5f|50f43dcd-c54f-4aa6-a5c1-e948023fc359
[2016.01.15-17.54.05:404][  0]LogAnalytics: [UEEditor.Rocket.Release] AnalyticsET::StartSession
[2016.01.15-17.54.05:412][  0]LogWindowsTextInputMethodSystem:Display: IME system now deactivated.
[2016.01.15-17.54.05:431][  0]LogInit: Transaction tracking system initialized
[2016.01.15-17.54.05:461][  0]BlueprintLog: New page: Editor Load
[2016.01.15-17.54.05:581][  0]LocalizationService: Info Localization service is disabled
[2016.01.15-17.54.05:657][  0]LogConsoleResponse:Display: 
[2016.01.15-17.54.05:753][  0]LogCook:Display: Done creating registry. It took  0.00s.
[2016.01.15-17.54.05:809][  0]LogFileCache: Scanning file cache for directory 'C:/Users/Niclas/Documents/GitHub/ProjectDoor/AutomaticDoor/Content/' took 0.02s
[2016.01.15-17.54.05:809][  0]SourceControl: Info Source control is disabled
[2016.01.15-17.54.05:809][  0]Cmd: MAP LOAD FILE="../../../../../../Users/Niclas/Documents/GitHub/ProjectDoor/AutomaticDoor/Content/FirstPersonCPP/Maps/FirstPersonExampleMap.umap" TEMPLATE=0 SHOWPROGRESS=1 FEATURELEVEL=3
[2016.01.15-17.54.05:810][  0]LightingResults: New page: Lighting Build
[2016.01.15-17.54.05:812][  0]MapCheck: New page: Map Check
[2016.01.15-17.54.05:812][  0]LightingResults: New page: Lighting Build
[2016.01.15-17.54.05:824][  0]LogParticles: Destroying 0 GPU particle simulations for FXSystem 0x000002ABDF05A480
[2016.01.15-17.54.06:074][  0]LogBlueprint:Warning: [compiler FirstPersonExampleMap] Warning Node  Unknown  is not referencing a valid level actor
[2016.01.15-17.54.06:075][  0]LogBlueprint:Warning: [compiler FirstPersonExampleMap] Warning [0005.74] Compile of FirstPersonExampleMap successful, but with 1 Warning(s) [in 1 ms]
[2016.01.15-17.54.06:075][  0]LogBlueprint:Warning: [compiler FirstPersonExampleMap] Warning [0005.74] Compile of FirstPersonExampleMap successful, but with 2 Warning(s) [in 0 ms]
[2016.01.15-17.54.06:075][  0]LogBlueprint:Warning: [compiler FirstPersonExampleMap] Warning [0005.74] Compile of FirstPersonExampleMap successful, but with 3 Warning(s) [in 0 ms]
[2016.01.15-17.54.06:077][  0]LogBlueprint:Warning: [compiler FirstPersonExampleMap] Warning Node  Unknown  is not referencing a valid level actor
[2016.01.15-17.54.06:077][  0]LogBlueprint:Warning: [compiler FirstPersonExampleMap] Warning [0005.74] Compile of FirstPersonExampleMap successful, but with 1 Warning(s) [in 1 ms]
[2016.01.15-17.54.06:077][  0]LogBlueprint:Warning: [compiler FirstPersonExampleMap] Warning [0005.74] Compile of FirstPersonExampleMap successful, but with 2 Warning(s) [in 0 ms]
[2016.01.15-17.54.06:078][  0]LogBlueprint:Warning: [compiler FirstPersonExampleMap] Warning [0005.74] Compile of FirstPersonExampleMap successful, but with 3 Warning(s) [in 0 ms]
[2016.01.15-17.54.06:078][  0]LogSkinnedMeshComp:Warning: GetSocketByName(): No SkeletalMesh for CharacterMesh1P
[2016.01.15-17.54.06:269][  0]LogAIModule: Creating AISystem for world FirstPersonExampleMap
[2016.01.15-17.54.06:281][  0]LogEditorServer: Finished looking for orphan Actors (0.000 secs)
[2016.01.15-17.54.06:282][  0]Cmd: MAP CHECKDEP NOCLEARLOG
[2016.01.15-17.54.06:364][  0]MapCheck: Info Map check complete: 0 Error(s), 0 Warning(s), took 82.314ms to complete.
[2016.01.15-17.54.06:364][  0]LogFileHelpers: Loading map 'FirstPersonExampleMap' took 0.555
[2016.01.15-17.54.06:463][  0]LogCollectionManager: Loaded 0 collections in 0.002145 seconds
[2016.01.15-17.54.06:503][  0]LogFileCache: Scanning file cache for directory 'C:/Users/Niclas/Documents/GitHub/ProjectDoor/AutomaticDoor/Saved/Collections/' took 0.01s
[2016.01.15-17.54.06:503][  0]LogFileCache: Scanning file cache for directory 'C:/Users/Niclas/Documents/GitHub/ProjectDoor/AutomaticDoor/Content/Developers/Niclas/Collections/' took 0.01s
[2016.01.15-17.54.06:503][  0]LogFileCache: Scanning file cache for directory 'C:/Users/Niclas/Documents/GitHub/ProjectDoor/AutomaticDoor/Content/Collections/' took 0.01s
[2016.01.15-17.54.06:503][  0]LogContentBrowser: Native class hierarchy populated in 0.0072 seconds. Added 1873 classes and 335 folders.
[2016.01.15-17.54.06:508][  0]LogCollectionManager: Rebuilt the GUID cache for 0 collections in 0.000003 seconds
[2016.01.15-17.54.06:515][  0]LogContentBrowser: Native class hierarchy updated for 'WidgetCarousel' in 0.0014 seconds. Added 0 classes and 0 folders.
[2016.01.15-17.54.06:558][  0]LogContentBrowser: Native class hierarchy updated for 'AddContentDialog' in 0.0015 seconds. Added 0 classes and 0 folders.
[2016.01.15-17.54.06:563][  0]LogContentBrowser: Native class hierarchy updated for 'SceneOutliner' in 0.0014 seconds. Added 1 classes and 2 folders.
[2016.01.15-17.54.06:582][  0]LogCrashTracker: Crashtracker disabled due to settings.
[2016.01.15-17.54.06:586][  0]LogUObjectGlobals:Warning: Failed to find object 'Class None.'
[2016.01.15-17.54.06:607][  0]LogLoad: Full Startup: 6.27 seconds (BP compile: 0.14 seconds)
[2016.01.15-17.54.07:004][  0]LogContentStreaming: Texture pool size now 1000 MB
[2016.01.15-17.54.07:111][  0]LogRenderer: Reallocating scene render targets to support 1208x576 (Frame:2).
[2016.01.15-17.54.08:347][  4]LogAssetRegistry: Asset discovery search completed in 3.5969 seconds
[2016.01.15-17.54.08:347][  4]LogCollectionManager: Rebuilt the object cache for 0 collections in 0.000001 seconds (found 0 objects)
[2016.01.15-17.54.08:347][  4]LogCollectionManager: Fixed up redirectors for 0 collections in 0.000023 seconds (updated 0 objects)
[2016.01.15-17.54.12:122][ 18]LogLinker:Warning: Asset '../../../Engine/Content/ArtTools/RenderToTexture/Macros/RenderToTextureMacros.uasset' has been saved with empty engine version. The asset will be loaded but may be incompatible.
[2016.01.15-17.54.12:575][ 18]LogContentBrowser: Native class hierarchy updated for 'BlueprintGraph' in 0.0017 seconds. Added 107 classes and 0 folders.
[2016.01.15-17.54.22:572][735]LogActorComponent: UnregisterComponent: (/Engine/Transient.CharMoveComp) Not registered. Aborting.
[2016.01.15-17.54.22:572][735]LogActorComponent: UnregisterComponent: (/Engine/Transient.CharacterMovementComponent_0) Not registered. Aborting.
[2016.01.15-17.54.22:572][735]LogActorComponent: UnregisterComponent: (/Engine/Transient.PawnSensing_GEN_VARIABLE) Not registered. Aborting.
[2016.01.15-17.54.24:298][844]LogRenderer: Reallocating scene render targets to support 1208x900 (Frame:722).
[2016.01.15-17.54.53:417][485]LogActorComponent: UnregisterComponent: (/Engine/Transient.CharacterMovementComponent_1) Not registered. Aborting.
[2016.01.15-17.54.53:417][485]LogActorComponent: UnregisterComponent: (/Engine/Transient.PawnSensingComponent_0) Not registered. Aborting.
[2016.01.15-17.58.48:796][195]BlueprintLog: New page: Compile AIEnemy
[2016.01.15-17.58.48:852][195]LogActorComponent: UnregisterComponent: (/Engine/Transient.CharacterMovementComponent_2) Not registered. Aborting.
[2016.01.15-17.58.48:852][195]LogActorComponent: UnregisterComponent: (/Engine/Transient.PawnSensingComponent_1) Not registered. Aborting.
[2016.01.15-17.58.48:876][195]LogParticles: Destroying 0 GPU particle simulations for FXSystem 0x000002ABEBD959E0
[2016.01.15-17.58.48:886][195]BlueprintEditorCompileResults: Info [0288.55] Compile of AIEnemy successful! [in 89 ms]
[2016.01.15-17.58.49:761][256]Cmd: OBJ SAVEPACKAGE PACKAGE="/Game/AI/AIEnemy" FILE="../../../../../../Users/Niclas/Documents/GitHub/ProjectDoor/AutomaticDoor/Content/AI/AIEnemy.uasset" SILENT=true
[2016.01.15-17.58.49:801][256]LogSavePackage: Save=31.392782ms
[2016.01.15-17.58.49:801][256]LogSavePackage: Moving '../../../../../../Users/Niclas/Documents/GitHub/ProjectDoor/AutomaticDoor/Saved/AIEnemy3BE83E0A45A8E637F27D309F4E82D335.tmp' to '../../../../../../Users/Niclas/Documents/GitHub/ProjectDoor/AutomaticDoor/Content/AI/AIEnemy.uasset'
[2016.01.15-17.58.49:803][256]LogSavePackage: Total save time: 40.679712ms
[2016.01.15-17.58.49:803][256]LogSavePackage:Warning: Finished SavePackage ../../../../../../Users/Niclas/Documents/GitHub/ProjectDoor/AutomaticDoor/Content/AI/AIEnemy.uasset
[2016.01.15-17.59.13:128][983]LogCrashTracker: 


[2016.01.15-17.59.13:129][983]LogWindows:Error: Windows GetLastError: The operation completed successfully. (0)
[2016.01.15-17.59.13:133][983]LogCrashTracker: 


[2016.01.15-17.59.13:133][983]LogWindows: === Critical error: ===
Fatal error: [File:D:\BuildFarm\buildmachine_++depot+UE4-Releases+4.9\Engine\Source\Runtime\RenderCore\Private\RenderingThread.cpp] [Line: 675] 
Rendering thread exception:
Fatal error!






[2016.01.15-17.59.13:239][983]LogExit: Executing StaticShutdownAfterError
[2016.01.15-17.59.13:243][983]LogPhysics:Warning: PHYSX: ..\..\PhysX\src\NpScene.cpp (2946) 8 : PxScene::unlockWrite() called without matching call to PxScene::lockWrite(), behaviour will be undefined.
[2016.01.15-17.59.13:243][983]LogPhysics:Warning: PHYSX: ..\..\PhysX\src\NpScene.cpp (2946) 8 : PxScene::unlockWrite() called without matching call to PxScene::lockWrite(), behaviour will be undefined.
[2016.01.15-17.59.13:243][983]LogPhysics:Warning: PHYSX: ..\..\PhysX\src\NpScene.cpp (2946) 8 : PxScene::unlockWrite() called without matching call to PxScene::lockWrite(), behaviour will be undefined.
[2016.01.15-17.59.13:243][983]LogPhysics:Warning: PHYSX: ..\..\PhysX\src\NpScene.cpp (2946) 8 : PxScene::unlockWrite() called without matching call to PxScene::lockWrite(), behaviour will be undefined.
[2016.01.15-17.59.13:243][983]LogWindows: FPlatformMisc::RequestExit(1)
[2016.01.15-17.59.13:243][983]Log file closed, 01/15/16 18:59:13
