[2016.01.15-17.03.13:120][  0]Log file open, 01/15/16 18:03:13
[2016.01.15-17.03.13:120][  0]LogInit:Display: Running engine for game: AutomaticDoor
[2016.01.15-17.03.13:120][  0]LogInit:Display: RandInit(544003013) SRandInit(544003013).
[2016.01.15-17.03.13:120][  0]LogTaskGraph: Started task graph with 4 named threads and 7 total threads.
[2016.01.15-17.03.13:120][  0]LogStats: Stats thread started at 0.083309
[2016.01.15-17.03.13:120][  0]LogInit: Version: 4.9.2-2707645+++depot+UE4-Releases+4.9
[2016.01.15-17.03.13:120][  0]LogInit: API Version: 2672455
[2016.01.15-17.03.13:120][  0]LogInit: Compiled (64-bit): Sep 28 2015 10:25:44
[2016.01.15-17.03.13:120][  0]LogInit: Compiled with Visual C++: 18.00.21005.01
[2016.01.15-17.03.13:120][  0]LogInit: Build Configuration: Development
[2016.01.15-17.03.13:120][  0]LogInit: Branch Name: ++depot+UE4-Releases+4.9
[2016.01.15-17.03.13:120][  0]LogInit: Command line:  
[2016.01.15-17.03.13:120][  0]LogInit: Base directory: C:/Program Files/Epic Games/4.9/Engine/Binaries/Win64/
[2016.01.15-17.03.13:120][  0]LogInit: Rocket: 1
[2016.01.15-17.03.13:127][  0]LogInit: Using libcurl 7.41.0
[2016.01.15-17.03.13:127][  0]LogInit:  - built for x86_64-pc-win32
[2016.01.15-17.03.13:127][  0]LogInit:  - supports SSL with WinSSL
[2016.01.15-17.03.13:127][  0]LogInit:  - other features:
[2016.01.15-17.03.13:127][  0]LogInit:      CURL_VERSION_SSL
[2016.01.15-17.03.13:127][  0]LogInit:      CURL_VERSION_IPV6
[2016.01.15-17.03.13:127][  0]LogInit:      CURL_VERSION_ASYNCHDNS
[2016.01.15-17.03.13:127][  0]LogInit:      CURL_VERSION_LARGEFILE
[2016.01.15-17.03.13:127][  0]LogInit:      CURL_VERSION_IDN
[2016.01.15-17.03.13:127][  0]LogInit:  CurlRequestOptions (configurable via config and command line):
[2016.01.15-17.03.13:127][  0]LogInit:  - bVerifyPeer = true  - Libcurl will verify peer certificate
[2016.01.15-17.03.13:127][  0]LogInit:  - bUseHttpProxy = false  - Libcurl will NOT use HTTP proxy
[2016.01.15-17.03.13:127][  0]LogInit:  - bDontReuseConnections = false  - Libcurl will reuse connections
[2016.01.15-17.03.13:127][  0]LogInit:  - CertBundlePath = nullptr  - Libcurl will use whatever was configured at build time.
[2016.01.15-17.03.13:134][  0]LogInit: Presizing for 0 objects not considered by GC, pre-allocating 0 bytes.
[2016.01.15-17.03.13:140][  0]LogInit: Object subsystem initialized
[2016.01.15-17.03.13:141][  0]LogInit: Selected Device Profile: [Windows]
[2016.01.15-17.03.13:141][  0]LogInit: Applying CVar settings loaded from the selected device profile: [Windows]
[2016.01.15-17.03.13:149][  0]LogInit: Computer: FIDUS
[2016.01.15-17.03.13:149][  0]LogInit: User: Niclas
[2016.01.15-17.03.13:149][  0]LogInit: CPU Page size=4096, Cores=4
[2016.01.15-17.03.13:149][  0]LogInit: High frequency timer resolution =3.386479 MHz
[2016.01.15-17.03.13:149][  0]LogMemory: Memory total: Physical=15.9GB (16GB approx)
[2016.01.15-17.03.13:149][  0]LogMemory: Platform Memory Stats for Windows
[2016.01.15-17.03.13:149][  0]LogMemory: Process Physical Memory: 54.96 MB used, 54.96 MB peak
[2016.01.15-17.03.13:149][  0]LogMemory: Process Virtual Memory: 59.33 MB used, 59.33 MB peak
[2016.01.15-17.03.13:149][  0]LogMemory: Physical Memory: 3859.09 MB used, 16332.28 MB total
[2016.01.15-17.03.13:149][  0]LogMemory: Virtual Memory: 372.15 MB used, 134217728.00 MB total
[2016.01.15-17.03.13:177][  0]LogTextLocalizationManager: No translations for ('sv-SE') exist, falling back to 'en' for localization and internationalization data.
[2016.01.15-17.03.13:804][  0]LogD3D11RHI: Found D3D11 adapter 0: AMD Radeon HD 7800 Series (Feature Level 11_0)
[2016.01.15-17.03.13:804][  0]LogD3D11RHI: Adapter has 2030MB of dedicated video memory, 0MB of dedicated system memory, and 8166MB of shared system memory, 1 output[s]
[2016.01.15-17.03.13:805][  0]LogD3D11RHI: Found D3D11 adapter 1: Microsoft Basic Render Driver (Feature Level 11_0)
[2016.01.15-17.03.13:805][  0]LogD3D11RHI: Adapter has 0MB of dedicated video memory, 0MB of dedicated system memory, and 8166MB of shared system memory, 0 output[s]
[2016.01.15-17.03.13:805][  0]LogD3D11RHI: Chosen D3D11 Adapter Id = 0
[2016.01.15-17.03.13:809][  0]LogD3D11RHI: !Direct3DDevice
[2016.01.15-17.03.13:809][  0]LogRHI: Texture pool is 1361 MB (70% of 1945 MB)
[2016.01.15-17.03.13:814][  0]LogD3D11RHI: Async texture creation disabled: no driver support
[2016.01.15-17.03.13:823][  0]LogShaderCompilers: Guid format shader working directory is 14 characters bigger than the processId version (../../../../../../Users/Niclas/Documents/GitHub/ProjectDoor/AutomaticDoor/Intermediate/Shaders/WorkingDirectory/13964/).
[2016.01.15-17.03.13:823][  0]LogShaderCompilers: Cleaned the shader compiler working directory '../../../../../../Users/Niclas/Documents/GitHub/ProjectDoor/AutomaticDoor/Intermediate/Shaders/tmp/13E49F7F41832E686A546BA1A517A9B1/'.
[2016.01.15-17.03.13:823][  0]LogShaderCompilers:Display: Using Local Shader Compiler.
[2016.01.15-17.03.14:811][  0]LogTemp:Display: Loaded TP AllDesktopTargetPlatform
[2016.01.15-17.03.14:816][  0]LogTemp:Display: Loaded TP WindowsClientTargetPlatform
[2016.01.15-17.03.14:821][  0]LogTemp:Display: Loaded TP WindowsNoEditorTargetPlatform
[2016.01.15-17.03.14:825][  0]LogTemp:Display: Loaded TP WindowsServerTargetPlatform
[2016.01.15-17.03.14:830][  0]LogTemp:Display: Loaded TP WindowsTargetPlatform
[2016.01.15-17.03.14:833][  0]LogTemp:Display: Loaded TP AndroidTargetPlatform
[2016.01.15-17.03.14:836][  0]LogTemp:Display: Loaded TP Android_ASTCTargetPlatform
[2016.01.15-17.03.14:839][  0]LogTemp:Display: Loaded TP Android_ATCTargetPlatform
[2016.01.15-17.03.14:842][  0]LogTemp:Display: Loaded TP Android_DXTTargetPlatform
[2016.01.15-17.03.14:845][  0]LogTemp:Display: Loaded TP Android_ETC1TargetPlatform
[2016.01.15-17.03.14:848][  0]LogTemp:Display: Loaded TP Android_ETC2TargetPlatform
[2016.01.15-17.03.14:851][  0]LogTemp:Display: Loaded TP Android_PVRTCTargetPlatform
[2016.01.15-17.03.14:852][  0]LogTemp:Display: Loaded TP HTML5TargetPlatform
[2016.01.15-17.03.14:869][  0]LogTemp:Display: Loaded TP IOSTargetPlatform
[2016.01.15-17.03.14:871][  0]LogTemp:Display: Loaded TP LinuxNoEditorTargetPlatform
[2016.01.15-17.03.14:874][  0]LogTemp:Display: Loaded TP LinuxServerTargetPlatform
[2016.01.15-17.03.14:878][  0]LogTemp:Display: Loaded TP LinuxTargetPlatform
[2016.01.15-17.03.14:878][  0]LogTargetPlatformManager:Display: Building Assets For Windows
[2016.01.15-17.03.14:960][  0]LogDerivedDataCache:Display: Max Cache Size: 512 MB
[2016.01.15-17.03.15:135][  0]LogDerivedDataCache: Loaded boot cache 0.17s 44MB C:/Users/Niclas/AppData/Local/UnrealEngine/4.9/DerivedDataCache/Boot.ddc.
[2016.01.15-17.03.15:135][  0]LogDerivedDataCache:Display: Loaded Boot cache: C:/Users/Niclas/AppData/Local/UnrealEngine/4.9/DerivedDataCache/Boot.ddc
[2016.01.15-17.03.15:135][  0]LogDerivedDataCache: FDerivedDataBackendGraph:  Pak pak cache file ../../../../../../Users/Niclas/Documents/GitHub/ProjectDoor/AutomaticDoor/DerivedDataCache/DDC.ddp not found, will not use a pak cache.
[2016.01.15-17.03.15:135][  0]LogDerivedDataCache: Unable to find inner node Pak for hierarchical cache Hierarchy.
[2016.01.15-17.03.15:135][  0]LogDerivedDataCache: FDerivedDataBackendGraph:  CompressedPak pak cache file ../../../../../../Users/Niclas/Documents/GitHub/ProjectDoor/AutomaticDoor/DerivedDataCache/Compressed.ddp not found, will not use a pak cache.
[2016.01.15-17.03.15:135][  0]LogDerivedDataCache: Unable to find inner node CompressedPak for hierarchical cache Hierarchy.
[2016.01.15-17.03.15:270][  0]LogDerivedDataCache:Display: Pak cache opened for reading ../../../Engine/DerivedDataCache/Compressed.ddp.
[2016.01.15-17.03.15:282][  0]LogDerivedDataCache: Using Local data cache path C:/Users/Niclas/AppData/Local/UnrealEngine/Common/DerivedDataCache: Writable
[2016.01.15-17.03.16:141][  0]LogInit: Selected Device Profile: [Windows]
[2016.01.15-17.03.16:159][  0]LogContentStreaming: Texture pool size is 0.000000MB
[2016.01.15-17.03.16:400][  0]LogMeshUtilities: No automatic mesh reduction module available
[2016.01.15-17.03.16:400][  0]LogMeshUtilities: No automatic mesh merging module available
[2016.01.15-17.03.16:931][  0]LogInit: WinSock: version 1.1 (2.2), MaxSocks=32767, MaxUdp=65467
[2016.01.15-17.03.18:887][  0]UdpMessaging: Initializing bridge on interface 0.0.0.0:0 to multicast group 230.0.0.1:6666.
[2016.01.15-17.03.18:981][  0]LogSkinnedMeshComp:Warning: GetSocketByName(): No SkeletalMesh for CharacterMesh1P
[2016.01.15-17.03.19:134][  0]LogLinker:Warning: Asset '../../../../../../Users/Niclas/Documents/GitHub/ProjectDoor/AutomaticDoor/Content/Mannequin/Animations/ThirdPerson_AnimBP.uasset' has been saved with empty engine version. The asset will be loaded but may be incompatible.
[2016.01.15-17.03.19:135][  0]LogLinker:Warning: Asset '../../../../../../Users/Niclas/Documents/GitHub/ProjectDoor/AutomaticDoor/Content/Mannequin/Animations/ThirdPerson_Jump.uasset' has been saved with empty engine version. The asset will be loaded but may be incompatible.
[2016.01.15-17.03.19:136][  0]LogLinker:Warning: Asset '../../../../../../Users/Niclas/Documents/GitHub/ProjectDoor/AutomaticDoor/Content/Mannequin/Animations/ThirdPersonJump_Loop.uasset' has been saved with empty engine version. The asset will be loaded but may be incompatible.
[2016.01.15-17.03.19:137][  0]LogLinker:Warning: Asset '../../../../../../Users/Niclas/Documents/GitHub/ProjectDoor/AutomaticDoor/Content/Mannequin/Animations/ThirdPersonJump_Start.uasset' has been saved with empty engine version. The asset will be loaded but may be incompatible.
[2016.01.15-17.03.19:138][  0]LogLinker:Warning: Asset '../../../../../../Users/Niclas/Documents/GitHub/ProjectDoor/AutomaticDoor/Content/Mannequin/Animations/ThirdPerson_IdleRun_2D.uasset' has been saved with empty engine version. The asset will be loaded but may be incompatible.
[2016.01.15-17.03.19:138][  0]LogLinker:Warning: Asset '../../../../../../Users/Niclas/Documents/GitHub/ProjectDoor/AutomaticDoor/Content/Mannequin/Animations/ThirdPersonIdle.uasset' has been saved with empty engine version. The asset will be loaded but may be incompatible.
[2016.01.15-17.03.19:139][  0]LogLinker:Warning: Asset '../../../../../../Users/Niclas/Documents/GitHub/ProjectDoor/AutomaticDoor/Content/Mannequin/Animations/ThirdPersonRun.uasset' has been saved with empty engine version. The asset will be loaded but may be incompatible.
[2016.01.15-17.03.19:140][  0]LogLinker:Warning: Asset '../../../../../../Users/Niclas/Documents/GitHub/ProjectDoor/AutomaticDoor/Content/Mannequin/Animations/ThirdPersonWalk.uasset' has been saved with empty engine version. The asset will be loaded but may be incompatible.
[2016.01.15-17.03.19:178][  0]LogLinker:Warning: Asset '../../../../../../Users/Niclas/Documents/GitHub/ProjectDoor/AutomaticDoor/Content/FirstPerson/Meshes/FirstPersonProjectileMesh.uasset' has been saved with empty engine version. The asset will be loaded but may be incompatible.
[2016.01.15-17.03.19:260][  0]LogSkinnedMeshComp:Warning: GetSocketByName(): No SkeletalMesh for CharacterMesh1P
[2016.01.15-17.03.19:279][  0]LogSkinnedMeshComp:Warning: GetSocketByName(): No SkeletalMesh for CharacterMesh1P
[2016.01.15-17.03.19:280][  0]LogSkinnedMeshComp:Warning: GetSocketByName(): No SkeletalMesh for CharacterMesh1P
[2016.01.15-17.03.19:283][  0]LogSkinnedMeshComp:Warning: GetSocketByName(): No SkeletalMesh for CharacterMesh1P
[2016.01.15-17.03.19:286][  0]LogSkinnedMeshComp:Warning: GetSocketByName(): No SkeletalMesh for CharacterMesh1P
[2016.01.15-17.03.19:289][  0]LogSkinnedMeshComp:Warning: GetSocketByName(): No SkeletalMesh for CharacterMesh1P
[2016.01.15-17.03.19:615][  0]LogAssetRegistry: FAssetRegistry took 0.0148 seconds to start up
[2016.01.15-17.03.19:898][  0]SourceControl: Info Source control is disabled
[2016.01.15-17.03.19:899][  0]SourceControl: Info Source control is disabled
[2016.01.15-17.03.19:917][  0]SourceControl: Info Source control is disabled
[2016.01.15-17.03.19:931][  0]SourceControl: Info Source control is disabled
[2016.01.15-17.03.20:129][  0]LogLinker:Warning: Asset '../../../Engine/Plugins/Runtime/LeapMotionController/Content/LM_PassthroughMaterial.uasset' has been saved with empty engine version. The asset will be loaded but may be incompatible.
[2016.01.15-17.03.20:234][  0]LogObj: 35574 objects as part of root set at end of initial load.
[2016.01.15-17.03.20:234][  0]LogUObjectAllocator: 8616472 out of 0 bytes used by permanent object pool.
[2016.01.15-17.03.20:341][  0]LogEngine: Initializing Engine...
[2016.01.15-17.03.20:345][  0]LogHMD: Can't find Oculus library dev build: is proper Runtime installed? Version: 0.7.0.0
[2016.01.15-17.03.20:348][  0]LogHMD: SteamVR failed to initialize.  Err: 110
[2016.01.15-17.03.20:525][  0]LogAIModule: Creating AISystem for world NewWorld
[2016.01.15-17.03.20:554][  0]LogInit: XAudio2 using 'Högtalare (Logitech G35 Gaming Headset)' : 2 channels at 44.1 kHz using 16 bits per sample (channel mask 0x3)
[2016.01.15-17.03.20:579][  0]LogInit: FAudioDevice initialized.
[2016.01.15-17.03.20:597][  0]LogDerivedDataCache: Saved boot cache 0.02s 44MB C:/Users/Niclas/AppData/Local/UnrealEngine/4.9/DerivedDataCache/Boot.ddc.
[2016.01.15-17.03.20:600][  0]LogInit: Texture streaming: Enabled
[2016.01.15-17.03.20:621][  0]LogAnalytics: Creating configured Analytics provider AnalyticsET
[2016.01.15-17.03.20:621][  0]LogAnalytics: [UEEditor.Rocket.Release] APIServer = http://et2.epicgames.com/ET2/. AppVersion = 4.9.2-2707645+++depot+UE4-Releases+4.9
[2016.01.15-17.03.20:621][  0]LogAnalytics: [UEEditor.Rocket.Release] SetUserId 8d5f2d8b4e520712a8f1e688fed765ab|99f216c1865e471987722078da7bde5f|50f43dcd-c54f-4aa6-a5c1-e948023fc359
[2016.01.15-17.03.20:621][  0]LogAnalytics: [UEEditor.Rocket.Release] AnalyticsET::StartSession
[2016.01.15-17.03.20:640][  0]LogWindowsTextInputMethodSystem:Display: IME system now deactivated.
[2016.01.15-17.03.20:706][  0]LogInit: Transaction tracking system initialized
[2016.01.15-17.03.20:894][  0]BlueprintLog: New page: Editor Load
[2016.01.15-17.03.21:348][  0]LocalizationService: Info Localization service is disabled
[2016.01.15-17.03.21:545][  0]LogConsoleResponse:Display: 
[2016.01.15-17.03.21:746][  0]LogCook:Display: Done creating registry. It took  0.00s.
[2016.01.15-17.03.21:873][  0]LogFileCache: Scanning file cache for directory 'C:/Users/Niclas/Documents/GitHub/ProjectDoor/AutomaticDoor/Content/' took 0.02s
[2016.01.15-17.03.21:873][  0]SourceControl: Info Source control is disabled
[2016.01.15-17.03.21:876][  0]Cmd: MAP LOAD FILE="../../../../../../Users/Niclas/Documents/GitHub/ProjectDoor/AutomaticDoor/Content/FirstPersonCPP/Maps/FirstPersonExampleMap.umap" TEMPLATE=0 SHOWPROGRESS=1 FEATURELEVEL=3
[2016.01.15-17.03.21:877][  0]LightingResults: New page: Lighting Build
[2016.01.15-17.03.21:885][  0]MapCheck: New page: Map Check
[2016.01.15-17.03.21:885][  0]LightingResults: New page: Lighting Build
[2016.01.15-17.03.21:905][  0]LogParticles: Destroying 0 GPU particle simulations for FXSystem 0x0000027CD78BA480
[2016.01.15-17.03.22:158][  0]LogBlueprint:Warning: [compiler FirstPersonExampleMap] Warning Node  Unknown  is not referencing a valid level actor
[2016.01.15-17.03.22:159][  0]LogBlueprint:Warning: [compiler FirstPersonExampleMap] Warning [0009.88] Compile of FirstPersonExampleMap successful, but with 1 Warning(s) [in 1 ms]
[2016.01.15-17.03.22:159][  0]LogBlueprint:Warning: [compiler FirstPersonExampleMap] Warning [0009.88] Compile of FirstPersonExampleMap successful, but with 2 Warning(s) [in 0 ms]
[2016.01.15-17.03.22:159][  0]LogBlueprint:Warning: [compiler FirstPersonExampleMap] Warning [0009.88] Compile of FirstPersonExampleMap successful, but with 3 Warning(s) [in 0 ms]
[2016.01.15-17.03.22:161][  0]LogBlueprint:Warning: [compiler FirstPersonExampleMap] Warning Node  Unknown  is not referencing a valid level actor
[2016.01.15-17.03.22:162][  0]LogBlueprint:Warning: [compiler FirstPersonExampleMap] Warning [0009.88] Compile of FirstPersonExampleMap successful, but with 1 Warning(s) [in 1 ms]
[2016.01.15-17.03.22:162][  0]LogBlueprint:Warning: [compiler FirstPersonExampleMap] Warning [0009.88] Compile of FirstPersonExampleMap successful, but with 2 Warning(s) [in 0 ms]
[2016.01.15-17.03.22:162][  0]LogBlueprint:Warning: [compiler FirstPersonExampleMap] Warning [0009.88] Compile of FirstPersonExampleMap successful, but with 3 Warning(s) [in 0 ms]
[2016.01.15-17.03.22:163][  0]LogSkinnedMeshComp:Warning: GetSocketByName(): No SkeletalMesh for CharacterMesh1P
[2016.01.15-17.03.22:420][  0]LogAIModule: Creating AISystem for world FirstPersonExampleMap
[2016.01.15-17.03.22:459][  0]LogEditorServer: Finished looking for orphan Actors (0.000 secs)
[2016.01.15-17.03.22:462][  0]Cmd: MAP CHECKDEP NOCLEARLOG
[2016.01.15-17.03.22:551][  0]MapCheck: Info Map check complete: 0 Error(s), 0 Warning(s), took 88.73ms to complete.
[2016.01.15-17.03.22:551][  0]LogFileHelpers: Loading map 'FirstPersonExampleMap' took 0.676
[2016.01.15-17.03.22:713][  0]LogCollectionManager: Loaded 0 collections in 0.002532 seconds
[2016.01.15-17.03.22:765][  0]LogFileCache: Scanning file cache for directory 'C:/Users/Niclas/Documents/GitHub/ProjectDoor/AutomaticDoor/Saved/Collections/' took 0.01s
[2016.01.15-17.03.22:765][  0]LogFileCache: Scanning file cache for directory 'C:/Users/Niclas/Documents/GitHub/ProjectDoor/AutomaticDoor/Content/Developers/Niclas/Collections/' took 0.01s
[2016.01.15-17.03.22:765][  0]LogFileCache: Scanning file cache for directory 'C:/Users/Niclas/Documents/GitHub/ProjectDoor/AutomaticDoor/Content/Collections/' took 0.01s
[2016.01.15-17.03.22:765][  0]LogContentBrowser: Native class hierarchy populated in 0.0103 seconds. Added 1873 classes and 335 folders.
[2016.01.15-17.03.22:780][  0]LogCollectionManager: Rebuilt the GUID cache for 0 collections in 0.000003 seconds
[2016.01.15-17.03.22:794][  0]LogContentBrowser: Native class hierarchy updated for 'WidgetCarousel' in 0.0015 seconds. Added 0 classes and 0 folders.
[2016.01.15-17.03.22:935][  0]LogContentBrowser: Native class hierarchy updated for 'AddContentDialog' in 0.0014 seconds. Added 0 classes and 0 folders.
[2016.01.15-17.03.22:948][  0]LogContentBrowser: Native class hierarchy updated for 'SceneOutliner' in 0.0015 seconds. Added 1 classes and 2 folders.
[2016.01.15-17.03.23:013][  0]LogCrashTracker: Crashtracker disabled due to settings.
[2016.01.15-17.03.23:024][  0]LogUObjectGlobals:Warning: Failed to find object 'Class None.'
[2016.01.15-17.03.23:052][  0]LogLoad: Full Startup: 10.77 seconds (BP compile: 0.21 seconds)
[2016.01.15-17.03.23:196][  0]LogContentStreaming: Texture pool size now 1000 MB
[2016.01.15-17.03.23:342][  0]LogRenderer: Reallocating scene render targets to support 1208x576 (Frame:2).
[2016.01.15-17.03.23:780][  4]LogAssetRegistry: Asset discovery search completed in 4.1777 seconds
[2016.01.15-17.03.23:780][  4]LogCollectionManager: Rebuilt the object cache for 0 collections in 0.000001 seconds (found 0 objects)
[2016.01.15-17.03.23:780][  4]LogCollectionManager: Fixed up redirectors for 0 collections in 0.000022 seconds (updated 0 objects)
[2016.01.15-17.03.25:228][145]LogBlueprintUserMessages: Early PlayInEditor Detection: Level '/Game/FirstPersonCPP/Maps/FirstPersonExampleMap.FirstPersonExampleMap:PersistentLevel' has LevelScriptBlueprint '/Game/FirstPersonCPP/Maps/FirstPersonExampleMap.FirstPersonExampleMap:PersistentLevel.FirstPersonExampleMap' with GeneratedClass '/Game/FirstPersonCPP/Maps/FirstPersonExampleMap.FirstPersonExampleMap_C' with ClassGeneratedBy '/Game/FirstPersonCPP/Maps/FirstPersonExampleMap.FirstPersonExampleMap:PersistentLevel.FirstPersonExampleMap'
[2016.01.15-17.03.25:228][145]LogPlayLevel: PlayLevel: No blueprints needed recompiling
[2016.01.15-17.03.25:229][145]PIE: New page: PIE session: FirstPersonExampleMap (Jan 15, 2016, 7:03:25 PM)
[2016.01.15-17.03.25:229][145]LogPlayLevel: Creating play world package: /Game/FirstPersonCPP/Maps/UEDPIE_0_FirstPersonExampleMap
[2016.01.15-17.03.25:231][145]LogSkinnedMeshComp:Warning: GetSocketByName(): No SkeletalMesh for CharacterMesh1P
[2016.01.15-17.03.25:269][145]LogPlayLevel: PIE: StaticDuplicateObject took: (0.040107s)
[2016.01.15-17.03.25:269][145]LogAIModule: Creating AISystem for world FirstPersonExampleMap
[2016.01.15-17.03.25:270][145]LogPlayLevel: PIE: World Init took: (0.000789s)
[2016.01.15-17.03.25:270][145]LogPlayLevel: PIE: Created PIE world by copying editor world from /Game/FirstPersonCPP/Maps/FirstPersonExampleMap.FirstPersonExampleMap to /Game/FirstPersonCPP/Maps/UEDPIE_0_FirstPersonExampleMap.FirstPersonExampleMap (0.041447s)
[2016.01.15-17.03.25:270][145]LogActorComponent: UnregisterComponent: (/Engine/Transient.CharMoveComp) Not registered. Aborting.
[2016.01.15-17.03.25:270][145]LogActorComponent: UnregisterComponent: (/Engine/Transient.PawnSensing_GEN_VARIABLE) Not registered. Aborting.
[2016.01.15-17.03.25:270][145]LogActorComponent: UnregisterComponent: (/Engine/Transient.CharacterMovementComponent_0) Not registered. Aborting.
[2016.01.15-17.03.25:296][145]LogInit: XAudio2 using 'Högtalare (Logitech G35 Gaming Headset)' : 2 channels at 44.1 kHz using 16 bits per sample (channel mask 0x3)
[2016.01.15-17.03.25:311][145]LogInit: FAudioDevice initialized.
[2016.01.15-17.03.25:363][145]LogWorld: Game class is 'AutomaticDoorGameMode'
[2016.01.15-17.03.25:387][145]LogWorld:Warning: *** WARNING - PATHS MAY NOT BE VALID ***
[2016.01.15-17.03.25:387][145]LogWorld: Bringing World /Game/FirstPersonCPP/Maps/UEDPIE_0_FirstPersonExampleMap.FirstPersonExampleMap up for play (max tick rate 0) at 2016.01.15-18.03.25
[2016.01.15-17.03.25:387][145]LogActor:Warning: GameSession /Game/FirstPersonCPP/Maps/UEDPIE_0_FirstPersonExampleMap.FirstPersonExampleMap:PersistentLevel.GameSession_0 has natively added scene component(s), but none of them were set as the actor's RootComponent - picking one arbitrarily
[2016.01.15-17.03.25:387][145]LogActor:Warning: GameNetworkManager /Game/FirstPersonCPP/Maps/UEDPIE_0_FirstPersonExampleMap.FirstPersonExampleMap:PersistentLevel.GameNetworkManager_0 has natively added scene component(s), but none of them were set as the actor's RootComponent - picking one arbitrarily
[2016.01.15-17.03.25:396][145]LogWorld: Bringing up level for play took: 0.030395
[2016.01.15-17.03.25:412][145]PIE: Info Play in editor start time for /Game/FirstPersonCPP/Maps/UEDPIE_0_FirstPersonExampleMap -0.646
[2016.01.15-17.03.25:412][145]LogBlueprintUserMessages: Late PlayInEditor Detection: Level '/Game/FirstPersonCPP/Maps/FirstPersonExampleMap.FirstPersonExampleMap:PersistentLevel' has LevelScriptBlueprint '/Game/FirstPersonCPP/Maps/FirstPersonExampleMap.FirstPersonExampleMap:PersistentLevel.FirstPersonExampleMap' with GeneratedClass '/Game/FirstPersonCPP/Maps/FirstPersonExampleMap.FirstPersonExampleMap_C' with ClassGeneratedBy '/Game/FirstPersonCPP/Maps/FirstPersonExampleMap.FirstPersonExampleMap:PersistentLevel.FirstPersonExampleMap'
[2016.01.15-17.03.29:129][568]LogBlueprintUserMessages: Early EndPlayMap Detection: Level '/Game/FirstPersonCPP/Maps/FirstPersonExampleMap.FirstPersonExampleMap:PersistentLevel' has LevelScriptBlueprint '/Game/FirstPersonCPP/Maps/FirstPersonExampleMap.FirstPersonExampleMap:PersistentLevel.FirstPersonExampleMap' with GeneratedClass '/Game/FirstPersonCPP/Maps/FirstPersonExampleMap.FirstPersonExampleMap_C' with ClassGeneratedBy '/Game/FirstPersonCPP/Maps/FirstPersonExampleMap.FirstPersonExampleMap:PersistentLevel.FirstPersonExampleMap'
[2016.01.15-17.03.29:166][568]LogBlueprintUserMessages: Late EndPlayMap Detection: Level '/Game/FirstPersonCPP/Maps/FirstPersonExampleMap.FirstPersonExampleMap:PersistentLevel' has LevelScriptBlueprint '/Game/FirstPersonCPP/Maps/FirstPersonExampleMap.FirstPersonExampleMap:PersistentLevel.FirstPersonExampleMap' with GeneratedClass '/Game/FirstPersonCPP/Maps/FirstPersonExampleMap.FirstPersonExampleMap_C' with ClassGeneratedBy '/Game/FirstPersonCPP/Maps/FirstPersonExampleMap.FirstPersonExampleMap:PersistentLevel.FirstPersonExampleMap'
[2016.01.15-17.03.29:179][568]LogParticles: Destroying 0 GPU particle simulations for FXSystem 0x0000027CBA390860
[2016.01.15-17.03.30:441][693]LogWindowsTextInputMethodSystem:Display: IME system now deactivated.
[2016.01.15-17.03.30:689][694]Cmd: QUIT_EDITOR
[2016.01.15-17.03.30:974][694]LogExit: Preparing to exit.
[2016.01.15-17.03.31:983][694]LogExit: Editor shut down
[2016.01.15-17.03.31:983][694]LogExit: Transaction tracking system shut down
[2016.01.15-17.03.31:990][694]LogParticles: Destroying 0 GPU particle simulations for FXSystem 0x0000027CC85E9760
[2016.01.15-17.03.31:990][694]LogParticles: Destroying 0 GPU particle simulations for FXSystem 0x0000027CE210F880
[2016.01.15-17.03.31:991][694]LogParticles: Destroying 0 GPU particle simulations for FXSystem 0x0000027CE21B7C40
[2016.01.15-17.03.31:991][694]LogParticles: Destroying 0 GPU particle simulations for FXSystem 0x0000027CE2DE11C0
[2016.01.15-17.03.32:111][694]LogExit: Object subsystem successfully closed.
[2016.01.15-17.03.32:139][694]LogD3D11RHI: Shutdown
[2016.01.15-17.03.32:139][694]LogD3D11RHI: CleanupD3DDevice
[2016.01.15-17.03.32:141][694]LogD3D11RHI: ~FD3D11DynamicRHI
[2016.01.15-17.03.32:169][694]LogModuleManager: Shutting down and abandoning module CrashTracker (198)
[2016.01.15-17.03.32:169][694]LogModuleManager: Shutting down and abandoning module SceneOutliner (197)
[2016.01.15-17.03.32:169][694]LogModuleManager: Shutting down and abandoning module SuperSearch (196)
[2016.01.15-17.03.32:169][694]LogModuleManager: Shutting down and abandoning module WidgetCarousel (195)
[2016.01.15-17.03.32:169][694]LogModuleManager: Shutting down and abandoning module AddContentDialog (194)
[2016.01.15-17.03.32:169][694]LogModuleManager: Shutting down and abandoning module EditorWidgets (193)
[2016.01.15-17.03.32:169][694]LogModuleManager: Shutting down and abandoning module CollectionManager (192)
[2016.01.15-17.03.32:169][694]LogModuleManager: Shutting down and abandoning module StatsViewer (191)
[2016.01.15-17.03.32:169][694]LogModuleManager: Shutting down and abandoning module FoliageEdit (190)
[2016.01.15-17.03.32:169][694]LogModuleManager: Shutting down and abandoning module LandscapeEditor (189)
[2016.01.15-17.03.32:171][694]LogModuleManager: Shutting down and abandoning module ActorPickerMode (188)
[2016.01.15-17.03.32:171][694]LogModuleManager: Shutting down and abandoning module GeometryMode (187)
[2016.01.15-17.03.32:171][694]LogModuleManager: Shutting down and abandoning module TextureAlignMode (186)
[2016.01.15-17.03.32:171][694]LogModuleManager: Shutting down and abandoning module BspMode (185)
[2016.01.15-17.03.32:171][694]LogModuleManager: Shutting down and abandoning module PlacementMode (184)
[2016.01.15-17.03.32:171][694]LogModuleManager: Shutting down and abandoning module AutomationWorker (183)
[2016.01.15-17.03.32:171][694]LogModuleManager: Shutting down and abandoning module CharacterAI (182)
[2016.01.15-17.03.32:171][694]LogModuleManager: Shutting down and abandoning module SmartSnapping (181)
[2016.01.15-17.03.32:171][694]LogModuleManager: Shutting down and abandoning module ViewportSnapping (180)
[2016.01.15-17.03.32:171][694]LogModuleManager: Shutting down and abandoning module LogVisualizer (179)
[2016.01.15-17.03.32:171][694]LogModuleManager: Shutting down and abandoning module GameProjectGeneration (178)
[2016.01.15-17.03.32:171][694]LogModuleManager: Shutting down and abandoning module IntroTutorials (177)
[2016.01.15-17.03.32:171][694]LogModuleManager: Shutting down and abandoning module EditorLiveStreaming (176)
[2016.01.15-17.03.32:171][694]LogModuleManager: Shutting down and abandoning module IOSPlatformEditor (175)
[2016.01.15-17.03.32:171][694]LogModuleManager: Shutting down and abandoning module HTML5PlatformEditor (174)
[2016.01.15-17.03.32:171][694]LogModuleManager: Shutting down and abandoning module AndroidDeviceDetection (173)
[2016.01.15-17.03.32:426][694]LogModuleManager: Shutting down and abandoning module AndroidPlatformEditor (172)
[2016.01.15-17.03.32:426][694]LogModuleManager: Shutting down and abandoning module IOSRuntimeSettings (171)
[2016.01.15-17.03.32:426][694]LogModuleManager: Shutting down and abandoning module AndroidRuntimeSettings (170)
[2016.01.15-17.03.32:426][694]LogModuleManager: Shutting down and abandoning module MergeActors (169)
[2016.01.15-17.03.32:426][694]LogModuleManager: Shutting down and abandoning module SizeMap (168)
[2016.01.15-17.03.32:426][694]LogModuleManager: Shutting down and abandoning module TreeMap (167)
[2016.01.15-17.03.32:426][694]LogModuleManager: Shutting down and abandoning module ReferenceViewer (166)
[2016.01.15-17.03.32:426][694]LogModuleManager: Shutting down and abandoning module LocalizationService (165)
[2016.01.15-17.03.32:427][694]LogModuleManager: Shutting down and abandoning module LocalizationDashboard (164)
[2016.01.15-17.03.32:427][694]LogModuleManager: Shutting down and abandoning module HardwareTargeting (163)
[2016.01.15-17.03.32:427][694]LogModuleManager: Shutting down and abandoning module DeviceProfileEditor (162)
[2016.01.15-17.03.32:427][694]LogModuleManager: Shutting down and abandoning module UndoHistory (161)
[2016.01.15-17.03.32:427][694]LogModuleManager: Shutting down and abandoning module GameplayTagsEditor (160)
[2016.01.15-17.03.32:427][694]LogModuleManager: Shutting down and abandoning module UserFeedback (159)
[2016.01.15-17.03.32:427][694]LogModuleManager: Shutting down and abandoning module XmlParser (158)
[2016.01.15-17.03.32:427][694]LogModuleManager: Shutting down and abandoning module Blutility (157)
[2016.01.15-17.03.32:427][694]LogModuleManager: Shutting down and abandoning module ProjectTargetPlatformEditor (156)
[2016.01.15-17.03.32:427][694]LogModuleManager: Shutting down and abandoning module ProjectSettingsViewer (155)
[2016.01.15-17.03.32:427][694]LogModuleManager: Shutting down and abandoning module InputBindingEditor (154)
[2016.01.15-17.03.32:427][694]LogModuleManager: Shutting down and abandoning module EditorSettingsViewer (153)
[2016.01.15-17.03.32:427][694]LogModuleManager: Shutting down and abandoning module SettingsEditor (152)
[2016.01.15-17.03.32:427][694]LogModuleManager: Shutting down and abandoning module ProjectLauncher (151)
[2016.01.15-17.03.32:427][694]LogModuleManager: Shutting down and abandoning module SessionFrontend (150)
[2016.01.15-17.03.32:427][694]LogModuleManager: Shutting down and abandoning module ProfilerClient (149)
[2016.01.15-17.03.32:428][694]LogModuleManager: Shutting down and abandoning module TargetDeviceServices (148)
[2016.01.15-17.03.32:428][694]LogModuleManager: Shutting down and abandoning module DeviceManager (147)
[2016.01.15-17.03.32:428][694]LogModuleManager: Shutting down and abandoning module AutomationController (146)
[2016.01.15-17.03.32:428][694]LogModuleManager: Shutting down and abandoning module AutomationWindow (145)
[2016.01.15-17.03.32:428][694]LogModuleManager: Shutting down and abandoning module Layers (144)
[2016.01.15-17.03.32:429][694]LogModuleManager: Shutting down and abandoning module ComponentVisualizers (143)
[2016.01.15-17.03.32:429][694]LogModuleManager: Shutting down and abandoning module DetailCustomizations (142)
[2016.01.15-17.03.32:430][694]LogModuleManager: Shutting down and abandoning module PackagesDialog (141)
[2016.01.15-17.03.32:430][694]LogModuleManager: Shutting down and abandoning module Persona (140)
[2016.01.15-17.03.32:431][694]LogModuleManager: Shutting down and abandoning module Kismet (139)
[2016.01.15-17.03.32:431][694]LogModuleManager: Shutting down and abandoning module GraphEditor (138)
[2016.01.15-17.03.32:433][694]LogModuleManager: Shutting down and abandoning module ClassViewer (137)
[2016.01.15-17.03.32:433][694]LogModuleManager: Shutting down and abandoning module Toolbox (136)
[2016.01.15-17.03.32:433][694]LogModuleManager: Shutting down and abandoning module ModuleUI (135)
[2016.01.15-17.03.32:433][694]LogModuleManager: Shutting down and abandoning module MovieSceneTools (134)
[2016.01.15-17.03.32:433][694]LogModuleManager: Shutting down and abandoning module OutputLog (133)
[2016.01.15-17.03.32:433][694]LogModuleManager: Shutting down and abandoning module GammaUI (132)
[2016.01.15-17.03.32:433][694]LogModuleManager: Shutting down and abandoning module Documentation (131)
[2016.01.15-17.03.32:433][694]LogModuleManager: Shutting down and abandoning module GameLiveStreaming (130)
[2016.01.15-17.03.32:433][694]LogModuleManager: Shutting down and abandoning module StreamingPauseRendering (129)
[2016.01.15-17.03.32:433][694]LogModuleManager: Shutting down and abandoning module AnalyticsET (128)
[2016.01.15-17.03.32:433][694]LogModuleManager: Shutting down and abandoning module Analytics (127)
[2016.01.15-17.03.32:433][694]LogModuleManager: Shutting down and abandoning module AITestSuite (126)
[2016.01.15-17.03.32:433][694]LogModuleManager: Shutting down and abandoning module GameplayDebugger (125)
[2016.01.15-17.03.32:433][694]LogModuleManager: Shutting down and abandoning module AIModule (124)
[2016.01.15-17.03.32:433][694]LogModuleManager: Shutting down and abandoning module ProfilerService (123)
[2016.01.15-17.03.32:520][694]LogModuleManager: Shutting down and abandoning module TaskGraph (122)
[2016.01.15-17.03.32:520][694]LogModuleManager: Shutting down and abandoning module SlateRemote (121)
[2016.01.15-17.03.32:520][694]LogModuleManager: Shutting down and abandoning module SteamVRController (120)
[2016.01.15-17.03.32:520][694]LogModuleManager: Shutting down and abandoning module SteamVR (119)
[2016.01.15-17.03.32:520][694]LogModuleManager: Shutting down and abandoning module ProceduralMeshComponent (118)
[2016.01.15-17.03.32:520][694]LogModuleManager: Shutting down and abandoning module OculusRift (117)
[2016.01.15-17.03.32:520][694]LogModuleManager: Shutting down and abandoning module OculusLibrary (116)
[2016.01.15-17.03.32:520][694]LogModuleManager: Shutting down and abandoning module LeapMotionController (115)
[2016.01.15-17.03.32:536][694]LogModuleManager: Shutting down and abandoning module CustomMeshComponent (114)
[2016.01.15-17.03.32:536][694]LogModuleManager: Shutting down and abandoning module CableComponent (113)
[2016.01.15-17.03.32:536][694]LogModuleManager: Shutting down and abandoning module ArchVisCharacter (112)
[2016.01.15-17.03.32:536][694]LogModuleManager: Shutting down and abandoning module MessagingDebugger (111)
[2016.01.15-17.03.32:536][694]LogModuleManager: Shutting down and abandoning module MediaPlayerEditor (110)
[2016.01.15-17.03.32:537][694]LogModuleManager: Shutting down and abandoning module HTML5Networking (109)
[2016.01.15-17.03.32:537][694]LogModuleManager: Shutting down and abandoning module SpeedTreeImporter (108)
[2016.01.15-17.03.32:537][694]LogModuleManager: Shutting down and abandoning module PluginBrowser (107)
[2016.01.15-17.03.32:537][694]LogModuleManager: Shutting down and abandoning module EpicSurvey (106)
[2016.01.15-17.03.32:537][694]LogModuleManager: Shutting down and abandoning module DesktopPlatform (105)
[2016.01.15-17.03.32:537][694]LogModuleManager: Shutting down and abandoning module VisualStudioSourceCodeAccess (104)
[2016.01.15-17.03.32:537][694]LogModuleManager: Shutting down and abandoning module UObjectPlugin (103)
[2016.01.15-17.03.32:537][694]LogModuleManager: Shutting down and abandoning module SubversionSourceControl (102)
[2016.01.15-17.03.32:537][694]LogModuleManager: Shutting down and abandoning module PerforceSourceControl (101)
[2016.01.15-17.03.32:537][694]LogModuleManager: Shutting down and abandoning module SourceControl (100)
[2016.01.15-17.03.32:537][694]LogModuleManager: Shutting down and abandoning module GitSourceControl (99)
[2016.01.15-17.03.32:537][694]LogModuleManager: Shutting down and abandoning module LightPropagationVolumeEditor (98)
[2016.01.15-17.03.32:537][694]LogModuleManager: Shutting down and abandoning module PaperTiledImporter (97)
[2016.01.15-17.03.32:537][694]LogModuleManager: Shutting down and abandoning module PaperSpriteSheetImporter (96)
[2016.01.15-17.03.32:537][694]LogModuleManager: Shutting down and abandoning module MeshPaint (95)
[2016.01.15-17.03.32:537][694]LogModuleManager: Shutting down and abandoning module SlateReflector (94)
[2016.01.15-17.03.32:537][694]LogModuleManager: Shutting down and abandoning module HotReload (93)
[2016.01.15-17.03.32:538][694]LogModuleManager: Shutting down and abandoning module MainFrame (92)
[2016.01.15-17.03.32:538][694]LogModuleManager: Shutting down and abandoning module LevelEditor (91)
[2016.01.15-17.03.32:539][694]LogModuleManager: Shutting down and abandoning module DirectoryWatcher (90)
[2016.01.15-17.03.32:539][694]LogModuleManager: Shutting down and abandoning module AssetRegistry (89)
[2016.01.15-17.03.32:568][694]LogModuleManager: Shutting down and abandoning module ContentBrowser (88)
[2016.01.15-17.03.32:569][694]LogModuleManager: Shutting down and abandoning module Paper2DEditor (87)
[2016.01.15-17.03.32:569][694]LogModuleManager: Shutting down and abandoning module AutomaticDoor (86)
[2016.01.15-17.03.32:569][694]LogModuleManager: Shutting down and abandoning module UdpMessaging (85)
[2016.01.15-17.03.32:670][694]LogModuleManager: Shutting down and abandoning module LightPropagationVolumeRuntime (84)
[2016.01.15-17.03.32:670][694]LogModuleManager: Shutting down and abandoning module Paper2D (83)
[2016.01.15-17.03.32:670][694]LogModuleManager: Shutting down and abandoning module WindowsMoviePlayer (82)
[2016.01.15-17.03.32:673][694]LogModuleManager: Shutting down and abandoning module Media (81)
[2016.01.15-17.03.32:673][694]LogModuleManager: Shutting down and abandoning module WmfMedia (80)
[2016.01.15-17.03.32:673][694]LogModuleManager: Shutting down and abandoning module OnlineBlueprintSupport (79)
[2016.01.15-17.03.32:673][694]LogModuleManager: Shutting down and abandoning module GameplayTasksEditor (78)
[2016.01.15-17.03.32:674][694]LogModuleManager: Shutting down and abandoning module PropertyEditor (77)
[2016.01.15-17.03.32:675][694]LogModuleManager: Shutting down and abandoning module BehaviorTreeEditor (76)
[2016.01.15-17.03.32:675][694]LogModuleManager: Shutting down and abandoning module FunctionalTesting (75)
[2016.01.15-17.03.32:675][694]LogModuleManager: Shutting down and abandoning module CollisionAnalyzer (74)
[2016.01.15-17.03.32:675][694]LogModuleManager: Shutting down and abandoning module WorkspaceMenuStructure (73)
[2016.01.15-17.03.32:675][694]LogModuleManager: Shutting down and abandoning module MessageLog (72)
[2016.01.15-17.03.32:675][694]LogModuleManager: Shutting down and abandoning module Sequencer (71)
[2016.01.15-17.03.32:675][694]LogModuleManager: Shutting down and abandoning module AssetTools (70)
[2016.01.15-17.03.32:677][694]LogModuleManager: Shutting down and abandoning module UMGEditor (69)
[2016.01.15-17.03.32:677][694]LogModuleManager: Shutting down and abandoning module UMG (68)
[2016.01.15-17.03.32:677][694]LogModuleManager: Shutting down and abandoning module Slate (67)
[2016.01.15-17.03.32:677][694]LogModuleManager: Shutting down and abandoning module EditorStyle (66)
[2016.01.15-17.03.32:680][694]LogModuleManager: Shutting down and abandoning module SessionServices (65)
[2016.01.15-17.03.32:680][694]LogModuleManager: Shutting down and abandoning module SourceCodeAccess (64)
[2016.01.15-17.03.32:680][694]LogModuleManager: Shutting down and abandoning module HeadMountedDisplay (63)
[2016.01.15-17.03.32:680][694]LogModuleManager: Shutting down and abandoning module XAudio2 (62)
[2016.01.15-17.03.32:680][694]LogModuleManager: Shutting down and abandoning module Networking (60)
[2016.01.15-17.03.32:680][694]LogModuleManager: Shutting down and abandoning module Core (59)
[2016.01.15-17.03.32:680][694]LogModuleManager: Shutting down and abandoning module KismetCompiler (58)
[2016.01.15-17.03.32:680][694]LogModuleManager: Shutting down and abandoning module PhysXFormats (57)
[2016.01.15-17.03.32:680][694]LogModuleManager: Shutting down and abandoning module MeshUtilities (56)
[2016.01.15-17.03.32:680][694]LogModuleManager: Shutting down and abandoning module CookingStats (55)
[2016.01.15-17.03.32:682][694]LogModuleManager: Shutting down and abandoning module DerivedDataCache (54)
[2016.01.15-17.03.32:785][694]LogDerivedDataCache: Shutdown
[2016.01.15-17.03.32:785][694]LogModuleManager: Shutting down and abandoning module ShaderFormatOpenGL (53)
[2016.01.15-17.03.32:785][694]LogModuleManager: Shutting down and abandoning module ShaderFormatD3D (52)
[2016.01.15-17.03.32:785][694]LogModuleManager: Shutting down and abandoning module MetalShaderFormat (51)
[2016.01.15-17.03.32:785][694]LogModuleManager: Shutting down and abandoning module TextureFormatUncompressed (50)
[2016.01.15-17.03.32:785][694]LogModuleManager: Shutting down and abandoning module TextureFormatPVR (49)
[2016.01.15-17.03.32:785][694]LogModuleManager: Shutting down and abandoning module TextureFormatIntelISPCTexComp (48)
[2016.01.15-17.03.32:785][694]LogModuleManager: Shutting down and abandoning module TextureFormatDXT (47)
[2016.01.15-17.03.32:785][694]LogModuleManager: Shutting down and abandoning module ImageWrapper (46)
[2016.01.15-17.03.32:785][694]LogModuleManager: Shutting down and abandoning module TextureFormatASTC (45)
[2016.01.15-17.03.32:785][694]LogModuleManager: Shutting down and abandoning module TextureFormatAndroid (44)
[2016.01.15-17.03.32:785][694]LogModuleManager: Shutting down and abandoning module AudioFormatOpus (43)
[2016.01.15-17.03.32:786][694]LogModuleManager: Shutting down and abandoning module AudioFormatOgg (42)
[2016.01.15-17.03.32:786][694]LogModuleManager: Shutting down and abandoning module AudioFormatADPCM (41)
[2016.01.15-17.03.32:786][694]LogModuleManager: Shutting down and abandoning module LinuxTargetPlatform (40)
[2016.01.15-17.03.32:786][694]LogModuleManager: Shutting down and abandoning module LinuxServerTargetPlatform (39)
[2016.01.15-17.03.32:786][694]LogModuleManager: Shutting down and abandoning module LinuxNoEditorTargetPlatform (38)
[2016.01.15-17.03.32:786][694]LogModuleManager: Shutting down and abandoning module Messaging (37)
[2016.01.15-17.03.32:786][694]LogModuleManager: Shutting down and abandoning module IOSTargetPlatform (36)
[2016.01.15-17.03.32:786][694]LogModuleManager: Shutting down and abandoning module HTML5TargetPlatform (35)
[2016.01.15-17.03.32:786][694]LogModuleManager: Shutting down and abandoning module Android_PVRTCTargetPlatform (34)
[2016.01.15-17.03.32:786][694]LogModuleManager: Shutting down and abandoning module Android_ETC2TargetPlatform (33)
[2016.01.15-17.03.32:786][694]LogModuleManager: Shutting down and abandoning module Android_ETC1TargetPlatform (32)
[2016.01.15-17.03.32:786][694]LogModuleManager: Shutting down and abandoning module Android_DXTTargetPlatform (31)
[2016.01.15-17.03.32:786][694]LogModuleManager: Shutting down and abandoning module Android_ATCTargetPlatform (30)
[2016.01.15-17.03.32:786][694]LogModuleManager: Shutting down and abandoning module Android_ASTCTargetPlatform (29)
[2016.01.15-17.03.32:786][694]LogModuleManager: Shutting down and abandoning module AndroidTargetPlatform (28)
[2016.01.15-17.03.32:786][694]LogModuleManager: Shutting down and abandoning module WindowsTargetPlatform (27)
[2016.01.15-17.03.32:786][694]LogModuleManager: Shutting down and abandoning module WindowsServerTargetPlatform (26)
[2016.01.15-17.03.32:786][694]LogModuleManager: Shutting down and abandoning module WindowsNoEditorTargetPlatform (25)
[2016.01.15-17.03.32:786][694]LogModuleManager: Shutting down and abandoning module WindowsClientTargetPlatform (24)
[2016.01.15-17.03.32:786][694]LogModuleManager: Shutting down and abandoning module AllDesktopTargetPlatform (23)
[2016.01.15-17.03.32:786][694]LogModuleManager: Shutting down and abandoning module TargetPlatform (22)
[2016.01.15-17.03.32:786][694]LogModuleManager: Shutting down and abandoning module InputCore (21)
[2016.01.15-17.03.32:786][694]LogModuleManager: Shutting down and abandoning module Settings (20)
[2016.01.15-17.03.32:786][694]LogModuleManager: Shutting down and abandoning module OnlineSubsystem (18)
[2016.01.15-17.03.32:786][694]LogModuleManager: Shutting down and abandoning module HTTP (17)
[2016.01.15-17.03.34:790][694]LogModuleManager: Shutting down and abandoning module XMPP (16)
[2016.01.15-17.03.34:792][694]LogModuleManager: Shutting down and abandoning module ExampleDeviceProfileSelector (15)
[2016.01.15-17.03.34:792][694]LogModuleManager: Shutting down and abandoning module TextureCompressor (14)
[2016.01.15-17.03.34:792][694]LogModuleManager: Shutting down and abandoning module ShaderCore (13)
[2016.01.15-17.03.34:792][694]LogModuleManager: Shutting down and abandoning module Landscape (12)
[2016.01.15-17.03.34:792][694]LogModuleManager: Shutting down and abandoning module SlateRHIRenderer (11)
[2016.01.15-17.03.34:792][694]LogModuleManager: Shutting down and abandoning module OpenGLDrv (10)
[2016.01.15-17.03.34:793][694]LogModuleManager: Shutting down and abandoning module D3D11RHI (9)
[2016.01.15-17.03.34:793][694]LogModuleManager: Shutting down and abandoning module AnimGraphRuntime (8)
[2016.01.15-17.03.34:793][694]LogModuleManager: Shutting down and abandoning module Renderer (7)
[2016.01.15-17.03.34:793][694]LogModuleManager: Shutting down and abandoning module Engine (6)
[2016.01.15-17.03.34:793][694]LogModuleManager: Shutting down and abandoning module CoreUObject (5)
[2016.01.15-17.03.34:793][694]LogModuleManager: Shutting down and abandoning module NetworkFile (4)
[2016.01.15-17.03.34:793][694]LogModuleManager: Shutting down and abandoning module StreamingFile (3)
[2016.01.15-17.03.34:793][694]LogModuleManager: Shutting down and abandoning module SandboxFile (2)
[2016.01.15-17.03.34:793][694]LogModuleManager: Shutting down and abandoning module PakFile (1)
[2016.01.15-17.03.34:794][694]LogExit: Exiting.
[2016.01.15-17.03.34:795][694]Log file closed, 01/15/16 18:03:34
