[2016.01.15-18.14.16:966][  0]Log file open, 01/15/16 19:14:16
[2016.01.15-18.14.16:966][  0]LogInit:Display: Running engine for game: AutomaticDoor
[2016.01.15-18.14.16:966][  0]LogInit:Display: RandInit(392852552) SRandInit(392852552).
[2016.01.15-18.14.16:966][  0]LogTaskGraph: Started task graph with 4 named threads and 7 total threads.
[2016.01.15-18.14.16:966][  0]LogStats: Stats thread started at 0.109462
[2016.01.15-18.14.16:966][  0]LogInit: Version: 4.9.2-2707645+++depot+UE4-Releases+4.9
[2016.01.15-18.14.16:966][  0]LogInit: API Version: 2672455
[2016.01.15-18.14.16:966][  0]LogInit: Compiled (64-bit): Sep 28 2015 10:25:44
[2016.01.15-18.14.16:966][  0]LogInit: Compiled with Visual C++: 18.00.21005.01
[2016.01.15-18.14.16:966][  0]LogInit: Build Configuration: Development
[2016.01.15-18.14.16:966][  0]LogInit: Branch Name: ++depot+UE4-Releases+4.9
[2016.01.15-18.14.16:966][  0]LogInit: Command line:  
[2016.01.15-18.14.16:966][  0]LogInit: Base directory: C:/Program Files/Epic Games/4.9/Engine/Binaries/Win64/
[2016.01.15-18.14.16:966][  0]LogInit: Rocket: 1
[2016.01.15-18.14.16:975][  0]LogInit: Using libcurl 7.41.0
[2016.01.15-18.14.16:975][  0]LogInit:  - built for x86_64-pc-win32
[2016.01.15-18.14.16:975][  0]LogInit:  - supports SSL with WinSSL
[2016.01.15-18.14.16:975][  0]LogInit:  - other features:
[2016.01.15-18.14.16:975][  0]LogInit:      CURL_VERSION_SSL
[2016.01.15-18.14.16:976][  0]LogInit:      CURL_VERSION_IPV6
[2016.01.15-18.14.16:976][  0]LogInit:      CURL_VERSION_ASYNCHDNS
[2016.01.15-18.14.16:976][  0]LogInit:      CURL_VERSION_LARGEFILE
[2016.01.15-18.14.16:976][  0]LogInit:      CURL_VERSION_IDN
[2016.01.15-18.14.16:976][  0]LogInit:  CurlRequestOptions (configurable via config and command line):
[2016.01.15-18.14.16:976][  0]LogInit:  - bVerifyPeer = true  - Libcurl will verify peer certificate
[2016.01.15-18.14.16:976][  0]LogInit:  - bUseHttpProxy = false  - Libcurl will NOT use HTTP proxy
[2016.01.15-18.14.16:976][  0]LogInit:  - bDontReuseConnections = false  - Libcurl will reuse connections
[2016.01.15-18.14.16:976][  0]LogInit:  - CertBundlePath = nullptr  - Libcurl will use whatever was configured at build time.
[2016.01.15-18.14.16:982][  0]LogInit: Presizing for 0 objects not considered by GC, pre-allocating 0 bytes.
[2016.01.15-18.14.16:988][  0]LogInit: Object subsystem initialized
[2016.01.15-18.14.16:990][  0]LogInit: Selected Device Profile: [Windows]
[2016.01.15-18.14.16:990][  0]LogInit: Applying CVar settings loaded from the selected device profile: [Windows]
[2016.01.15-18.14.16:996][  0]LogInit: Computer: FIDUS
[2016.01.15-18.14.16:996][  0]LogInit: User: Niclas
[2016.01.15-18.14.16:996][  0]LogInit: CPU Page size=4096, Cores=4
[2016.01.15-18.14.16:996][  0]LogInit: High frequency timer resolution =3.386479 MHz
[2016.01.15-18.14.16:996][  0]LogMemory: Memory total: Physical=15.9GB (16GB approx)
[2016.01.15-18.14.16:996][  0]LogMemory: Platform Memory Stats for Windows
[2016.01.15-18.14.16:996][  0]LogMemory: Process Physical Memory: 55.14 MB used, 55.14 MB peak
[2016.01.15-18.14.16:996][  0]LogMemory: Process Virtual Memory: 55.32 MB used, 55.32 MB peak
[2016.01.15-18.14.16:996][  0]LogMemory: Physical Memory: 2178.16 MB used, 16332.28 MB total
[2016.01.15-18.14.16:996][  0]LogMemory: Virtual Memory: 368.62 MB used, 134217728.00 MB total
[2016.01.15-18.14.17:027][  0]LogTextLocalizationManager: No translations for ('sv-SE') exist, falling back to 'en' for localization and internationalization data.
[2016.01.15-18.14.17:558][  0]LogD3D11RHI: Found D3D11 adapter 0: AMD Radeon HD 7800 Series (Feature Level 11_0)
[2016.01.15-18.14.17:558][  0]LogD3D11RHI: Adapter has 2030MB of dedicated video memory, 0MB of dedicated system memory, and 8166MB of shared system memory, 1 output[s]
[2016.01.15-18.14.17:559][  0]LogD3D11RHI: Found D3D11 adapter 1: Microsoft Basic Render Driver (Feature Level 11_0)
[2016.01.15-18.14.17:559][  0]LogD3D11RHI: Adapter has 0MB of dedicated video memory, 0MB of dedicated system memory, and 8166MB of shared system memory, 0 output[s]
[2016.01.15-18.14.17:559][  0]LogD3D11RHI: Chosen D3D11 Adapter Id = 0
[2016.01.15-18.14.17:562][  0]LogD3D11RHI: !Direct3DDevice
[2016.01.15-18.14.17:562][  0]LogRHI: Texture pool is 1361 MB (70% of 1945 MB)
[2016.01.15-18.14.17:567][  0]LogD3D11RHI: Async texture creation disabled: no driver support
[2016.01.15-18.14.17:576][  0]LogShaderCompilers: Guid format shader working directory is 15 characters bigger than the processId version (../../../../../../Users/Niclas/Documents/GitHub/ProjectDoor/AutomaticDoor/Intermediate/Shaders/WorkingDirectory/7032/).
[2016.01.15-18.14.17:576][  0]LogShaderCompilers: Cleaned the shader compiler working directory '../../../../../../Users/Niclas/Documents/GitHub/ProjectDoor/AutomaticDoor/Intermediate/Shaders/tmp/21D300D940AE22DD59B201AA1E3B1896/'.
[2016.01.15-18.14.17:576][  0]LogShaderCompilers:Display: Using Local Shader Compiler.
[2016.01.15-18.14.18:559][  0]LogTemp:Display: Loaded TP AllDesktopTargetPlatform
[2016.01.15-18.14.18:564][  0]LogTemp:Display: Loaded TP WindowsClientTargetPlatform
[2016.01.15-18.14.18:569][  0]LogTemp:Display: Loaded TP WindowsNoEditorTargetPlatform
[2016.01.15-18.14.18:574][  0]LogTemp:Display: Loaded TP WindowsServerTargetPlatform
[2016.01.15-18.14.18:579][  0]LogTemp:Display: Loaded TP WindowsTargetPlatform
[2016.01.15-18.14.18:582][  0]LogTemp:Display: Loaded TP AndroidTargetPlatform
[2016.01.15-18.14.18:585][  0]LogTemp:Display: Loaded TP Android_ASTCTargetPlatform
[2016.01.15-18.14.18:588][  0]LogTemp:Display: Loaded TP Android_ATCTargetPlatform
[2016.01.15-18.14.18:591][  0]LogTemp:Display: Loaded TP Android_DXTTargetPlatform
[2016.01.15-18.14.18:595][  0]LogTemp:Display: Loaded TP Android_ETC1TargetPlatform
[2016.01.15-18.14.18:598][  0]LogTemp:Display: Loaded TP Android_ETC2TargetPlatform
[2016.01.15-18.14.18:601][  0]LogTemp:Display: Loaded TP Android_PVRTCTargetPlatform
[2016.01.15-18.14.18:602][  0]LogTemp:Display: Loaded TP HTML5TargetPlatform
[2016.01.15-18.14.18:619][  0]LogTemp:Display: Loaded TP IOSTargetPlatform
[2016.01.15-18.14.18:622][  0]LogTemp:Display: Loaded TP LinuxNoEditorTargetPlatform
[2016.01.15-18.14.18:625][  0]LogTemp:Display: Loaded TP LinuxServerTargetPlatform
[2016.01.15-18.14.18:628][  0]LogTemp:Display: Loaded TP LinuxTargetPlatform
[2016.01.15-18.14.18:628][  0]LogTargetPlatformManager:Display: Building Assets For Windows
[2016.01.15-18.14.18:717][  0]LogDerivedDataCache:Display: Max Cache Size: 512 MB
[2016.01.15-18.14.18:907][  0]LogDerivedDataCache: Loaded boot cache 0.19s 44MB C:/Users/Niclas/AppData/Local/UnrealEngine/4.9/DerivedDataCache/Boot.ddc.
[2016.01.15-18.14.18:907][  0]LogDerivedDataCache:Display: Loaded Boot cache: C:/Users/Niclas/AppData/Local/UnrealEngine/4.9/DerivedDataCache/Boot.ddc
[2016.01.15-18.14.18:908][  0]LogDerivedDataCache: FDerivedDataBackendGraph:  Pak pak cache file ../../../../../../Users/Niclas/Documents/GitHub/ProjectDoor/AutomaticDoor/DerivedDataCache/DDC.ddp not found, will not use a pak cache.
[2016.01.15-18.14.18:908][  0]LogDerivedDataCache: Unable to find inner node Pak for hierarchical cache Hierarchy.
[2016.01.15-18.14.18:908][  0]LogDerivedDataCache: FDerivedDataBackendGraph:  CompressedPak pak cache file ../../../../../../Users/Niclas/Documents/GitHub/ProjectDoor/AutomaticDoor/DerivedDataCache/Compressed.ddp not found, will not use a pak cache.
[2016.01.15-18.14.18:908][  0]LogDerivedDataCache: Unable to find inner node CompressedPak for hierarchical cache Hierarchy.
[2016.01.15-18.14.19:048][  0]LogDerivedDataCache:Display: Pak cache opened for reading ../../../Engine/DerivedDataCache/Compressed.ddp.
[2016.01.15-18.14.19:060][  0]LogDerivedDataCache: Using Local data cache path C:/Users/Niclas/AppData/Local/UnrealEngine/Common/DerivedDataCache: Writable
[2016.01.15-18.14.19:861][  0]LogInit: Selected Device Profile: [Windows]
[2016.01.15-18.14.19:881][  0]LogContentStreaming: Texture pool size is 0.000000MB
[2016.01.15-18.14.20:119][  0]LogMeshUtilities: No automatic mesh reduction module available
[2016.01.15-18.14.20:119][  0]LogMeshUtilities: No automatic mesh merging module available
[2016.01.15-18.14.20:614][  0]LogInit: WinSock: version 1.1 (2.2), MaxSocks=32767, MaxUdp=65467
[2016.01.15-18.14.22:691][  0]UdpMessaging: Initializing bridge on interface 0.0.0.0:0 to multicast group 230.0.0.1:6666.
[2016.01.15-18.14.22:784][  0]LogSkinnedMeshComp:Warning: GetSocketByName(): No SkeletalMesh for CharacterMesh1P
[2016.01.15-18.14.22:940][  0]LogLinker:Warning: Asset '../../../../../../Users/Niclas/Documents/GitHub/ProjectDoor/AutomaticDoor/Content/Mannequin/Animations/ThirdPerson_AnimBP.uasset' has been saved with empty engine version. The asset will be loaded but may be incompatible.
[2016.01.15-18.14.22:943][  0]LogLinker:Warning: Asset '../../../../../../Users/Niclas/Documents/GitHub/ProjectDoor/AutomaticDoor/Content/Mannequin/Animations/ThirdPerson_Jump.uasset' has been saved with empty engine version. The asset will be loaded but may be incompatible.
[2016.01.15-18.14.22:946][  0]LogLinker:Warning: Asset '../../../../../../Users/Niclas/Documents/GitHub/ProjectDoor/AutomaticDoor/Content/Mannequin/Animations/ThirdPersonJump_Loop.uasset' has been saved with empty engine version. The asset will be loaded but may be incompatible.
[2016.01.15-18.14.22:948][  0]LogLinker:Warning: Asset '../../../../../../Users/Niclas/Documents/GitHub/ProjectDoor/AutomaticDoor/Content/Mannequin/Animations/ThirdPersonJump_Start.uasset' has been saved with empty engine version. The asset will be loaded but may be incompatible.
[2016.01.15-18.14.22:950][  0]LogLinker:Warning: Asset '../../../../../../Users/Niclas/Documents/GitHub/ProjectDoor/AutomaticDoor/Content/Mannequin/Animations/ThirdPerson_IdleRun_2D.uasset' has been saved with empty engine version. The asset will be loaded but may be incompatible.
[2016.01.15-18.14.22:951][  0]LogLinker:Warning: Asset '../../../../../../Users/Niclas/Documents/GitHub/ProjectDoor/AutomaticDoor/Content/Mannequin/Animations/ThirdPersonIdle.uasset' has been saved with empty engine version. The asset will be loaded but may be incompatible.
[2016.01.15-18.14.22:954][  0]LogLinker:Warning: Asset '../../../../../../Users/Niclas/Documents/GitHub/ProjectDoor/AutomaticDoor/Content/Mannequin/Animations/ThirdPersonRun.uasset' has been saved with empty engine version. The asset will be loaded but may be incompatible.
[2016.01.15-18.14.22:956][  0]LogLinker:Warning: Asset '../../../../../../Users/Niclas/Documents/GitHub/ProjectDoor/AutomaticDoor/Content/Mannequin/Animations/ThirdPersonWalk.uasset' has been saved with empty engine version. The asset will be loaded but may be incompatible.
[2016.01.15-18.14.22:997][  0]LogLinker:Warning: Asset '../../../../../../Users/Niclas/Documents/GitHub/ProjectDoor/AutomaticDoor/Content/FirstPerson/Meshes/FirstPersonProjectileMesh.uasset' has been saved with empty engine version. The asset will be loaded but may be incompatible.
[2016.01.15-18.14.23:136][  0]LogSkinnedMeshComp:Warning: GetSocketByName(): No SkeletalMesh for CharacterMesh1P
[2016.01.15-18.14.23:159][  0]LogSkinnedMeshComp:Warning: GetSocketByName(): No SkeletalMesh for CharacterMesh1P
[2016.01.15-18.14.23:160][  0]LogSkinnedMeshComp:Warning: GetSocketByName(): No SkeletalMesh for CharacterMesh1P
[2016.01.15-18.14.23:163][  0]LogSkinnedMeshComp:Warning: GetSocketByName(): No SkeletalMesh for CharacterMesh1P
[2016.01.15-18.14.23:167][  0]LogSkinnedMeshComp:Warning: GetSocketByName(): No SkeletalMesh for CharacterMesh1P
[2016.01.15-18.14.23:169][  0]LogSkinnedMeshComp:Warning: GetSocketByName(): No SkeletalMesh for CharacterMesh1P
[2016.01.15-18.14.23:541][  0]LogAssetRegistry: FAssetRegistry took 0.0125 seconds to start up
[2016.01.15-18.14.23:896][  0]SourceControl: Info Source control is disabled
[2016.01.15-18.14.23:897][  0]SourceControl: Info Source control is disabled
[2016.01.15-18.14.23:914][  0]SourceControl: Info Source control is disabled
[2016.01.15-18.14.23:933][  0]SourceControl: Info Source control is disabled
[2016.01.15-18.14.24:131][  0]LogLinker:Warning: Asset '../../../Engine/Plugins/Runtime/LeapMotionController/Content/LM_PassthroughMaterial.uasset' has been saved with empty engine version. The asset will be loaded but may be incompatible.
[2016.01.15-18.14.24:252][  0]LogObj: 35574 objects as part of root set at end of initial load.
[2016.01.15-18.14.24:252][  0]LogUObjectAllocator: 8616464 out of 0 bytes used by permanent object pool.
[2016.01.15-18.14.24:377][  0]LogEngine: Initializing Engine...
[2016.01.15-18.14.24:381][  0]LogHMD: Can't find Oculus library dev build: is proper Runtime installed? Version: 0.7.0.0
[2016.01.15-18.14.24:388][  0]LogHMD: SteamVR failed to initialize.  Err: 110
[2016.01.15-18.14.24:559][  0]LogAIModule: Creating AISystem for world NewWorld
[2016.01.15-18.14.24:589][  0]LogInit: XAudio2 using 'Högtalare (Logitech G35 Gaming Headset)' : 2 channels at 44.1 kHz using 16 bits per sample (channel mask 0x3)
[2016.01.15-18.14.24:617][  0]LogInit: FAudioDevice initialized.
[2016.01.15-18.14.24:635][  0]LogDerivedDataCache: Saved boot cache 0.02s 44MB C:/Users/Niclas/AppData/Local/UnrealEngine/4.9/DerivedDataCache/Boot.ddc.
[2016.01.15-18.14.24:663][  0]LogInit: Texture streaming: Enabled
[2016.01.15-18.14.24:682][  0]LogAnalytics: Creating configured Analytics provider AnalyticsET
[2016.01.15-18.14.24:682][  0]LogAnalytics: [UEEditor.Rocket.Release] APIServer = http://et2.epicgames.com/ET2/. AppVersion = 4.9.2-2707645+++depot+UE4-Releases+4.9
[2016.01.15-18.14.24:682][  0]LogAnalytics: [UEEditor.Rocket.Release] SetUserId 8d5f2d8b4e520712a8f1e688fed765ab|99f216c1865e471987722078da7bde5f|50f43dcd-c54f-4aa6-a5c1-e948023fc359
[2016.01.15-18.14.24:682][  0]LogAnalytics: [UEEditor.Rocket.Release] AnalyticsET::StartSession
[2016.01.15-18.14.24:700][  0]LogWindowsTextInputMethodSystem:Display: IME system now deactivated.
[2016.01.15-18.14.24:765][  0]LogInit: Transaction tracking system initialized
[2016.01.15-18.14.25:008][  0]BlueprintLog: New page: Editor Load
[2016.01.15-18.14.25:460][  0]LocalizationService: Info Localization service is disabled
[2016.01.15-18.14.25:732][  0]LogConsoleResponse:Display: 
[2016.01.15-18.14.25:904][  0]LogCook:Display: Done creating registry. It took  0.00s.
[2016.01.15-18.14.26:106][  0]LogFileCache: Scanning file cache for directory 'C:/Users/Niclas/Documents/GitHub/ProjectDoor/AutomaticDoor/Content/' took 0.02s
[2016.01.15-18.14.26:106][  0]SourceControl: Info Source control is disabled
[2016.01.15-18.14.26:109][  0]Cmd: MAP LOAD FILE="../../../../../../Users/Niclas/Documents/GitHub/ProjectDoor/AutomaticDoor/Content/FirstPersonCPP/Maps/FirstPersonExampleMap.umap" TEMPLATE=0 SHOWPROGRESS=1 FEATURELEVEL=3
[2016.01.15-18.14.26:110][  0]LightingResults: New page: Lighting Build
[2016.01.15-18.14.26:119][  0]MapCheck: New page: Map Check
[2016.01.15-18.14.26:119][  0]LightingResults: New page: Lighting Build
[2016.01.15-18.14.26:139][  0]LogParticles: Destroying 0 GPU particle simulations for FXSystem 0x000001B729CE2480
[2016.01.15-18.14.26:497][  0]LogBlueprint:Warning: [compiler FirstPersonExampleMap] Warning Node  Unknown  is not referencing a valid level actor
[2016.01.15-18.14.26:498][  0]LogBlueprint:Warning: [compiler FirstPersonExampleMap] Warning [0010.44] Compile of FirstPersonExampleMap successful, but with 1 Warning(s) [in 1 ms]
[2016.01.15-18.14.26:498][  0]LogBlueprint:Warning: [compiler FirstPersonExampleMap] Warning [0010.44] Compile of FirstPersonExampleMap successful, but with 2 Warning(s) [in 0 ms]
[2016.01.15-18.14.26:498][  0]LogBlueprint:Warning: [compiler FirstPersonExampleMap] Warning [0010.44] Compile of FirstPersonExampleMap successful, but with 3 Warning(s) [in 0 ms]
[2016.01.15-18.14.26:500][  0]LogBlueprint:Warning: [compiler FirstPersonExampleMap] Warning Node  Unknown  is not referencing a valid level actor
[2016.01.15-18.14.26:500][  0]LogBlueprint:Warning: [compiler FirstPersonExampleMap] Warning [0010.44] Compile of FirstPersonExampleMap successful, but with 1 Warning(s) [in 1 ms]
[2016.01.15-18.14.26:501][  0]LogBlueprint:Warning: [compiler FirstPersonExampleMap] Warning [0010.44] Compile of FirstPersonExampleMap successful, but with 2 Warning(s) [in 0 ms]
[2016.01.15-18.14.26:501][  0]LogBlueprint:Warning: [compiler FirstPersonExampleMap] Warning [0010.44] Compile of FirstPersonExampleMap successful, but with 3 Warning(s) [in 0 ms]
[2016.01.15-18.14.26:502][  0]LogSkinnedMeshComp:Warning: GetSocketByName(): No SkeletalMesh for CharacterMesh1P
[2016.01.15-18.14.26:827][  0]LogAIModule: Creating AISystem for world FirstPersonExampleMap
[2016.01.15-18.14.26:865][  0]LogEditorServer: Finished looking for orphan Actors (0.000 secs)
[2016.01.15-18.14.26:868][  0]Cmd: MAP CHECKDEP NOCLEARLOG
[2016.01.15-18.14.26:956][  0]MapCheck: Info Map check complete: 0 Error(s), 0 Warning(s), took 87.81ms to complete.
[2016.01.15-18.14.26:956][  0]LogFileHelpers: Loading map 'FirstPersonExampleMap' took 0.849
[2016.01.15-18.14.27:132][  0]LogCollectionManager: Loaded 0 collections in 0.002518 seconds
[2016.01.15-18.14.27:186][  0]LogFileCache: Scanning file cache for directory 'C:/Users/Niclas/Documents/GitHub/ProjectDoor/AutomaticDoor/Saved/Collections/' took 0.01s
[2016.01.15-18.14.27:186][  0]LogFileCache: Scanning file cache for directory 'C:/Users/Niclas/Documents/GitHub/ProjectDoor/AutomaticDoor/Content/Developers/Niclas/Collections/' took 0.01s
[2016.01.15-18.14.27:186][  0]LogFileCache: Scanning file cache for directory 'C:/Users/Niclas/Documents/GitHub/ProjectDoor/AutomaticDoor/Content/Collections/' took 0.01s
[2016.01.15-18.14.27:186][  0]LogContentBrowser: Native class hierarchy populated in 0.0110 seconds. Added 1873 classes and 335 folders.
[2016.01.15-18.14.27:201][  0]LogCollectionManager: Rebuilt the GUID cache for 0 collections in 0.000003 seconds
[2016.01.15-18.14.27:216][  0]LogContentBrowser: Native class hierarchy updated for 'WidgetCarousel' in 0.0014 seconds. Added 0 classes and 0 folders.
[2016.01.15-18.14.27:416][  0]LogContentBrowser: Native class hierarchy updated for 'AddContentDialog' in 0.0014 seconds. Added 0 classes and 0 folders.
[2016.01.15-18.14.27:440][  0]LogContentBrowser: Native class hierarchy updated for 'SceneOutliner' in 0.0015 seconds. Added 1 classes and 2 folders.
[2016.01.15-18.14.27:524][  0]LogCrashTracker: Crashtracker disabled due to settings.
[2016.01.15-18.14.27:536][  0]LogUObjectGlobals:Warning: Failed to find object 'Class None.'
[2016.01.15-18.14.27:559][  0]LogLoad: Full Startup: 11.50 seconds (BP compile: 0.21 seconds)
[2016.01.15-18.14.27:677][  0]LogContentStreaming: Texture pool size now 1000 MB
[2016.01.15-18.14.27:802][  0]LogRenderer: Reallocating scene render targets to support 1208x576 (Frame:2).
[2016.01.15-18.14.29:052][  4]LogAssetRegistry: Asset discovery search completed in 5.5230 seconds
[2016.01.15-18.14.29:052][  4]LogCollectionManager: Rebuilt the object cache for 0 collections in 0.000001 seconds (found 0 objects)
[2016.01.15-18.14.29:052][  4]LogCollectionManager: Fixed up redirectors for 0 collections in 0.000038 seconds (updated 0 objects)
[2016.01.15-18.14.35:215][527]LogBlueprintUserMessages: Early PlayInEditor Detection: Level '/Game/FirstPersonCPP/Maps/FirstPersonExampleMap.FirstPersonExampleMap:PersistentLevel' has LevelScriptBlueprint '/Game/FirstPersonCPP/Maps/FirstPersonExampleMap.FirstPersonExampleMap:PersistentLevel.FirstPersonExampleMap' with GeneratedClass '/Game/FirstPersonCPP/Maps/FirstPersonExampleMap.FirstPersonExampleMap_C' with ClassGeneratedBy '/Game/FirstPersonCPP/Maps/FirstPersonExampleMap.FirstPersonExampleMap:PersistentLevel.FirstPersonExampleMap'
[2016.01.15-18.14.35:215][527]LogPlayLevel: PlayLevel: No blueprints needed recompiling
[2016.01.15-18.14.35:215][527]PIE: New page: PIE session: FirstPersonExampleMap (Jan 15, 2016, 8:14:35 PM)
[2016.01.15-18.14.35:215][527]LogPlayLevel: Creating play world package: /Game/FirstPersonCPP/Maps/UEDPIE_0_FirstPersonExampleMap
[2016.01.15-18.14.35:218][527]LogSkinnedMeshComp:Warning: GetSocketByName(): No SkeletalMesh for CharacterMesh1P
[2016.01.15-18.14.35:256][527]LogPlayLevel: PIE: StaticDuplicateObject took: (0.040865s)
[2016.01.15-18.14.35:257][527]LogAIModule: Creating AISystem for world FirstPersonExampleMap
[2016.01.15-18.14.35:257][527]LogPlayLevel: PIE: World Init took: (0.000796s)
[2016.01.15-18.14.35:257][527]LogPlayLevel: PIE: Created PIE world by copying editor world from /Game/FirstPersonCPP/Maps/FirstPersonExampleMap.FirstPersonExampleMap to /Game/FirstPersonCPP/Maps/UEDPIE_0_FirstPersonExampleMap.FirstPersonExampleMap (0.041886s)
[2016.01.15-18.14.35:257][527]LogActorComponent: UnregisterComponent: (/Engine/Transient.CharMoveComp) Not registered. Aborting.
[2016.01.15-18.14.35:257][527]LogActorComponent: UnregisterComponent: (/Engine/Transient.PawnSensing_GEN_VARIABLE) Not registered. Aborting.
[2016.01.15-18.14.35:257][527]LogActorComponent: UnregisterComponent: (/Engine/Transient.CharacterMovementComponent_0) Not registered. Aborting.
[2016.01.15-18.14.35:257][527]LogActorComponent: UnregisterComponent: (/Engine/Transient.PawnSensingComponent_0) Not registered. Aborting.
[2016.01.15-18.14.35:286][527]LogInit: XAudio2 using 'Högtalare (Logitech G35 Gaming Headset)' : 2 channels at 44.1 kHz using 16 bits per sample (channel mask 0x3)
[2016.01.15-18.14.35:302][527]LogInit: FAudioDevice initialized.
[2016.01.15-18.14.35:350][527]LogWorld: Game class is 'AutomaticDoorGameMode'
[2016.01.15-18.14.35:378][527]LogWorld:Warning: *** WARNING - PATHS MAY NOT BE VALID ***
[2016.01.15-18.14.35:378][527]LogWorld: Bringing World /Game/FirstPersonCPP/Maps/UEDPIE_0_FirstPersonExampleMap.FirstPersonExampleMap up for play (max tick rate 0) at 2016.01.15-19.14.35
[2016.01.15-18.14.35:378][527]LogActor:Warning: GameSession /Game/FirstPersonCPP/Maps/UEDPIE_0_FirstPersonExampleMap.FirstPersonExampleMap:PersistentLevel.GameSession_0 has natively added scene component(s), but none of them were set as the actor's RootComponent - picking one arbitrarily
[2016.01.15-18.14.35:379][527]LogActor:Warning: GameNetworkManager /Game/FirstPersonCPP/Maps/UEDPIE_0_FirstPersonExampleMap.FirstPersonExampleMap:PersistentLevel.GameNetworkManager_0 has natively added scene component(s), but none of them were set as the actor's RootComponent - picking one arbitrarily
[2016.01.15-18.14.35:388][527]LogWorld: Bringing up level for play took: 0.036643
[2016.01.15-18.14.35:404][527]PIE: Info Play in editor start time for /Game/FirstPersonCPP/Maps/UEDPIE_0_FirstPersonExampleMap -0.719
[2016.01.15-18.14.35:404][527]LogBlueprintUserMessages: Late PlayInEditor Detection: Level '/Game/FirstPersonCPP/Maps/FirstPersonExampleMap.FirstPersonExampleMap:PersistentLevel' has LevelScriptBlueprint '/Game/FirstPersonCPP/Maps/FirstPersonExampleMap.FirstPersonExampleMap:PersistentLevel.FirstPersonExampleMap' with GeneratedClass '/Game/FirstPersonCPP/Maps/FirstPersonExampleMap.FirstPersonExampleMap_C' with ClassGeneratedBy '/Game/FirstPersonCPP/Maps/FirstPersonExampleMap.FirstPersonExampleMap:PersistentLevel.FirstPersonExampleMap'
[2016.01.15-18.15.14:286][824]LogBlueprintUserMessages: Early EndPlayMap Detection: Level '/Game/FirstPersonCPP/Maps/FirstPersonExampleMap.FirstPersonExampleMap:PersistentLevel' has LevelScriptBlueprint '/Game/FirstPersonCPP/Maps/FirstPersonExampleMap.FirstPersonExampleMap:PersistentLevel.FirstPersonExampleMap' with GeneratedClass '/Game/FirstPersonCPP/Maps/FirstPersonExampleMap.FirstPersonExampleMap_C' with ClassGeneratedBy '/Game/FirstPersonCPP/Maps/FirstPersonExampleMap.FirstPersonExampleMap:PersistentLevel.FirstPersonExampleMap'
[2016.01.15-18.15.14:325][824]LogBlueprintUserMessages: Late EndPlayMap Detection: Level '/Game/FirstPersonCPP/Maps/FirstPersonExampleMap.FirstPersonExampleMap:PersistentLevel' has LevelScriptBlueprint '/Game/FirstPersonCPP/Maps/FirstPersonExampleMap.FirstPersonExampleMap:PersistentLevel.FirstPersonExampleMap' with GeneratedClass '/Game/FirstPersonCPP/Maps/FirstPersonExampleMap.FirstPersonExampleMap_C' with ClassGeneratedBy '/Game/FirstPersonCPP/Maps/FirstPersonExampleMap.FirstPersonExampleMap:PersistentLevel.FirstPersonExampleMap'
[2016.01.15-18.15.14:340][824]LogParticles: Destroying 0 GPU particle simulations for FXSystem 0x000001B73430BD80
[2016.01.15-18.15.24:242][743]MapCheck: New page: Map Check
[2016.01.15-18.15.24:275][743]Cmd: MAP REBUILD ALLVISIBLE
[2016.01.15-18.15.24:275][743]LogEditorServer: Rebuildmap Clear paths rebuilt
[2016.01.15-18.15.24:352][743]LogEditorServer: Cleared 5 NULL BSP materials after rebuild.
[2016.01.15-18.15.24:353][743]LightingResults: New page: Lighting Build - Jan 15, 2016, 8:15:24 PM
[2016.01.15-18.15.34:824][743]LogStaticLightingSystem: Running Lightmass w/ ImmediateImport mode ENABLED
[2016.01.15-18.15.34:824][743]LogStaticLightingSystem: Running Lightmass w/ ImmediateProcess mode ENABLED
[2016.01.15-18.15.34:824][743]LogStaticLightingSystem: Running Lightmass w/ Sorting mode ENABLED
[2016.01.15-18.15.34:824][743]LogStaticLightingSystem: Running Lightmass w/ Mapping paddings ENABLED
[2016.01.15-18.15.34:824][743]LogStaticLightingSystem: Running Lightmass w/ Mapping debug paddings DISABLED
[2016.01.15-18.15.35:012][743]LogEditorBuildUtils: Build time 0:00:10
[2016.01.15-18.19.44:117][ 64]Job is a success!
[2016.01.15-18.19.51:511][ 65]LogTexture:Display: Building textures: SkyOcclusion0_1 (AutoDXT)
[2016.01.15-18.19.51:815][ 65]LogTexture:Display: Building textures: LQ_Lightmap_0_26 (DXT1)
[2016.01.15-18.19.51:818][ 65]LogTexture:Display: Building textures: HQ_Lightmap0_26 (AutoDXT)
[2016.01.15-18.19.51:821][ 65]LogTexture:Display: Building textures: SkyOcclusion0_26 (AutoDXT)
[2016.01.15-18.19.51:822][ 65]LogTexture:Display: Building textures: LQ_Lightmap_0_25 (DXT1)
[2016.01.15-18.19.51:825][ 65]LogTexture:Display: Building textures: HQ_Lightmap0_25 (AutoDXT)
[2016.01.15-18.19.51:830][ 65]LogTexture:Display: Building textures: SkyOcclusion0_25 (AutoDXT)
[2016.01.15-18.19.51:833][ 65]LogTexture:Display: Building textures: LQ_Lightmap_0_24 (DXT1)
[2016.01.15-18.19.51:838][ 65]LogTexture:Display: Building textures: HQ_Lightmap0_24 (AutoDXT)
[2016.01.15-18.19.51:860][ 65]LogTexture:Display: Building textures: SkyOcclusion0_24 (AutoDXT)
[2016.01.15-18.19.51:875][ 65]LogTexture:Display: Building textures: LQ_Lightmap_0_23 (DXT1)
[2016.01.15-18.19.51:969][ 65]LogTexture:Display: Building textures: HQ_Lightmap0_23 (AutoDXT)
[2016.01.15-18.19.52:165][ 65]LogTexture:Display: Building textures: SkyOcclusion0_23 (AutoDXT)
[2016.01.15-18.19.52:274][ 65]LogTexture:Display: Building textures: LQ_Lightmap_0_22 (DXT1)
[2016.01.15-18.19.52:463][ 65]LogTexture:Display: Building textures: HQ_Lightmap0_22 (AutoDXT)
[2016.01.15-18.19.52:931][ 65]LogTexture:Display: Building textures: SkyOcclusion0_22 (AutoDXT)
[2016.01.15-18.19.53:159][ 65]LogTexture:Display: Building textures: LQ_Lightmap_0_21 (DXT1)
[2016.01.15-18.19.53:326][ 65]LogTexture:Display: Building textures: HQ_Lightmap0_21 (AutoDXT)
[2016.01.15-18.19.53:707][ 65]LogTexture:Display: Building textures: SkyOcclusion0_21 (AutoDXT)
[2016.01.15-18.19.53:890][ 65]LogTexture:Display: Building textures: LQ_Lightmap_0_20 (DXT1)
[2016.01.15-18.19.54:058][ 65]LogTexture:Display: Building textures: HQ_Lightmap0_20 (AutoDXT)
[2016.01.15-18.19.54:519][ 65]LogTexture:Display: Building textures: SkyOcclusion0_20 (AutoDXT)
[2016.01.15-18.19.54:716][ 65]LogTexture:Display: Building textures: LQ_Lightmap_0_19 (DXT1)
[2016.01.15-18.19.54:880][ 65]LogTexture:Display: Building textures: HQ_Lightmap0_19 (AutoDXT)
[2016.01.15-18.19.55:263][ 65]LogTexture:Display: Building textures: SkyOcclusion0_19 (AutoDXT)
[2016.01.15-18.19.55:476][ 65]LogTexture:Display: Building textures: LQ_Lightmap_0_18 (DXT1)
[2016.01.15-18.19.55:656][ 65]LogTexture:Display: Building textures: HQ_Lightmap0_18 (AutoDXT)
[2016.01.15-18.19.56:309][ 65]LogTexture:Display: Building textures: SkyOcclusion0_18 (AutoDXT)
[2016.01.15-18.19.56:566][ 65]LogTexture:Display: Building textures: LQ_Lightmap_0_17 (DXT1)
[2016.01.15-18.19.56:721][ 65]LogTexture:Display: Building textures: HQ_Lightmap0_17 (AutoDXT)
[2016.01.15-18.19.57:065][ 65]LogTexture:Display: Building textures: SkyOcclusion0_17 (AutoDXT)
[2016.01.15-18.19.57:282][ 65]LogTexture:Display: Building textures: LQ_Lightmap_0_16 (DXT1)
[2016.01.15-18.19.57:513][ 65]LogTexture:Display: Building textures: HQ_Lightmap0_16 (AutoDXT)
[2016.01.15-18.19.58:328][ 65]LogTexture:Display: Building textures: SkyOcclusion0_16 (AutoDXT)
[2016.01.15-18.19.58:641][ 65]LogTexture:Display: Building textures: LQ_Lightmap_0_15 (DXT1)
[2016.01.15-18.19.58:820][ 65]LogTexture:Display: Building textures: HQ_Lightmap0_15 (AutoDXT)
[2016.01.15-18.19.59:490][ 65]LogTexture:Display: Building textures: SkyOcclusion0_15 (AutoDXT)
[2016.01.15-18.19.59:757][ 65]LogTexture:Display: Building textures: LQ_Lightmap_0_14 (DXT1)
[2016.01.15-18.19.59:931][ 65]LogTexture:Display: Building textures: HQ_Lightmap0_14 (AutoDXT)
[2016.01.15-18.20.00:445][ 65]LogTexture:Display: Building textures: SkyOcclusion0_14 (AutoDXT)
[2016.01.15-18.20.00:657][ 65]LogTexture:Display: Building textures: LQ_Lightmap_0_13 (DXT1)
[2016.01.15-18.20.00:834][ 65]LogTexture:Display: Building textures: HQ_Lightmap0_13 (AutoDXT)
[2016.01.15-18.20.01:559][ 65]LogTexture:Display: Building textures: SkyOcclusion0_13 (AutoDXT)
[2016.01.15-18.20.01:804][ 65]LogTexture:Display: Building textures: LQ_Lightmap_0_12 (DXT1)
[2016.01.15-18.20.01:975][ 65]LogTexture:Display: Building textures: HQ_Lightmap0_12 (AutoDXT)
[2016.01.15-18.20.02:424][ 65]LogTexture:Display: Building textures: SkyOcclusion0_12 (AutoDXT)
[2016.01.15-18.20.02:613][ 65]LogTexture:Display: Building textures: LQ_Lightmap_0_11 (DXT1)
[2016.01.15-18.20.02:837][ 65]LogTexture:Display: Building textures: HQ_Lightmap0_11 (AutoDXT)
[2016.01.15-18.20.03:650][ 65]LogTexture:Display: Building textures: SkyOcclusion0_11 (AutoDXT)
[2016.01.15-18.20.04:002][ 65]LogTexture:Display: Building textures: LQ_Lightmap_0_10 (DXT1)
[2016.01.15-18.20.04:173][ 65]LogTexture:Display: Building textures: HQ_Lightmap0_10 (AutoDXT)
[2016.01.15-18.20.04:541][ 65]LogTexture:Display: Building textures: SkyOcclusion0_10 (AutoDXT)
[2016.01.15-18.20.04:744][ 65]LogTexture:Display: Building textures: LQ_Lightmap_0_9 (DXT1)
[2016.01.15-18.20.04:911][ 65]LogTexture:Display: Building textures: HQ_Lightmap0_9 (AutoDXT)
[2016.01.15-18.20.05:308][ 65]LogTexture:Display: Building textures: SkyOcclusion0_9 (AutoDXT)
[2016.01.15-18.20.05:504][ 65]LogTexture:Display: Building textures: LQ_Lightmap_1_8 (DXT1)
[2016.01.15-18.20.05:698][ 65]LogTexture:Display: Building textures: HQ_Lightmap1_8 (AutoDXT)
[2016.01.15-18.20.06:386][ 65]LogTexture:Display: Building textures: SkyOcclusion0_8 (AutoDXT)
[2016.01.15-18.20.06:670][ 65]LogTexture:Display: Building textures: LQ_Lightmap_0_7 (DXT1)
[2016.01.15-18.20.06:847][ 65]LogTexture:Display: Building textures: HQ_Lightmap0_7 (AutoDXT)
[2016.01.15-18.20.07:197][ 65]LogTexture:Display: Building textures: SkyOcclusion0_7 (AutoDXT)
[2016.01.15-18.20.07:363][ 65]LogTexture:Display: Building textures: LQ_Lightmap_0_6 (DXT1)
[2016.01.15-18.20.07:629][ 65]LogTexture:Display: Building textures: HQ_Lightmap0_6 (AutoDXT)
[2016.01.15-18.20.08:595][ 65]LogTexture:Display: Building textures: SkyOcclusion0_6 (AutoDXT)
[2016.01.15-18.20.09:028][ 65]LogTexture:Display: Building textures: LQ_Lightmap_0_5 (DXT1)
[2016.01.15-18.20.09:219][ 65]LogTexture:Display: Building textures: HQ_Lightmap0_5 (AutoDXT)
[2016.01.15-18.20.09:664][ 65]LogTexture:Display: Building textures: SkyOcclusion0_5 (AutoDXT)
[2016.01.15-18.20.09:875][ 65]LogTexture:Display: Building textures: LQ_Lightmap_0_4 (DXT1)
[2016.01.15-18.20.10:045][ 65]LogTexture:Display: Building textures: HQ_Lightmap0_4 (AutoDXT)
[2016.01.15-18.20.10:388][ 65]LogTexture:Display: Building textures: SkyOcclusion0_4 (AutoDXT)
[2016.01.15-18.20.10:580][ 65]LogTexture:Display: Building textures: LQ_Lightmap_0_3 (DXT1)
[2016.01.15-18.20.10:761][ 65]LogTexture:Display: Building textures: HQ_Lightmap0_3 (AutoDXT)
[2016.01.15-18.20.11:539][ 65]LogTexture:Display: Building textures: SkyOcclusion0_3 (AutoDXT)
[2016.01.15-18.20.11:849][ 65]LogTexture:Display: Building textures: LQ_Lightmap_0_2 (DXT1)
[2016.01.15-18.20.12:018][ 65]LogTexture:Display: Building textures: HQ_Lightmap0_2 (AutoDXT)
[2016.01.15-18.20.12:674][ 65]LogTexture:Display: Building textures: SkyOcclusion0_2 (AutoDXT)
[2016.01.15-18.20.12:908][ 65]LogTexture:Display: Building textures: LQ_Lightmap_0_1 (DXT1)
[2016.01.15-18.20.13:124][ 65]LogTexture:Display: Building textures: HQ_Lightmap0_1 (AutoDXT)
[2016.01.15-18.20.14:093][ 65]LogTexture:Display: Building textures: ShadowMapTexture2D_0 (G8)
[2016.01.15-18.20.14:527][ 65]LogTexture:Display: Building textures: ShadowMapTexture2D_1 (G8)
[2016.01.15-18.20.14:959][ 65]LogTexture:Display: Building textures: ShadowMapTexture2D_2 (G8)
[2016.01.15-18.20.15:392][ 65]LogTexture:Display: Building textures: ShadowMapTexture2D_3 (G8)
[2016.01.15-18.20.15:824][ 65]LogTexture:Display: Building textures: ShadowMapTexture2D_6 (G8)
[2016.01.15-18.20.16:256][ 65]LogTexture:Display: Building textures: ShadowMapTexture2D_7 (G8)
[2016.01.15-18.20.16:690][ 65]LogTexture:Display: Building textures: ShadowMapTexture2D_9 (G8)
[2016.01.15-18.20.17:124][ 65]LogTexture:Display: Building textures: ShadowMapTexture2D_10 (G8)
[2016.01.15-18.20.17:557][ 65]LogTexture:Display: Building textures: ShadowMapTexture2D_11 (G8)
[2016.01.15-18.20.17:714][ 65]LogTexture:Display: Building textures: ShadowMapTexture2D_14 (G8)
[2016.01.15-18.20.17:730][ 65]LogTexture:Display: Building textures: ShadowMapTexture2D_15 (G8)
[2016.01.15-18.20.17:772][ 65]Lightmass on FIDUS: 4:41 min total, 4.64 sec importing, 2 ms setup, 6.48 sec photons, 4:30 min processing, 0 ms extra exporting [334/334 mappings]. Threads: 18:03 min total, 11:43 min processing.
[2016.01.15-18.20.17:782][ 65]LogActorComponent: UnregisterComponent: (/Engine/Transient.CharMoveComp) Not registered. Aborting.
[2016.01.15-18.20.17:783][ 65]LogActorComponent: UnregisterComponent: (/Engine/Transient.PawnSensing_GEN_VARIABLE) Not registered. Aborting.
[2016.01.15-18.20.17:826][ 65]LogStaticLightingSystem: Illumination: 4:53 min (32.0 sec encoding lightmaps)
[2016.01.15-18.20.17:826][ 65]LogStaticLightingSystem: Lightmap texture memory:  118.8 MB (117.4 MB streaming, 1.3 MB non-streaming), 52 textures
[2016.01.15-18.20.17:826][ 65]LogStaticLightingSystem: Shadowmap texture memory: 24.7 MB (24.0 MB streaming, 0.7 MB non-streaming), 11 textures
[2016.01.15-18.20.17:973][ 66]Cmd: MAP CHECK NOTIFYRESULTS
[2016.01.15-18.20.17:973][ 66]MapCheck: New page: FirstPersonExampleMap - Jan 15, 2016, 8:20:17 PM
[2016.01.15-18.20.17:975][ 66]MapCheck:Warning: Warning Cube6 Cube6 is in the same location as Cube_3 
[2016.01.15-18.20.17:975][ 66]MapCheck:Warning: Warning Cube_3 Cube_3 is in the same location as Cube6 
[2016.01.15-18.20.18:071][ 66]MapCheck: Info Map check complete: 0 Error(s), 2 Warning(s), took 97.352ms to complete.
[2016.01.15-18.20.28:367][545]LogTexture:Warning: Failed to stream mip data from the derived data cache for /Game/FirstPersonCPP/Maps/FirstPersonExampleMap.HQ_Lightmap1_1. Streaming mips will be recached.
[2016.01.15-18.20.28:408][545]LogTexture:Display: Building textures: HQ_Lightmap1_1 (AutoDXT)
[2016.01.15-18.20.28:725][545]LogTexture:Warning: Failed to stream mip data from the derived data cache for /Game/FirstPersonCPP/Maps/FirstPersonExampleMap.HQ_Lightmap1_3. Streaming mips will be recached.
[2016.01.15-18.20.28:757][545]LogTexture:Display: Building textures: HQ_Lightmap1_3 (AutoDXT)
[2016.01.15-18.20.42:747][992]MapCheck: New page: Map Check
[2016.01.15-18.20.42:771][992]Cmd: MAP REBUILD ALLVISIBLE
[2016.01.15-18.20.42:771][992]LogEditorServer: Rebuildmap Clear paths rebuilt
[2016.01.15-18.20.42:835][992]LightingResults: New page: Lighting Build - Jan 15, 2016, 8:20:42 PM
[2016.01.15-18.20.47:355][992]LogStaticLightingSystem: Running Lightmass w/ ImmediateImport mode ENABLED
[2016.01.15-18.20.47:355][992]LogStaticLightingSystem: Running Lightmass w/ ImmediateProcess mode ENABLED
[2016.01.15-18.20.47:355][992]LogStaticLightingSystem: Running Lightmass w/ Sorting mode ENABLED
[2016.01.15-18.20.47:355][992]LogStaticLightingSystem: Running Lightmass w/ Mapping paddings ENABLED
[2016.01.15-18.20.47:355][992]LogStaticLightingSystem: Running Lightmass w/ Mapping debug paddings DISABLED
[2016.01.15-18.20.47:497][992]LogEditorBuildUtils: Build time 0:00:04
[2016.01.15-18.25.14:839][240]Job is a success!
[2016.01.15-18.25.21:948][241]LogTexture:Display: Building textures: SkyOcclusion1_1 (AutoDXT)
[2016.01.15-18.25.22:244][241]LogTexture:Display: Building textures: LQ_Lightmap_1_26 (DXT1)
[2016.01.15-18.25.22:246][241]LogTexture:Display: Building textures: HQ_Lightmap1_26 (AutoDXT)
[2016.01.15-18.25.22:247][241]LogTexture:Display: Building textures: SkyOcclusion1_26 (AutoDXT)
[2016.01.15-18.25.22:249][241]LogTexture:Display: Building textures: LQ_Lightmap_1_25 (DXT1)
[2016.01.15-18.25.22:252][241]LogTexture:Display: Building textures: HQ_Lightmap1_25 (AutoDXT)
[2016.01.15-18.25.22:257][241]LogTexture:Display: Building textures: SkyOcclusion1_25 (AutoDXT)
[2016.01.15-18.25.22:260][241]LogTexture:Display: Building textures: LQ_Lightmap_1_24 (DXT1)
[2016.01.15-18.25.22:266][241]LogTexture:Display: Building textures: HQ_Lightmap1_24 (AutoDXT)
[2016.01.15-18.25.22:288][241]LogTexture:Display: Building textures: SkyOcclusion1_24 (AutoDXT)
[2016.01.15-18.25.22:302][241]LogTexture:Display: Building textures: LQ_Lightmap_0_23 (DXT1)
[2016.01.15-18.25.22:394][241]LogTexture:Display: Building textures: HQ_Lightmap0_23 (AutoDXT)
[2016.01.15-18.25.22:590][241]LogTexture:Display: Building textures: SkyOcclusion0_23 (AutoDXT)
[2016.01.15-18.25.22:698][241]LogTexture:Display: Building textures: LQ_Lightmap_1_22 (DXT1)
[2016.01.15-18.25.22:881][241]LogTexture:Display: Building textures: HQ_Lightmap1_22 (AutoDXT)
[2016.01.15-18.25.23:345][241]LogTexture:Display: Building textures: SkyOcclusion1_22 (AutoDXT)
[2016.01.15-18.25.23:570][241]LogTexture:Display: Building textures: LQ_Lightmap_1_21 (DXT1)
[2016.01.15-18.25.23:734][241]LogTexture:Display: Building textures: HQ_Lightmap1_21 (AutoDXT)
[2016.01.15-18.25.24:111][241]LogTexture:Display: Building textures: SkyOcclusion1_21 (AutoDXT)
[2016.01.15-18.25.24:290][241]LogTexture:Display: Building textures: LQ_Lightmap_1_20 (DXT1)
[2016.01.15-18.25.24:454][241]LogTexture:Display: Building textures: HQ_Lightmap1_20 (AutoDXT)
[2016.01.15-18.25.24:916][241]LogTexture:Display: Building textures: SkyOcclusion1_20 (AutoDXT)
[2016.01.15-18.25.25:111][241]LogTexture:Display: Building textures: LQ_Lightmap_1_19 (DXT1)
[2016.01.15-18.25.25:273][241]LogTexture:Display: Building textures: HQ_Lightmap1_19 (AutoDXT)
[2016.01.15-18.25.25:655][241]LogTexture:Display: Building textures: SkyOcclusion1_19 (AutoDXT)
[2016.01.15-18.25.25:863][241]LogTexture:Display: Building textures: LQ_Lightmap_1_18 (DXT1)
[2016.01.15-18.25.26:040][241]LogTexture:Display: Building textures: HQ_Lightmap1_18 (AutoDXT)
[2016.01.15-18.25.26:685][241]LogTexture:Display: Building textures: SkyOcclusion1_18 (AutoDXT)
[2016.01.15-18.25.26:939][241]LogTexture:Display: Building textures: LQ_Lightmap_1_17 (DXT1)
[2016.01.15-18.25.27:091][241]LogTexture:Display: Building textures: HQ_Lightmap1_17 (AutoDXT)
[2016.01.15-18.25.27:428][241]LogTexture:Display: Building textures: SkyOcclusion1_17 (AutoDXT)
[2016.01.15-18.25.27:597][241]LogTexture:Display: Building textures: LQ_Lightmap_1_16 (DXT1)
[2016.01.15-18.25.27:767][241]LogTexture:Display: Building textures: HQ_Lightmap1_16 (AutoDXT)
[2016.01.15-18.25.28:539][241]LogTexture:Display: Building textures: SkyOcclusion1_16 (AutoDXT)
[2016.01.15-18.25.28:859][241]LogTexture:Display: Building textures: LQ_Lightmap_1_15 (DXT1)
[2016.01.15-18.25.29:035][241]LogTexture:Display: Building textures: HQ_Lightmap1_15 (AutoDXT)
[2016.01.15-18.25.29:698][241]LogTexture:Display: Building textures: SkyOcclusion1_15 (AutoDXT)
[2016.01.15-18.25.29:966][241]LogTexture:Display: Building textures: LQ_Lightmap_1_14 (DXT1)
[2016.01.15-18.25.30:135][241]LogTexture:Display: Building textures: HQ_Lightmap1_14 (AutoDXT)
[2016.01.15-18.25.30:644][241]LogTexture:Display: Building textures: SkyOcclusion1_14 (AutoDXT)
[2016.01.15-18.25.30:853][241]LogTexture:Display: Building textures: LQ_Lightmap_1_13 (DXT1)
[2016.01.15-18.25.31:025][241]LogTexture:Display: Building textures: HQ_Lightmap1_13 (AutoDXT)
[2016.01.15-18.25.31:754][241]LogTexture:Display: Building textures: SkyOcclusion1_13 (AutoDXT)
[2016.01.15-18.25.31:997][241]LogTexture:Display: Building textures: LQ_Lightmap_1_12 (DXT1)
[2016.01.15-18.25.32:161][241]LogTexture:Display: Building textures: HQ_Lightmap1_12 (AutoDXT)
[2016.01.15-18.25.32:606][241]LogTexture:Display: Building textures: SkyOcclusion1_12 (AutoDXT)
[2016.01.15-18.25.32:792][241]LogTexture:Display: Building textures: LQ_Lightmap_1_11 (DXT1)
[2016.01.15-18.25.33:012][241]LogTexture:Display: Building textures: HQ_Lightmap1_11 (AutoDXT)
[2016.01.15-18.25.33:818][241]LogTexture:Display: Building textures: SkyOcclusion1_11 (AutoDXT)
[2016.01.15-18.25.34:167][241]LogTexture:Display: Building textures: LQ_Lightmap_1_10 (DXT1)
[2016.01.15-18.25.34:335][241]LogTexture:Display: Building textures: HQ_Lightmap1_10 (AutoDXT)
[2016.01.15-18.25.34:699][241]LogTexture:Display: Building textures: SkyOcclusion1_10 (AutoDXT)
[2016.01.15-18.25.34:897][241]LogTexture:Display: Building textures: LQ_Lightmap_1_9 (DXT1)
[2016.01.15-18.25.35:062][241]LogTexture:Display: Building textures: HQ_Lightmap1_9 (AutoDXT)
[2016.01.15-18.25.35:457][241]LogTexture:Display: Building textures: SkyOcclusion1_9 (AutoDXT)
[2016.01.15-18.25.35:649][241]LogTexture:Display: Building textures: LQ_Lightmap_0_8 (DXT1)
[2016.01.15-18.25.35:839][241]LogTexture:Display: Building textures: HQ_Lightmap0_8 (AutoDXT)
[2016.01.15-18.25.36:526][241]LogTexture:Display: Building textures: SkyOcclusion1_8 (AutoDXT)
[2016.01.15-18.25.36:802][241]LogTexture:Display: Building textures: LQ_Lightmap_1_7 (DXT1)
[2016.01.15-18.25.36:968][241]LogTexture:Display: Building textures: HQ_Lightmap1_7 (AutoDXT)
[2016.01.15-18.25.37:312][241]LogTexture:Display: Building textures: SkyOcclusion1_7 (AutoDXT)
[2016.01.15-18.25.37:475][241]LogTexture:Display: Building textures: LQ_Lightmap_1_6 (DXT1)
[2016.01.15-18.25.37:735][241]LogTexture:Display: Building textures: HQ_Lightmap1_6 (AutoDXT)
[2016.01.15-18.25.38:695][241]LogTexture:Display: Building textures: SkyOcclusion1_6 (AutoDXT)
[2016.01.15-18.25.39:123][241]LogTexture:Display: Building textures: LQ_Lightmap_1_5 (DXT1)
[2016.01.15-18.25.39:310][241]LogTexture:Display: Building textures: HQ_Lightmap1_5 (AutoDXT)
[2016.01.15-18.25.39:759][241]LogTexture:Display: Building textures: SkyOcclusion1_5 (AutoDXT)
[2016.01.15-18.25.39:965][241]LogTexture:Display: Building textures: LQ_Lightmap_1_4 (DXT1)
[2016.01.15-18.25.40:128][241]LogTexture:Display: Building textures: HQ_Lightmap1_4 (AutoDXT)
[2016.01.15-18.25.40:466][241]LogTexture:Display: Building textures: SkyOcclusion1_4 (AutoDXT)
[2016.01.15-18.25.40:661][241]LogTexture:Display: Building textures: LQ_Lightmap_1_3 (DXT1)
[2016.01.15-18.25.40:840][241]LogTexture:Display: Building textures: HQ_Lightmap1_3 (AutoDXT)
[2016.01.15-18.25.41:622][241]LogTexture:Display: Building textures: SkyOcclusion1_3 (AutoDXT)
[2016.01.15-18.25.41:929][241]LogTexture:Display: Building textures: LQ_Lightmap_1_2 (DXT1)
[2016.01.15-18.25.42:090][241]LogTexture:Display: Building textures: HQ_Lightmap1_2 (AutoDXT)
[2016.01.15-18.25.42:748][241]LogTexture:Display: Building textures: SkyOcclusion1_2 (AutoDXT)
[2016.01.15-18.25.42:977][241]LogTexture:Display: Building textures: LQ_Lightmap_1_1 (DXT1)
[2016.01.15-18.25.43:191][241]LogTexture:Display: Building textures: HQ_Lightmap1_1 (AutoDXT)
[2016.01.15-18.25.44:148][241]LogTexture:Display: Building textures: ShadowMapTexture2D_16 (G8)
[2016.01.15-18.25.44:576][241]LogTexture:Display: Building textures: ShadowMapTexture2D_17 (G8)
[2016.01.15-18.25.45:005][241]LogTexture:Display: Building textures: ShadowMapTexture2D_18 (G8)
[2016.01.15-18.25.45:433][241]LogTexture:Display: Building textures: ShadowMapTexture2D_19 (G8)
[2016.01.15-18.25.45:865][241]LogTexture:Display: Building textures: ShadowMapTexture2D_20 (G8)
[2016.01.15-18.25.46:292][241]LogTexture:Display: Building textures: ShadowMapTexture2D_21 (G8)
[2016.01.15-18.25.46:722][241]LogTexture:Display: Building textures: ShadowMapTexture2D_22 (G8)
[2016.01.15-18.25.47:154][241]LogTexture:Display: Building textures: ShadowMapTexture2D_23 (G8)
[2016.01.15-18.25.47:586][241]LogTexture:Display: Building textures: ShadowMapTexture2D_24 (G8)
[2016.01.15-18.25.47:739][241]LogTexture:Display: Building textures: ShadowMapTexture2D_25 (G8)
[2016.01.15-18.25.47:754][241]LogTexture:Display: Building textures: ShadowMapTexture2D_26 (G8)
[2016.01.15-18.25.47:781][241]Lightmass on FIDUS: 4:59 min total, 102 ms importing, 2 ms setup, 6.96 sec photons, 4:52 min processing, 0 ms extra exporting [334/334 mappings]. Threads: 19:30 min total, 12:46 min processing.
[2016.01.15-18.25.47:876][241]LogStaticLightingSystem: Illumination: 5:05 min (31.7 sec encoding lightmaps)
[2016.01.15-18.25.47:876][241]LogStaticLightingSystem: Lightmap texture memory:  118.8 MB (117.4 MB streaming, 1.3 MB non-streaming), 52 textures
[2016.01.15-18.25.47:876][241]LogStaticLightingSystem: Shadowmap texture memory: 49.3 MB (48.0 MB streaming, 1.3 MB non-streaming), 22 textures
[2016.01.15-18.25.48:506][242]Cmd: MAP CHECK NOTIFYRESULTS
[2016.01.15-18.25.48:506][242]MapCheck: New page: FirstPersonExampleMap - Jan 15, 2016, 8:25:48 PM
[2016.01.15-18.25.48:575][242]MapCheck: Info Map check complete: 0 Error(s), 0 Warning(s), took 69.088ms to complete.
[2016.01.15-18.25.53:999][742]LogBlueprint:Warning: [compiler FirstPersonExampleMap] Warning Node  Unknown  is not referencing a valid level actor
[2016.01.15-18.25.53:999][742]LogBlueprint:Warning: [compiler FirstPersonExampleMap] Warning [0697.94] Compile of FirstPersonExampleMap successful, but with 1 Warning(s) [in 3 ms]
[2016.01.15-18.25.54:000][742]LogBlueprint:Warning: [compiler FirstPersonExampleMap] Warning [0697.94] Compile of FirstPersonExampleMap successful, but with 2 Warning(s) [in 0 ms]
[2016.01.15-18.25.54:000][742]LogBlueprint:Warning: [compiler FirstPersonExampleMap] Warning [0697.94] Compile of FirstPersonExampleMap successful, but with 3 Warning(s) [in 0 ms]
[2016.01.15-18.25.54:026][742]LogBlueprint:Warning: [compiler FirstPersonExampleMap] Warning [0697.97] Compile of FirstPersonExampleMap successful, but with 4 Warning(s) [in 26 ms]
[2016.01.15-18.25.54:027][742]LogBlueprint:Warning: [compiler FirstPersonExampleMap] Warning [0697.97] Compile of FirstPersonExampleMap successful, but with 5 Warning(s) [in 0 ms]
[2016.01.15-18.25.54:027][742]LogBlueprint:Warning: [compiler FirstPersonExampleMap] Warning [0697.97] Compile of FirstPersonExampleMap successful, but with 6 Warning(s) [in 0 ms]
[2016.01.15-18.25.57:595][742]LogSavePackage: Save=3600.638916ms
[2016.01.15-18.25.57:595][742]LogSavePackage: Moving '../../../../../../Users/Niclas/Documents/GitHub/ProjectDoor/AutomaticDoor/Saved/FirstPersonExampleMap6A9CFA92445741814E5EAF8A26459ED2.tmp' to '../../../../../../Users/Niclas/Documents/GitHub/ProjectDoor/AutomaticDoor/Content/FirstPersonCPP/Maps/FirstPersonExampleMap.umap'
[2016.01.15-18.25.57:598][742]LogSavePackage: Total save time: 3643.875245ms
[2016.01.15-18.25.57:598][742]LogSavePackage:Warning: Finished SavePackage ../../../../../../Users/Niclas/Documents/GitHub/ProjectDoor/AutomaticDoor/Content/FirstPersonCPP/Maps/FirstPersonExampleMap.umap
[2016.01.15-18.25.59:776][941]LogWindowsTextInputMethodSystem:Display: IME system now deactivated.
[2016.01.15-18.26.00:012][942]Cmd: QUIT_EDITOR
[2016.01.15-18.26.00:269][942]LogExit: Preparing to exit.
[2016.01.15-18.26.01:114][942]LogExit: Editor shut down
[2016.01.15-18.26.01:114][942]LogExit: Transaction tracking system shut down
[2016.01.15-18.26.01:122][942]LogParticles: Destroying 0 GPU particle simulations for FXSystem 0x000001B71A9CDE40
[2016.01.15-18.26.01:123][942]LogParticles: Destroying 0 GPU particle simulations for FXSystem 0x000001B7343AB880
[2016.01.15-18.26.01:123][942]LogParticles: Destroying 0 GPU particle simulations for FXSystem 0x000001B73477B1A0
[2016.01.15-18.26.01:408][942]LogParticles: Destroying 0 GPU particle simulations for FXSystem 0x000001B72A0E9440
[2016.01.15-18.26.01:408][942]LogParticles: Destroying 0 GPU particle simulations for FXSystem 0x000001B723ABF4C0
[2016.01.15-18.26.01:408][942]LogExit: Object subsystem successfully closed.
[2016.01.15-18.26.01:442][942]LogD3D11RHI: Shutdown
[2016.01.15-18.26.01:442][942]LogD3D11RHI: CleanupD3DDevice
[2016.01.15-18.26.01:444][942]LogD3D11RHI: ~FD3D11DynamicRHI
[2016.01.15-18.26.01:471][942]LogModuleManager: Shutting down and abandoning module CrashTracker (198)
[2016.01.15-18.26.01:471][942]LogModuleManager: Shutting down and abandoning module SceneOutliner (197)
[2016.01.15-18.26.01:471][942]LogModuleManager: Shutting down and abandoning module SuperSearch (196)
[2016.01.15-18.26.01:471][942]LogModuleManager: Shutting down and abandoning module WidgetCarousel (195)
[2016.01.15-18.26.01:471][942]LogModuleManager: Shutting down and abandoning module AddContentDialog (194)
[2016.01.15-18.26.01:473][942]LogModuleManager: Shutting down and abandoning module EditorWidgets (193)
[2016.01.15-18.26.01:473][942]LogModuleManager: Shutting down and abandoning module CollectionManager (192)
[2016.01.15-18.26.01:473][942]LogModuleManager: Shutting down and abandoning module StatsViewer (191)
[2016.01.15-18.26.01:473][942]LogModuleManager: Shutting down and abandoning module FoliageEdit (190)
[2016.01.15-18.26.01:473][942]LogModuleManager: Shutting down and abandoning module LandscapeEditor (189)
[2016.01.15-18.26.01:474][942]LogModuleManager: Shutting down and abandoning module ActorPickerMode (188)
[2016.01.15-18.26.01:474][942]LogModuleManager: Shutting down and abandoning module GeometryMode (187)
[2016.01.15-18.26.01:474][942]LogModuleManager: Shutting down and abandoning module TextureAlignMode (186)
[2016.01.15-18.26.01:474][942]LogModuleManager: Shutting down and abandoning module BspMode (185)
[2016.01.15-18.26.01:474][942]LogModuleManager: Shutting down and abandoning module PlacementMode (184)
[2016.01.15-18.26.01:474][942]LogModuleManager: Shutting down and abandoning module AutomationWorker (183)
[2016.01.15-18.26.01:474][942]LogModuleManager: Shutting down and abandoning module CharacterAI (182)
[2016.01.15-18.26.01:475][942]LogModuleManager: Shutting down and abandoning module SmartSnapping (181)
[2016.01.15-18.26.01:475][942]LogModuleManager: Shutting down and abandoning module ViewportSnapping (180)
[2016.01.15-18.26.01:475][942]LogModuleManager: Shutting down and abandoning module LogVisualizer (179)
[2016.01.15-18.26.01:475][942]LogModuleManager: Shutting down and abandoning module GameProjectGeneration (178)
[2016.01.15-18.26.01:475][942]LogModuleManager: Shutting down and abandoning module IntroTutorials (177)
[2016.01.15-18.26.01:475][942]LogModuleManager: Shutting down and abandoning module EditorLiveStreaming (176)
[2016.01.15-18.26.01:475][942]LogModuleManager: Shutting down and abandoning module IOSPlatformEditor (175)
[2016.01.15-18.26.01:475][942]LogModuleManager: Shutting down and abandoning module HTML5PlatformEditor (174)
[2016.01.15-18.26.01:475][942]LogModuleManager: Shutting down and abandoning module AndroidDeviceDetection (173)
[2016.01.15-18.26.01:948][942]LogModuleManager: Shutting down and abandoning module AndroidPlatformEditor (172)
[2016.01.15-18.26.01:948][942]LogModuleManager: Shutting down and abandoning module IOSRuntimeSettings (171)
[2016.01.15-18.26.01:948][942]LogModuleManager: Shutting down and abandoning module AndroidRuntimeSettings (170)
[2016.01.15-18.26.01:948][942]LogModuleManager: Shutting down and abandoning module MergeActors (169)
[2016.01.15-18.26.01:948][942]LogModuleManager: Shutting down and abandoning module SizeMap (168)
[2016.01.15-18.26.01:948][942]LogModuleManager: Shutting down and abandoning module TreeMap (167)
[2016.01.15-18.26.01:948][942]LogModuleManager: Shutting down and abandoning module ReferenceViewer (166)
[2016.01.15-18.26.01:948][942]LogModuleManager: Shutting down and abandoning module LocalizationService (165)
[2016.01.15-18.26.01:948][942]LogModuleManager: Shutting down and abandoning module LocalizationDashboard (164)
[2016.01.15-18.26.01:949][942]LogModuleManager: Shutting down and abandoning module HardwareTargeting (163)
[2016.01.15-18.26.01:949][942]LogModuleManager: Shutting down and abandoning module DeviceProfileEditor (162)
[2016.01.15-18.26.01:949][942]LogModuleManager: Shutting down and abandoning module UndoHistory (161)
[2016.01.15-18.26.01:949][942]LogModuleManager: Shutting down and abandoning module GameplayTagsEditor (160)
[2016.01.15-18.26.01:949][942]LogModuleManager: Shutting down and abandoning module UserFeedback (159)
[2016.01.15-18.26.01:949][942]LogModuleManager: Shutting down and abandoning module XmlParser (158)
[2016.01.15-18.26.01:949][942]LogModuleManager: Shutting down and abandoning module Blutility (157)
[2016.01.15-18.26.01:949][942]LogModuleManager: Shutting down and abandoning module ProjectTargetPlatformEditor (156)
[2016.01.15-18.26.01:949][942]LogModuleManager: Shutting down and abandoning module ProjectSettingsViewer (155)
[2016.01.15-18.26.01:949][942]LogModuleManager: Shutting down and abandoning module InputBindingEditor (154)
[2016.01.15-18.26.01:949][942]LogModuleManager: Shutting down and abandoning module EditorSettingsViewer (153)
[2016.01.15-18.26.01:949][942]LogModuleManager: Shutting down and abandoning module SettingsEditor (152)
[2016.01.15-18.26.01:949][942]LogModuleManager: Shutting down and abandoning module ProjectLauncher (151)
[2016.01.15-18.26.01:949][942]LogModuleManager: Shutting down and abandoning module SessionFrontend (150)
[2016.01.15-18.26.01:950][942]LogModuleManager: Shutting down and abandoning module ProfilerClient (149)
[2016.01.15-18.26.01:950][942]LogModuleManager: Shutting down and abandoning module TargetDeviceServices (148)
[2016.01.15-18.26.01:950][942]LogModuleManager: Shutting down and abandoning module DeviceManager (147)
[2016.01.15-18.26.01:950][942]LogModuleManager: Shutting down and abandoning module AutomationController (146)
[2016.01.15-18.26.01:950][942]LogModuleManager: Shutting down and abandoning module AutomationWindow (145)
[2016.01.15-18.26.01:950][942]LogModuleManager: Shutting down and abandoning module Layers (144)
[2016.01.15-18.26.01:951][942]LogModuleManager: Shutting down and abandoning module ComponentVisualizers (143)
[2016.01.15-18.26.01:951][942]LogModuleManager: Shutting down and abandoning module DetailCustomizations (142)
[2016.01.15-18.26.01:951][942]LogModuleManager: Shutting down and abandoning module PackagesDialog (141)
[2016.01.15-18.26.01:952][942]LogModuleManager: Shutting down and abandoning module Persona (140)
[2016.01.15-18.26.01:952][942]LogModuleManager: Shutting down and abandoning module Kismet (139)
[2016.01.15-18.26.01:952][942]LogModuleManager: Shutting down and abandoning module GraphEditor (138)
[2016.01.15-18.26.01:954][942]LogModuleManager: Shutting down and abandoning module ClassViewer (137)
[2016.01.15-18.26.01:954][942]LogModuleManager: Shutting down and abandoning module Toolbox (136)
[2016.01.15-18.26.01:954][942]LogModuleManager: Shutting down and abandoning module ModuleUI (135)
[2016.01.15-18.26.01:954][942]LogModuleManager: Shutting down and abandoning module MovieSceneTools (134)
[2016.01.15-18.26.01:954][942]LogModuleManager: Shutting down and abandoning module OutputLog (133)
[2016.01.15-18.26.01:954][942]LogModuleManager: Shutting down and abandoning module GammaUI (132)
[2016.01.15-18.26.01:954][942]LogModuleManager: Shutting down and abandoning module Documentation (131)
[2016.01.15-18.26.01:954][942]LogModuleManager: Shutting down and abandoning module GameLiveStreaming (130)
[2016.01.15-18.26.01:954][942]LogModuleManager: Shutting down and abandoning module StreamingPauseRendering (129)
[2016.01.15-18.26.01:954][942]LogModuleManager: Shutting down and abandoning module AnalyticsET (128)
[2016.01.15-18.26.01:954][942]LogModuleManager: Shutting down and abandoning module Analytics (127)
[2016.01.15-18.26.01:954][942]LogModuleManager: Shutting down and abandoning module AITestSuite (126)
[2016.01.15-18.26.01:954][942]LogModuleManager: Shutting down and abandoning module GameplayDebugger (125)
[2016.01.15-18.26.01:954][942]LogModuleManager: Shutting down and abandoning module AIModule (124)
[2016.01.15-18.26.01:954][942]LogModuleManager: Shutting down and abandoning module ProfilerService (123)
[2016.01.15-18.26.02:083][942]LogModuleManager: Shutting down and abandoning module TaskGraph (122)
[2016.01.15-18.26.02:083][942]LogModuleManager: Shutting down and abandoning module SlateRemote (121)
[2016.01.15-18.26.02:083][942]LogModuleManager: Shutting down and abandoning module SteamVRController (120)
[2016.01.15-18.26.02:083][942]LogModuleManager: Shutting down and abandoning module SteamVR (119)
[2016.01.15-18.26.02:083][942]LogModuleManager: Shutting down and abandoning module ProceduralMeshComponent (118)
[2016.01.15-18.26.02:083][942]LogModuleManager: Shutting down and abandoning module OculusRift (117)
[2016.01.15-18.26.02:083][942]LogModuleManager: Shutting down and abandoning module OculusLibrary (116)
[2016.01.15-18.26.02:083][942]LogModuleManager: Shutting down and abandoning module LeapMotionController (115)
[2016.01.15-18.26.02:109][942]LogModuleManager: Shutting down and abandoning module CustomMeshComponent (114)
[2016.01.15-18.26.02:109][942]LogModuleManager: Shutting down and abandoning module CableComponent (113)
[2016.01.15-18.26.02:109][942]LogModuleManager: Shutting down and abandoning module ArchVisCharacter (112)
[2016.01.15-18.26.02:109][942]LogModuleManager: Shutting down and abandoning module MessagingDebugger (111)
[2016.01.15-18.26.02:110][942]LogModuleManager: Shutting down and abandoning module MediaPlayerEditor (110)
[2016.01.15-18.26.02:110][942]LogModuleManager: Shutting down and abandoning module HTML5Networking (109)
[2016.01.15-18.26.02:110][942]LogModuleManager: Shutting down and abandoning module SpeedTreeImporter (108)
[2016.01.15-18.26.02:110][942]LogModuleManager: Shutting down and abandoning module PluginBrowser (107)
[2016.01.15-18.26.02:110][942]LogModuleManager: Shutting down and abandoning module EpicSurvey (106)
[2016.01.15-18.26.02:110][942]LogModuleManager: Shutting down and abandoning module DesktopPlatform (105)
[2016.01.15-18.26.02:110][942]LogModuleManager: Shutting down and abandoning module VisualStudioSourceCodeAccess (104)
[2016.01.15-18.26.02:111][942]LogModuleManager: Shutting down and abandoning module UObjectPlugin (103)
[2016.01.15-18.26.02:111][942]LogModuleManager: Shutting down and abandoning module SubversionSourceControl (102)
[2016.01.15-18.26.02:111][942]LogModuleManager: Shutting down and abandoning module PerforceSourceControl (101)
[2016.01.15-18.26.02:111][942]LogModuleManager: Shutting down and abandoning module SourceControl (100)
[2016.01.15-18.26.02:111][942]LogModuleManager: Shutting down and abandoning module GitSourceControl (99)
[2016.01.15-18.26.02:111][942]LogModuleManager: Shutting down and abandoning module LightPropagationVolumeEditor (98)
[2016.01.15-18.26.02:111][942]LogModuleManager: Shutting down and abandoning module PaperTiledImporter (97)
[2016.01.15-18.26.02:111][942]LogModuleManager: Shutting down and abandoning module PaperSpriteSheetImporter (96)
[2016.01.15-18.26.02:111][942]LogModuleManager: Shutting down and abandoning module MeshPaint (95)
[2016.01.15-18.26.02:111][942]LogModuleManager: Shutting down and abandoning module SlateReflector (94)
[2016.01.15-18.26.02:112][942]LogModuleManager: Shutting down and abandoning module HotReload (93)
[2016.01.15-18.26.02:112][942]LogModuleManager: Shutting down and abandoning module MainFrame (92)
[2016.01.15-18.26.02:112][942]LogModuleManager: Shutting down and abandoning module LevelEditor (91)
[2016.01.15-18.26.02:114][942]LogModuleManager: Shutting down and abandoning module DirectoryWatcher (90)
[2016.01.15-18.26.02:117][942]LogModuleManager: Shutting down and abandoning module AssetRegistry (89)
[2016.01.15-18.26.02:239][942]LogModuleManager: Shutting down and abandoning module ContentBrowser (88)
[2016.01.15-18.26.02:239][942]LogModuleManager: Shutting down and abandoning module Paper2DEditor (87)
[2016.01.15-18.26.02:240][942]LogModuleManager: Shutting down and abandoning module AutomaticDoor (86)
[2016.01.15-18.26.02:240][942]LogModuleManager: Shutting down and abandoning module UdpMessaging (85)
[2016.01.15-18.26.02:340][942]LogModuleManager: Shutting down and abandoning module LightPropagationVolumeRuntime (84)
[2016.01.15-18.26.02:340][942]LogModuleManager: Shutting down and abandoning module Paper2D (83)
[2016.01.15-18.26.02:340][942]LogModuleManager: Shutting down and abandoning module WindowsMoviePlayer (82)
[2016.01.15-18.26.02:345][942]LogModuleManager: Shutting down and abandoning module Media (81)
[2016.01.15-18.26.02:345][942]LogModuleManager: Shutting down and abandoning module WmfMedia (80)
[2016.01.15-18.26.02:345][942]LogModuleManager: Shutting down and abandoning module OnlineBlueprintSupport (79)
[2016.01.15-18.26.02:345][942]LogModuleManager: Shutting down and abandoning module GameplayTasksEditor (78)
[2016.01.15-18.26.02:345][942]LogModuleManager: Shutting down and abandoning module PropertyEditor (77)
[2016.01.15-18.26.02:345][942]LogModuleManager: Shutting down and abandoning module BehaviorTreeEditor (76)
[2016.01.15-18.26.02:346][942]LogModuleManager: Shutting down and abandoning module FunctionalTesting (75)
[2016.01.15-18.26.02:346][942]LogModuleManager: Shutting down and abandoning module CollisionAnalyzer (74)
[2016.01.15-18.26.02:346][942]LogModuleManager: Shutting down and abandoning module WorkspaceMenuStructure (73)
[2016.01.15-18.26.02:346][942]LogModuleManager: Shutting down and abandoning module MessageLog (72)
[2016.01.15-18.26.02:346][942]LogModuleManager: Shutting down and abandoning module Sequencer (71)
[2016.01.15-18.26.02:346][942]LogModuleManager: Shutting down and abandoning module AssetTools (70)
[2016.01.15-18.26.02:349][942]LogModuleManager: Shutting down and abandoning module UMGEditor (69)
[2016.01.15-18.26.02:349][942]LogModuleManager: Shutting down and abandoning module UMG (68)
[2016.01.15-18.26.02:349][942]LogModuleManager: Shutting down and abandoning module Slate (67)
[2016.01.15-18.26.02:349][942]LogModuleManager: Shutting down and abandoning module EditorStyle (66)
[2016.01.15-18.26.02:353][942]LogModuleManager: Shutting down and abandoning module SessionServices (65)
[2016.01.15-18.26.02:354][942]LogModuleManager: Shutting down and abandoning module SourceCodeAccess (64)
[2016.01.15-18.26.02:354][942]LogModuleManager: Shutting down and abandoning module HeadMountedDisplay (63)
[2016.01.15-18.26.02:354][942]LogModuleManager: Shutting down and abandoning module XAudio2 (62)
[2016.01.15-18.26.02:354][942]LogModuleManager: Shutting down and abandoning module Networking (60)
[2016.01.15-18.26.02:354][942]LogModuleManager: Shutting down and abandoning module Core (59)
[2016.01.15-18.26.02:354][942]LogModuleManager: Shutting down and abandoning module KismetCompiler (58)
[2016.01.15-18.26.02:354][942]LogModuleManager: Shutting down and abandoning module PhysXFormats (57)
[2016.01.15-18.26.02:354][942]LogModuleManager: Shutting down and abandoning module MeshUtilities (56)
[2016.01.15-18.26.02:354][942]LogModuleManager: Shutting down and abandoning module CookingStats (55)
[2016.01.15-18.26.02:364][942]LogModuleManager: Shutting down and abandoning module DerivedDataCache (54)
[2016.01.15-18.26.02:410][942]LogDerivedDataCache: Shutdown
[2016.01.15-18.26.02:410][942]LogModuleManager: Shutting down and abandoning module ShaderFormatOpenGL (53)
[2016.01.15-18.26.02:410][942]LogModuleManager: Shutting down and abandoning module ShaderFormatD3D (52)
[2016.01.15-18.26.02:410][942]LogModuleManager: Shutting down and abandoning module MetalShaderFormat (51)
[2016.01.15-18.26.02:410][942]LogModuleManager: Shutting down and abandoning module TextureFormatUncompressed (50)
[2016.01.15-18.26.02:410][942]LogModuleManager: Shutting down and abandoning module TextureFormatPVR (49)
[2016.01.15-18.26.02:410][942]LogModuleManager: Shutting down and abandoning module TextureFormatIntelISPCTexComp (48)
[2016.01.15-18.26.02:410][942]LogModuleManager: Shutting down and abandoning module TextureFormatDXT (47)
[2016.01.15-18.26.02:410][942]LogModuleManager: Shutting down and abandoning module ImageWrapper (46)
[2016.01.15-18.26.02:410][942]LogModuleManager: Shutting down and abandoning module TextureFormatASTC (45)
[2016.01.15-18.26.02:410][942]LogModuleManager: Shutting down and abandoning module TextureFormatAndroid (44)
[2016.01.15-18.26.02:410][942]LogModuleManager: Shutting down and abandoning module AudioFormatOpus (43)
[2016.01.15-18.26.02:411][942]LogModuleManager: Shutting down and abandoning module AudioFormatOgg (42)
[2016.01.15-18.26.02:411][942]LogModuleManager: Shutting down and abandoning module AudioFormatADPCM (41)
[2016.01.15-18.26.02:411][942]LogModuleManager: Shutting down and abandoning module LinuxTargetPlatform (40)
[2016.01.15-18.26.02:411][942]LogModuleManager: Shutting down and abandoning module LinuxServerTargetPlatform (39)
[2016.01.15-18.26.02:411][942]LogModuleManager: Shutting down and abandoning module LinuxNoEditorTargetPlatform (38)
[2016.01.15-18.26.02:411][942]LogModuleManager: Shutting down and abandoning module Messaging (37)
[2016.01.15-18.26.02:411][942]LogModuleManager: Shutting down and abandoning module IOSTargetPlatform (36)
[2016.01.15-18.26.02:411][942]LogModuleManager: Shutting down and abandoning module HTML5TargetPlatform (35)
[2016.01.15-18.26.02:411][942]LogModuleManager: Shutting down and abandoning module Android_PVRTCTargetPlatform (34)
[2016.01.15-18.26.02:411][942]LogModuleManager: Shutting down and abandoning module Android_ETC2TargetPlatform (33)
[2016.01.15-18.26.02:411][942]LogModuleManager: Shutting down and abandoning module Android_ETC1TargetPlatform (32)
[2016.01.15-18.26.02:411][942]LogModuleManager: Shutting down and abandoning module Android_DXTTargetPlatform (31)
[2016.01.15-18.26.02:411][942]LogModuleManager: Shutting down and abandoning module Android_ATCTargetPlatform (30)
[2016.01.15-18.26.02:411][942]LogModuleManager: Shutting down and abandoning module Android_ASTCTargetPlatform (29)
[2016.01.15-18.26.02:411][942]LogModuleManager: Shutting down and abandoning module AndroidTargetPlatform (28)
[2016.01.15-18.26.02:411][942]LogModuleManager: Shutting down and abandoning module WindowsTargetPlatform (27)
[2016.01.15-18.26.02:411][942]LogModuleManager: Shutting down and abandoning module WindowsServerTargetPlatform (26)
[2016.01.15-18.26.02:411][942]LogModuleManager: Shutting down and abandoning module WindowsNoEditorTargetPlatform (25)
[2016.01.15-18.26.02:411][942]LogModuleManager: Shutting down and abandoning module WindowsClientTargetPlatform (24)
[2016.01.15-18.26.02:411][942]LogModuleManager: Shutting down and abandoning module AllDesktopTargetPlatform (23)
[2016.01.15-18.26.02:411][942]LogModuleManager: Shutting down and abandoning module TargetPlatform (22)
[2016.01.15-18.26.02:411][942]LogModuleManager: Shutting down and abandoning module InputCore (21)
[2016.01.15-18.26.02:411][942]LogModuleManager: Shutting down and abandoning module Settings (20)
[2016.01.15-18.26.02:411][942]LogModuleManager: Shutting down and abandoning module OnlineSubsystem (18)
[2016.01.15-18.26.02:411][942]LogModuleManager: Shutting down and abandoning module HTTP (17)
[2016.01.15-18.26.03:413][942]LogModuleManager: Shutting down and abandoning module XMPP (16)
[2016.01.15-18.26.03:415][942]LogModuleManager: Shutting down and abandoning module ExampleDeviceProfileSelector (15)
[2016.01.15-18.26.03:415][942]LogModuleManager: Shutting down and abandoning module TextureCompressor (14)
[2016.01.15-18.26.03:415][942]LogModuleManager: Shutting down and abandoning module ShaderCore (13)
[2016.01.15-18.26.03:415][942]LogModuleManager: Shutting down and abandoning module Landscape (12)
[2016.01.15-18.26.03:415][942]LogModuleManager: Shutting down and abandoning module SlateRHIRenderer (11)
[2016.01.15-18.26.03:417][942]LogModuleManager: Shutting down and abandoning module OpenGLDrv (10)
[2016.01.15-18.26.03:418][942]LogModuleManager: Shutting down and abandoning module D3D11RHI (9)
[2016.01.15-18.26.03:418][942]LogModuleManager: Shutting down and abandoning module AnimGraphRuntime (8)
[2016.01.15-18.26.03:418][942]LogModuleManager: Shutting down and abandoning module Renderer (7)
[2016.01.15-18.26.03:418][942]LogModuleManager: Shutting down and abandoning module Engine (6)
[2016.01.15-18.26.03:418][942]LogModuleManager: Shutting down and abandoning module CoreUObject (5)
[2016.01.15-18.26.03:418][942]LogModuleManager: Shutting down and abandoning module NetworkFile (4)
[2016.01.15-18.26.03:418][942]LogModuleManager: Shutting down and abandoning module StreamingFile (3)
[2016.01.15-18.26.03:418][942]LogModuleManager: Shutting down and abandoning module SandboxFile (2)
[2016.01.15-18.26.03:418][942]LogModuleManager: Shutting down and abandoning module PakFile (1)
[2016.01.15-18.26.03:420][942]LogExit: Exiting.
[2016.01.15-18.26.03:452][942]Log file closed, 01/15/16 19:26:03
