[2016.01.15-17.44.49:388][  0]Log file open, 01/15/16 18:44:49
[2016.01.15-17.44.49:388][  0]LogInit:Display: Running engine for game: AutomaticDoor
[2016.01.15-17.44.49:388][  0]LogInit:Display: RandInit(407414158) SRandInit(407414158).
[2016.01.15-17.44.49:388][  0]LogTaskGraph: Started task graph with 4 named threads and 7 total threads.
[2016.01.15-17.44.49:388][  0]LogStats: Stats thread started at 0.076454
[2016.01.15-17.44.49:388][  0]LogInit: Version: 4.9.2-2707645+++depot+UE4-Releases+4.9
[2016.01.15-17.44.49:388][  0]LogInit: API Version: 2672455
[2016.01.15-17.44.49:388][  0]LogInit: Compiled (64-bit): Sep 28 2015 10:25:44
[2016.01.15-17.44.49:388][  0]LogInit: Compiled with Visual C++: 18.00.21005.01
[2016.01.15-17.44.49:388][  0]LogInit: Build Configuration: Development
[2016.01.15-17.44.49:388][  0]LogInit: Branch Name: ++depot+UE4-Releases+4.9
[2016.01.15-17.44.49:388][  0]LogInit: Command line:  
[2016.01.15-17.44.49:388][  0]LogInit: Base directory: C:/Program Files/Epic Games/4.9/Engine/Binaries/Win64/
[2016.01.15-17.44.49:388][  0]LogInit: Rocket: 1
[2016.01.15-17.44.49:397][  0]LogInit: Using libcurl 7.41.0
[2016.01.15-17.44.49:397][  0]LogInit:  - built for x86_64-pc-win32
[2016.01.15-17.44.49:397][  0]LogInit:  - supports SSL with WinSSL
[2016.01.15-17.44.49:397][  0]LogInit:  - other features:
[2016.01.15-17.44.49:397][  0]LogInit:      CURL_VERSION_SSL
[2016.01.15-17.44.49:397][  0]LogInit:      CURL_VERSION_IPV6
[2016.01.15-17.44.49:397][  0]LogInit:      CURL_VERSION_ASYNCHDNS
[2016.01.15-17.44.49:397][  0]LogInit:      CURL_VERSION_LARGEFILE
[2016.01.15-17.44.49:397][  0]LogInit:      CURL_VERSION_IDN
[2016.01.15-17.44.49:397][  0]LogInit:  CurlRequestOptions (configurable via config and command line):
[2016.01.15-17.44.49:397][  0]LogInit:  - bVerifyPeer = true  - Libcurl will verify peer certificate
[2016.01.15-17.44.49:397][  0]LogInit:  - bUseHttpProxy = false  - Libcurl will NOT use HTTP proxy
[2016.01.15-17.44.49:397][  0]LogInit:  - bDontReuseConnections = false  - Libcurl will reuse connections
[2016.01.15-17.44.49:397][  0]LogInit:  - CertBundlePath = nullptr  - Libcurl will use whatever was configured at build time.
[2016.01.15-17.44.49:404][  0]LogInit: Presizing for 0 objects not considered by GC, pre-allocating 0 bytes.
[2016.01.15-17.44.49:410][  0]LogInit: Object subsystem initialized
[2016.01.15-17.44.49:412][  0]LogInit: Selected Device Profile: [Windows]
[2016.01.15-17.44.49:412][  0]LogInit: Applying CVar settings loaded from the selected device profile: [Windows]
[2016.01.15-17.44.49:418][  0]LogInit: Computer: FIDUS
[2016.01.15-17.44.49:418][  0]LogInit: User: Niclas
[2016.01.15-17.44.49:418][  0]LogInit: CPU Page size=4096, Cores=4
[2016.01.15-17.44.49:418][  0]LogInit: High frequency timer resolution =3.386479 MHz
[2016.01.15-17.44.49:418][  0]LogMemory: Memory total: Physical=15.9GB (16GB approx)
[2016.01.15-17.44.49:418][  0]LogMemory: Platform Memory Stats for Windows
[2016.01.15-17.44.49:418][  0]LogMemory: Process Physical Memory: 54.56 MB used, 54.56 MB peak
[2016.01.15-17.44.49:418][  0]LogMemory: Process Virtual Memory: 55.34 MB used, 55.34 MB peak
[2016.01.15-17.44.49:418][  0]LogMemory: Physical Memory: 4207.58 MB used, 16332.28 MB total
[2016.01.15-17.44.49:418][  0]LogMemory: Virtual Memory: 368.15 MB used, 134217728.00 MB total
[2016.01.15-17.44.49:449][  0]LogTextLocalizationManager: No translations for ('sv-SE') exist, falling back to 'en' for localization and internationalization data.
[2016.01.15-17.44.50:141][  0]LogD3D11RHI: Found D3D11 adapter 0: AMD Radeon HD 7800 Series (Feature Level 11_0)
[2016.01.15-17.44.50:141][  0]LogD3D11RHI: Adapter has 2030MB of dedicated video memory, 0MB of dedicated system memory, and 8166MB of shared system memory, 1 output[s]
[2016.01.15-17.44.50:142][  0]LogD3D11RHI: Found D3D11 adapter 1: Microsoft Basic Render Driver (Feature Level 11_0)
[2016.01.15-17.44.50:142][  0]LogD3D11RHI: Adapter has 0MB of dedicated video memory, 0MB of dedicated system memory, and 8166MB of shared system memory, 0 output[s]
[2016.01.15-17.44.50:142][  0]LogD3D11RHI: Chosen D3D11 Adapter Id = 0
[2016.01.15-17.44.50:146][  0]LogD3D11RHI: !Direct3DDevice
[2016.01.15-17.44.50:146][  0]LogRHI: Texture pool is 1361 MB (70% of 1945 MB)
[2016.01.15-17.44.50:151][  0]LogD3D11RHI: Async texture creation disabled: no driver support
[2016.01.15-17.44.50:160][  0]LogShaderCompilers: Guid format shader working directory is 15 characters bigger than the processId version (../../../../../../Users/Niclas/Documents/GitHub/ProjectDoor/AutomaticDoor/Intermediate/Shaders/WorkingDirectory/7664/).
[2016.01.15-17.44.50:160][  0]LogShaderCompilers: Cleaned the shader compiler working directory '../../../../../../Users/Niclas/Documents/GitHub/ProjectDoor/AutomaticDoor/Intermediate/Shaders/tmp/EEC11055440A2FDC6389439B39D687C1/'.
[2016.01.15-17.44.50:160][  0]LogShaderCompilers:Display: Using Local Shader Compiler.
[2016.01.15-17.44.51:118][  0]LogTemp:Display: Loaded TP AllDesktopTargetPlatform
[2016.01.15-17.44.51:123][  0]LogTemp:Display: Loaded TP WindowsClientTargetPlatform
[2016.01.15-17.44.51:129][  0]LogTemp:Display: Loaded TP WindowsNoEditorTargetPlatform
[2016.01.15-17.44.51:134][  0]LogTemp:Display: Loaded TP WindowsServerTargetPlatform
[2016.01.15-17.44.51:139][  0]LogTemp:Display: Loaded TP WindowsTargetPlatform
[2016.01.15-17.44.51:142][  0]LogTemp:Display: Loaded TP AndroidTargetPlatform
[2016.01.15-17.44.51:146][  0]LogTemp:Display: Loaded TP Android_ASTCTargetPlatform
[2016.01.15-17.44.51:149][  0]LogTemp:Display: Loaded TP Android_ATCTargetPlatform
[2016.01.15-17.44.51:153][  0]LogTemp:Display: Loaded TP Android_DXTTargetPlatform
[2016.01.15-17.44.51:156][  0]LogTemp:Display: Loaded TP Android_ETC1TargetPlatform
[2016.01.15-17.44.51:160][  0]LogTemp:Display: Loaded TP Android_ETC2TargetPlatform
[2016.01.15-17.44.51:164][  0]LogTemp:Display: Loaded TP Android_PVRTCTargetPlatform
[2016.01.15-17.44.51:164][  0]LogTemp:Display: Loaded TP HTML5TargetPlatform
[2016.01.15-17.44.51:182][  0]LogTemp:Display: Loaded TP IOSTargetPlatform
[2016.01.15-17.44.51:185][  0]LogTemp:Display: Loaded TP LinuxNoEditorTargetPlatform
[2016.01.15-17.44.51:188][  0]LogTemp:Display: Loaded TP LinuxServerTargetPlatform
[2016.01.15-17.44.51:191][  0]LogTemp:Display: Loaded TP LinuxTargetPlatform
[2016.01.15-17.44.51:191][  0]LogTargetPlatformManager:Display: Building Assets For Windows
[2016.01.15-17.44.51:281][  0]LogDerivedDataCache:Display: Max Cache Size: 512 MB
[2016.01.15-17.44.51:319][  0]LogDerivedDataCache: Loaded boot cache 0.04s 44MB C:/Users/Niclas/AppData/Local/UnrealEngine/4.9/DerivedDataCache/Boot.ddc.
[2016.01.15-17.44.51:319][  0]LogDerivedDataCache:Display: Loaded Boot cache: C:/Users/Niclas/AppData/Local/UnrealEngine/4.9/DerivedDataCache/Boot.ddc
[2016.01.15-17.44.51:319][  0]LogDerivedDataCache: FDerivedDataBackendGraph:  Pak pak cache file ../../../../../../Users/Niclas/Documents/GitHub/ProjectDoor/AutomaticDoor/DerivedDataCache/DDC.ddp not found, will not use a pak cache.
[2016.01.15-17.44.51:319][  0]LogDerivedDataCache: Unable to find inner node Pak for hierarchical cache Hierarchy.
[2016.01.15-17.44.51:319][  0]LogDerivedDataCache: FDerivedDataBackendGraph:  CompressedPak pak cache file ../../../../../../Users/Niclas/Documents/GitHub/ProjectDoor/AutomaticDoor/DerivedDataCache/Compressed.ddp not found, will not use a pak cache.
[2016.01.15-17.44.51:319][  0]LogDerivedDataCache: Unable to find inner node CompressedPak for hierarchical cache Hierarchy.
[2016.01.15-17.44.51:449][  0]LogDerivedDataCache:Display: Pak cache opened for reading ../../../Engine/DerivedDataCache/Compressed.ddp.
[2016.01.15-17.44.51:461][  0]LogDerivedDataCache: Using Local data cache path C:/Users/Niclas/AppData/Local/UnrealEngine/Common/DerivedDataCache: Writable
[2016.01.15-17.44.51:639][  0]LogInit: Selected Device Profile: [Windows]
[2016.01.15-17.44.51:641][  0]LogContentStreaming: Texture pool size is 0.000000MB
[2016.01.15-17.44.51:750][  0]LogMeshUtilities: No automatic mesh reduction module available
[2016.01.15-17.44.51:750][  0]LogMeshUtilities: No automatic mesh merging module available
[2016.01.15-17.44.51:965][  0]LogInit: WinSock: version 1.1 (2.2), MaxSocks=32767, MaxUdp=65467
[2016.01.15-17.44.52:580][  0]UdpMessaging: Initializing bridge on interface 0.0.0.0:0 to multicast group 230.0.0.1:6666.
[2016.01.15-17.44.52:648][  0]LogSkinnedMeshComp:Warning: GetSocketByName(): No SkeletalMesh for CharacterMesh1P
[2016.01.15-17.44.52:752][  0]LogLinker:Warning: Asset '../../../../../../Users/Niclas/Documents/GitHub/ProjectDoor/AutomaticDoor/Content/Mannequin/Animations/ThirdPerson_AnimBP.uasset' has been saved with empty engine version. The asset will be loaded but may be incompatible.
[2016.01.15-17.44.52:753][  0]LogLinker:Warning: Asset '../../../../../../Users/Niclas/Documents/GitHub/ProjectDoor/AutomaticDoor/Content/Mannequin/Animations/ThirdPerson_Jump.uasset' has been saved with empty engine version. The asset will be loaded but may be incompatible.
[2016.01.15-17.44.52:754][  0]LogLinker:Warning: Asset '../../../../../../Users/Niclas/Documents/GitHub/ProjectDoor/AutomaticDoor/Content/Mannequin/Animations/ThirdPersonJump_Loop.uasset' has been saved with empty engine version. The asset will be loaded but may be incompatible.
[2016.01.15-17.44.52:755][  0]LogLinker:Warning: Asset '../../../../../../Users/Niclas/Documents/GitHub/ProjectDoor/AutomaticDoor/Content/Mannequin/Animations/ThirdPersonJump_Start.uasset' has been saved with empty engine version. The asset will be loaded but may be incompatible.
[2016.01.15-17.44.52:756][  0]LogLinker:Warning: Asset '../../../../../../Users/Niclas/Documents/GitHub/ProjectDoor/AutomaticDoor/Content/Mannequin/Animations/ThirdPerson_IdleRun_2D.uasset' has been saved with empty engine version. The asset will be loaded but may be incompatible.
[2016.01.15-17.44.52:757][  0]LogLinker:Warning: Asset '../../../../../../Users/Niclas/Documents/GitHub/ProjectDoor/AutomaticDoor/Content/Mannequin/Animations/ThirdPersonIdle.uasset' has been saved with empty engine version. The asset will be loaded but may be incompatible.
[2016.01.15-17.44.52:757][  0]LogLinker:Warning: Asset '../../../../../../Users/Niclas/Documents/GitHub/ProjectDoor/AutomaticDoor/Content/Mannequin/Animations/ThirdPersonRun.uasset' has been saved with empty engine version. The asset will be loaded but may be incompatible.
[2016.01.15-17.44.52:758][  0]LogLinker:Warning: Asset '../../../../../../Users/Niclas/Documents/GitHub/ProjectDoor/AutomaticDoor/Content/Mannequin/Animations/ThirdPersonWalk.uasset' has been saved with empty engine version. The asset will be loaded but may be incompatible.
[2016.01.15-17.44.52:799][  0]LogLinker:Warning: Asset '../../../../../../Users/Niclas/Documents/GitHub/ProjectDoor/AutomaticDoor/Content/FirstPerson/Meshes/FirstPersonProjectileMesh.uasset' has been saved with empty engine version. The asset will be loaded but may be incompatible.
[2016.01.15-17.44.52:876][  0]LogSkinnedMeshComp:Warning: GetSocketByName(): No SkeletalMesh for CharacterMesh1P
[2016.01.15-17.44.52:889][  0]LogSkinnedMeshComp:Warning: GetSocketByName(): No SkeletalMesh for CharacterMesh1P
[2016.01.15-17.44.52:890][  0]LogSkinnedMeshComp:Warning: GetSocketByName(): No SkeletalMesh for CharacterMesh1P
[2016.01.15-17.44.52:892][  0]LogSkinnedMeshComp:Warning: GetSocketByName(): No SkeletalMesh for CharacterMesh1P
[2016.01.15-17.44.52:896][  0]LogSkinnedMeshComp:Warning: GetSocketByName(): No SkeletalMesh for CharacterMesh1P
[2016.01.15-17.44.52:898][  0]LogSkinnedMeshComp:Warning: GetSocketByName(): No SkeletalMesh for CharacterMesh1P
[2016.01.15-17.44.53:132][  0]LogAssetRegistry: FAssetRegistry took 0.0107 seconds to start up
[2016.01.15-17.44.53:292][  0]SourceControl: Info Source control is disabled
[2016.01.15-17.44.53:292][  0]SourceControl: Info Source control is disabled
[2016.01.15-17.44.53:307][  0]SourceControl: Info Source control is disabled
[2016.01.15-17.44.53:320][  0]SourceControl: Info Source control is disabled
[2016.01.15-17.44.53:487][  0]LogLinker:Warning: Asset '../../../Engine/Plugins/Runtime/LeapMotionController/Content/LM_PassthroughMaterial.uasset' has been saved with empty engine version. The asset will be loaded but may be incompatible.
[2016.01.15-17.44.53:575][  0]LogObj: 35574 objects as part of root set at end of initial load.
[2016.01.15-17.44.53:575][  0]LogUObjectAllocator: 8616472 out of 0 bytes used by permanent object pool.
[2016.01.15-17.44.53:625][  0]LogEngine: Initializing Engine...
[2016.01.15-17.44.53:627][  0]LogHMD: Can't find Oculus library dev build: is proper Runtime installed? Version: 0.7.0.0
[2016.01.15-17.44.53:628][  0]LogHMD: SteamVR failed to initialize.  Err: 110
[2016.01.15-17.44.53:732][  0]LogAIModule: Creating AISystem for world NewWorld
[2016.01.15-17.44.53:744][  0]LogInit: XAudio2 using 'Högtalare (Logitech G35 Gaming Headset)' : 2 channels at 44.1 kHz using 16 bits per sample (channel mask 0x3)
[2016.01.15-17.44.53:771][  0]LogInit: FAudioDevice initialized.
[2016.01.15-17.44.53:790][  0]LogDerivedDataCache: Saved boot cache 0.02s 44MB C:/Users/Niclas/AppData/Local/UnrealEngine/4.9/DerivedDataCache/Boot.ddc.
[2016.01.15-17.44.53:793][  0]LogInit: Texture streaming: Enabled
[2016.01.15-17.44.53:799][  0]LogAnalytics: Creating configured Analytics provider AnalyticsET
[2016.01.15-17.44.53:799][  0]LogAnalytics: [UEEditor.Rocket.Release] APIServer = http://et2.epicgames.com/ET2/. AppVersion = 4.9.2-2707645+++depot+UE4-Releases+4.9
[2016.01.15-17.44.53:799][  0]LogAnalytics: [UEEditor.Rocket.Release] SetUserId 8d5f2d8b4e520712a8f1e688fed765ab|99f216c1865e471987722078da7bde5f|50f43dcd-c54f-4aa6-a5c1-e948023fc359
[2016.01.15-17.44.53:799][  0]LogAnalytics: [UEEditor.Rocket.Release] AnalyticsET::StartSession
[2016.01.15-17.44.53:810][  0]LogWindowsTextInputMethodSystem:Display: IME system now deactivated.
[2016.01.15-17.44.53:941][  0]LogInit: Transaction tracking system initialized
[2016.01.15-17.44.53:978][  0]BlueprintLog: New page: Editor Load
[2016.01.15-17.44.54:106][  0]LocalizationService: Info Localization service is disabled
[2016.01.15-17.44.54:182][  0]LogConsoleResponse:Display: 
[2016.01.15-17.44.54:279][  0]LogCook:Display: Done creating registry. It took  0.00s.
[2016.01.15-17.44.54:342][  0]LogFileCache: Scanning file cache for directory 'C:/Users/Niclas/Documents/GitHub/ProjectDoor/AutomaticDoor/Content/' took 0.02s
[2016.01.15-17.44.54:342][  0]SourceControl: Info Source control is disabled
[2016.01.15-17.44.54:342][  0]Cmd: MAP LOAD FILE="../../../../../../Users/Niclas/Documents/GitHub/ProjectDoor/AutomaticDoor/Content/FirstPersonCPP/Maps/FirstPersonExampleMap.umap" TEMPLATE=0 SHOWPROGRESS=1 FEATURELEVEL=3
[2016.01.15-17.44.54:343][  0]LightingResults: New page: Lighting Build
[2016.01.15-17.44.54:346][  0]MapCheck: New page: Map Check
[2016.01.15-17.44.54:346][  0]LightingResults: New page: Lighting Build
[2016.01.15-17.44.54:357][  0]LogParticles: Destroying 0 GPU particle simulations for FXSystem 0x000001259D56E160
[2016.01.15-17.44.54:627][  0]LogBlueprint:Warning: [compiler FirstPersonExampleMap] Warning Node  Unknown  is not referencing a valid level actor
[2016.01.15-17.44.54:628][  0]LogBlueprint:Warning: [compiler FirstPersonExampleMap] Warning [0006.13] Compile of FirstPersonExampleMap successful, but with 1 Warning(s) [in 2 ms]
[2016.01.15-17.44.54:628][  0]LogBlueprint:Warning: [compiler FirstPersonExampleMap] Warning [0006.13] Compile of FirstPersonExampleMap successful, but with 2 Warning(s) [in 0 ms]
[2016.01.15-17.44.54:628][  0]LogBlueprint:Warning: [compiler FirstPersonExampleMap] Warning [0006.13] Compile of FirstPersonExampleMap successful, but with 3 Warning(s) [in 0 ms]
[2016.01.15-17.44.54:630][  0]LogBlueprint:Warning: [compiler FirstPersonExampleMap] Warning Node  Unknown  is not referencing a valid level actor
[2016.01.15-17.44.54:631][  0]LogBlueprint:Warning: [compiler FirstPersonExampleMap] Warning [0006.14] Compile of FirstPersonExampleMap successful, but with 1 Warning(s) [in 1 ms]
[2016.01.15-17.44.54:631][  0]LogBlueprint:Warning: [compiler FirstPersonExampleMap] Warning [0006.14] Compile of FirstPersonExampleMap successful, but with 2 Warning(s) [in 0 ms]
[2016.01.15-17.44.54:631][  0]LogBlueprint:Warning: [compiler FirstPersonExampleMap] Warning [0006.14] Compile of FirstPersonExampleMap successful, but with 3 Warning(s) [in 0 ms]
[2016.01.15-17.44.54:632][  0]LogSkinnedMeshComp:Warning: GetSocketByName(): No SkeletalMesh for CharacterMesh1P
[2016.01.15-17.44.54:836][  0]LogAIModule: Creating AISystem for world FirstPersonExampleMap
[2016.01.15-17.44.54:851][  0]LogEditorServer: Finished looking for orphan Actors (0.000 secs)
[2016.01.15-17.44.54:852][  0]Cmd: MAP CHECKDEP NOCLEARLOG
[2016.01.15-17.44.54:932][  0]MapCheck: Info Map check complete: 0 Error(s), 0 Warning(s), took 80.136ms to complete.
[2016.01.15-17.44.54:932][  0]LogFileHelpers: Loading map 'FirstPersonExampleMap' took 0.590
[2016.01.15-17.44.55:038][  0]LogCollectionManager: Loaded 0 collections in 0.002258 seconds
[2016.01.15-17.44.55:078][  0]LogFileCache: Scanning file cache for directory 'C:/Users/Niclas/Documents/GitHub/ProjectDoor/AutomaticDoor/Saved/Collections/' took 0.01s
[2016.01.15-17.44.55:079][  0]LogFileCache: Scanning file cache for directory 'C:/Users/Niclas/Documents/GitHub/ProjectDoor/AutomaticDoor/Content/Developers/Niclas/Collections/' took 0.01s
[2016.01.15-17.44.55:079][  0]LogFileCache: Scanning file cache for directory 'C:/Users/Niclas/Documents/GitHub/ProjectDoor/AutomaticDoor/Content/Collections/' took 0.01s
[2016.01.15-17.44.55:079][  0]LogContentBrowser: Native class hierarchy populated in 0.0074 seconds. Added 1873 classes and 335 folders.
[2016.01.15-17.44.55:083][  0]LogCollectionManager: Rebuilt the GUID cache for 0 collections in 0.000009 seconds
[2016.01.15-17.44.55:091][  0]LogContentBrowser: Native class hierarchy updated for 'WidgetCarousel' in 0.0014 seconds. Added 0 classes and 0 folders.
[2016.01.15-17.44.55:135][  0]LogContentBrowser: Native class hierarchy updated for 'AddContentDialog' in 0.0014 seconds. Added 0 classes and 0 folders.
[2016.01.15-17.44.55:140][  0]LogContentBrowser: Native class hierarchy updated for 'SceneOutliner' in 0.0014 seconds. Added 1 classes and 2 folders.
[2016.01.15-17.44.55:162][  0]LogCrashTracker: Crashtracker disabled due to settings.
[2016.01.15-17.44.55:166][  0]LogUObjectGlobals:Warning: Failed to find object 'Class None.'
[2016.01.15-17.44.55:187][  0]LogLoad: Full Startup: 6.69 seconds (BP compile: 0.16 seconds)
[2016.01.15-17.44.55:254][  0]LogContentStreaming: Texture pool size now 1000 MB
[2016.01.15-17.44.55:362][  0]LogRenderer: Reallocating scene render targets to support 1208x576 (Frame:2).
[2016.01.15-17.44.55:753][  4]LogAssetRegistry: Asset discovery search completed in 2.6314 seconds
[2016.01.15-17.44.55:753][  4]LogCollectionManager: Rebuilt the object cache for 0 collections in 0.000001 seconds (found 0 objects)
[2016.01.15-17.44.55:753][  4]LogCollectionManager: Fixed up redirectors for 0 collections in 0.000019 seconds (updated 0 objects)
[2016.01.15-17.44.59:592][128]LogBlueprintUserMessages: Early PlayInEditor Detection: Level '/Game/FirstPersonCPP/Maps/FirstPersonExampleMap.FirstPersonExampleMap:PersistentLevel' has LevelScriptBlueprint '/Game/FirstPersonCPP/Maps/FirstPersonExampleMap.FirstPersonExampleMap:PersistentLevel.FirstPersonExampleMap' with GeneratedClass '/Game/FirstPersonCPP/Maps/FirstPersonExampleMap.FirstPersonExampleMap_C' with ClassGeneratedBy '/Game/FirstPersonCPP/Maps/FirstPersonExampleMap.FirstPersonExampleMap:PersistentLevel.FirstPersonExampleMap'
[2016.01.15-17.44.59:592][128]LogPlayLevel: PlayLevel: No blueprints needed recompiling
[2016.01.15-17.44.59:592][128]PIE: New page: PIE session: FirstPersonExampleMap (Jan 15, 2016, 7:44:59 PM)
[2016.01.15-17.44.59:592][128]LogPlayLevel: Creating play world package: /Game/FirstPersonCPP/Maps/UEDPIE_0_FirstPersonExampleMap
[2016.01.15-17.44.59:595][128]LogSkinnedMeshComp:Warning: GetSocketByName(): No SkeletalMesh for CharacterMesh1P
[2016.01.15-17.44.59:632][128]LogPlayLevel: PIE: StaticDuplicateObject took: (0.039556s)
[2016.01.15-17.44.59:633][128]LogAIModule: Creating AISystem for world FirstPersonExampleMap
[2016.01.15-17.44.59:633][128]LogPlayLevel: PIE: World Init took: (0.000886s)
[2016.01.15-17.44.59:633][128]LogPlayLevel: PIE: Created PIE world by copying editor world from /Game/FirstPersonCPP/Maps/FirstPersonExampleMap.FirstPersonExampleMap to /Game/FirstPersonCPP/Maps/UEDPIE_0_FirstPersonExampleMap.FirstPersonExampleMap (0.040711s)
[2016.01.15-17.44.59:633][128]LogActorComponent: UnregisterComponent: (/Engine/Transient.CharMoveComp) Not registered. Aborting.
[2016.01.15-17.44.59:633][128]LogActorComponent: UnregisterComponent: (/Engine/Transient.PawnSensing_GEN_VARIABLE) Not registered. Aborting.
[2016.01.15-17.44.59:633][128]LogActorComponent: UnregisterComponent: (/Engine/Transient.CharacterMovementComponent_0) Not registered. Aborting.
[2016.01.15-17.44.59:661][128]LogInit: XAudio2 using 'Högtalare (Logitech G35 Gaming Headset)' : 2 channels at 44.1 kHz using 16 bits per sample (channel mask 0x3)
[2016.01.15-17.44.59:680][128]LogInit: FAudioDevice initialized.
[2016.01.15-17.44.59:727][128]LogWorld: Game class is 'AutomaticDoorGameMode'
[2016.01.15-17.44.59:751][128]LogWorld:Warning: *** WARNING - PATHS MAY NOT BE VALID ***
[2016.01.15-17.44.59:751][128]LogWorld: Bringing World /Game/FirstPersonCPP/Maps/UEDPIE_0_FirstPersonExampleMap.FirstPersonExampleMap up for play (max tick rate 0) at 2016.01.15-18.44.59
[2016.01.15-17.44.59:751][128]LogActor:Warning: GameSession /Game/FirstPersonCPP/Maps/UEDPIE_0_FirstPersonExampleMap.FirstPersonExampleMap:PersistentLevel.GameSession_0 has natively added scene component(s), but none of them were set as the actor's RootComponent - picking one arbitrarily
[2016.01.15-17.44.59:751][128]LogActor:Warning: GameNetworkManager /Game/FirstPersonCPP/Maps/UEDPIE_0_FirstPersonExampleMap.FirstPersonExampleMap:PersistentLevel.GameNetworkManager_0 has natively added scene component(s), but none of them were set as the actor's RootComponent - picking one arbitrarily
[2016.01.15-17.44.59:754][128]LogWorld: Bringing up level for play took: 0.025525
[2016.01.15-17.44.59:760][128]PIE: Info Play in editor start time for /Game/FirstPersonCPP/Maps/UEDPIE_0_FirstPersonExampleMap -0.299
[2016.01.15-17.44.59:760][128]LogBlueprintUserMessages: Late PlayInEditor Detection: Level '/Game/FirstPersonCPP/Maps/FirstPersonExampleMap.FirstPersonExampleMap:PersistentLevel' has LevelScriptBlueprint '/Game/FirstPersonCPP/Maps/FirstPersonExampleMap.FirstPersonExampleMap:PersistentLevel.FirstPersonExampleMap' with GeneratedClass '/Game/FirstPersonCPP/Maps/FirstPersonExampleMap.FirstPersonExampleMap_C' with ClassGeneratedBy '/Game/FirstPersonCPP/Maps/FirstPersonExampleMap.FirstPersonExampleMap:PersistentLevel.FirstPersonExampleMap'
[2016.01.15-17.45.04:682][690]LogBlueprintUserMessages: Early EndPlayMap Detection: Level '/Game/FirstPersonCPP/Maps/FirstPersonExampleMap.FirstPersonExampleMap:PersistentLevel' has LevelScriptBlueprint '/Game/FirstPersonCPP/Maps/FirstPersonExampleMap.FirstPersonExampleMap:PersistentLevel.FirstPersonExampleMap' with GeneratedClass '/Game/FirstPersonCPP/Maps/FirstPersonExampleMap.FirstPersonExampleMap_C' with ClassGeneratedBy '/Game/FirstPersonCPP/Maps/FirstPersonExampleMap.FirstPersonExampleMap:PersistentLevel.FirstPersonExampleMap'
[2016.01.15-17.45.04:720][690]LogBlueprintUserMessages: Late EndPlayMap Detection: Level '/Game/FirstPersonCPP/Maps/FirstPersonExampleMap.FirstPersonExampleMap:PersistentLevel' has LevelScriptBlueprint '/Game/FirstPersonCPP/Maps/FirstPersonExampleMap.FirstPersonExampleMap:PersistentLevel.FirstPersonExampleMap' with GeneratedClass '/Game/FirstPersonCPP/Maps/FirstPersonExampleMap.FirstPersonExampleMap_C' with ClassGeneratedBy '/Game/FirstPersonCPP/Maps/FirstPersonExampleMap.FirstPersonExampleMap:PersistentLevel.FirstPersonExampleMap'
[2016.01.15-17.45.04:739][690]LogParticles: Destroying 0 GPU particle simulations for FXSystem 0x00000125A6F62340
[2016.01.15-17.49.22:663][163]LogLinker:Warning: Asset '../../../Engine/Content/ArtTools/RenderToTexture/Macros/RenderToTextureMacros.uasset' has been saved with empty engine version. The asset will be loaded but may be incompatible.
[2016.01.15-17.49.23:149][163]LogContentBrowser: Native class hierarchy updated for 'BlueprintGraph' in 0.0017 seconds. Added 107 classes and 0 folders.
[2016.01.15-17.49.29:337][431]LogRenderer: Reallocating scene render targets to support 1208x900 (Frame:33785).
[2016.01.15-17.49.56:522][ 18]LogActorComponent: UnregisterComponent: (/Engine/Transient.CharMoveComp) Not registered. Aborting.
[2016.01.15-17.50.06:971][623]BlueprintLog: New page: Compile AIEnemy
[2016.01.15-17.50.07:079][623]LogActorComponent: UnregisterComponent: (/Engine/Transient.CharacterMovementComponent_1) Not registered. Aborting.
[2016.01.15-17.50.07:098][623]LogParticles: Destroying 0 GPU particle simulations for FXSystem 0x0000012597C1F740
[2016.01.15-17.50.07:106][623]BlueprintEditorCompileResults: Info [0318.61] Compile of AIEnemy successful! [in 134 ms]
[2016.01.15-17.50.07:705][657]Cmd: OBJ SAVEPACKAGE PACKAGE="/Game/AI/AIEnemy" FILE="../../../../../../Users/Niclas/Documents/GitHub/ProjectDoor/AutomaticDoor/Content/AI/AIEnemy.uasset" SILENT=true
[2016.01.15-17.50.07:734][657]LogSavePackage: Save=20.938858ms
[2016.01.15-17.50.07:734][657]LogSavePackage: Moving '../../../../../../Users/Niclas/Documents/GitHub/ProjectDoor/AutomaticDoor/Saved/AIEnemy784AF9D54116D4BFA334DA8182870DB1.tmp' to '../../../../../../Users/Niclas/Documents/GitHub/ProjectDoor/AutomaticDoor/Content/AI/AIEnemy.uasset'
[2016.01.15-17.50.07:736][657]LogSavePackage: Total save time: 30.048024ms
[2016.01.15-17.50.07:736][657]LogSavePackage:Warning: Finished SavePackage ../../../../../../Users/Niclas/Documents/GitHub/ProjectDoor/AutomaticDoor/Content/AI/AIEnemy.uasset
[2016.01.15-17.50.41:911][918]LogBlueprintUserMessages: Early PlayInEditor Detection: Level '/Game/FirstPersonCPP/Maps/FirstPersonExampleMap.FirstPersonExampleMap:PersistentLevel' has LevelScriptBlueprint '/Game/FirstPersonCPP/Maps/FirstPersonExampleMap.FirstPersonExampleMap:PersistentLevel.FirstPersonExampleMap' with GeneratedClass '/Game/FirstPersonCPP/Maps/FirstPersonExampleMap.FirstPersonExampleMap_C' with ClassGeneratedBy '/Game/FirstPersonCPP/Maps/FirstPersonExampleMap.FirstPersonExampleMap:PersistentLevel.FirstPersonExampleMap'
[2016.01.15-17.50.41:911][918]LogPlayLevel: PlayLevel: No blueprints needed recompiling
[2016.01.15-17.50.41:911][918]PIE: New page: PIE session: FirstPersonExampleMap (Jan 15, 2016, 7:50:41 PM)
[2016.01.15-17.50.41:911][918]LogPlayLevel: Creating play world package: /Game/FirstPersonCPP/Maps/UEDPIE_0_FirstPersonExampleMap
[2016.01.15-17.50.41:914][918]LogSkinnedMeshComp:Warning: GetSocketByName(): No SkeletalMesh for CharacterMesh1P
[2016.01.15-17.50.41:945][918]LogPlayLevel: PIE: StaticDuplicateObject took: (0.034183s)
[2016.01.15-17.50.41:946][918]LogAIModule: Creating AISystem for world FirstPersonExampleMap
[2016.01.15-17.50.41:946][918]LogPlayLevel: PIE: World Init took: (0.000692s)
[2016.01.15-17.50.41:946][918]LogPlayLevel: PIE: Created PIE world by copying editor world from /Game/FirstPersonCPP/Maps/FirstPersonExampleMap.FirstPersonExampleMap to /Game/FirstPersonCPP/Maps/UEDPIE_0_FirstPersonExampleMap.FirstPersonExampleMap (0.035068s)
[2016.01.15-17.50.41:946][918]LogActorComponent: UnregisterComponent: (/Engine/Transient.CharMoveComp) Not registered. Aborting.
[2016.01.15-17.50.41:977][918]LogInit: XAudio2 using 'Högtalare (Logitech G35 Gaming Headset)' : 2 channels at 44.1 kHz using 16 bits per sample (channel mask 0x3)
[2016.01.15-17.50.41:993][918]LogInit: FAudioDevice initialized.
[2016.01.15-17.50.42:028][918]LogWorld: Game class is 'AutomaticDoorGameMode'
[2016.01.15-17.50.42:050][918]LogWorld:Warning: *** WARNING - PATHS MAY NOT BE VALID ***
[2016.01.15-17.50.42:050][918]LogWorld: Bringing World /Game/FirstPersonCPP/Maps/UEDPIE_0_FirstPersonExampleMap.FirstPersonExampleMap up for play (max tick rate 0) at 2016.01.15-18.50.42
[2016.01.15-17.50.42:050][918]LogActor:Warning: GameSession /Game/FirstPersonCPP/Maps/UEDPIE_0_FirstPersonExampleMap.FirstPersonExampleMap:PersistentLevel.GameSession_1 has natively added scene component(s), but none of them were set as the actor's RootComponent - picking one arbitrarily
[2016.01.15-17.50.42:050][918]LogActor:Warning: GameNetworkManager /Game/FirstPersonCPP/Maps/UEDPIE_0_FirstPersonExampleMap.FirstPersonExampleMap:PersistentLevel.GameNetworkManager_1 has natively added scene component(s), but none of them were set as the actor's RootComponent - picking one arbitrarily
[2016.01.15-17.50.42:052][918]LogWorld: Bringing up level for play took: 0.023529
[2016.01.15-17.50.42:055][918]PIE: Info Play in editor start time for /Game/FirstPersonCPP/Maps/UEDPIE_0_FirstPersonExampleMap -0.003
[2016.01.15-17.50.42:055][918]LogBlueprintUserMessages: Late PlayInEditor Detection: Level '/Game/FirstPersonCPP/Maps/FirstPersonExampleMap.FirstPersonExampleMap:PersistentLevel' has LevelScriptBlueprint '/Game/FirstPersonCPP/Maps/FirstPersonExampleMap.FirstPersonExampleMap:PersistentLevel.FirstPersonExampleMap' with GeneratedClass '/Game/FirstPersonCPP/Maps/FirstPersonExampleMap.FirstPersonExampleMap_C' with ClassGeneratedBy '/Game/FirstPersonCPP/Maps/FirstPersonExampleMap.FirstPersonExampleMap:PersistentLevel.FirstPersonExampleMap'
[2016.01.15-17.50.54:448][357]LogBlueprintUserMessages: Early EndPlayMap Detection: Level '/Game/FirstPersonCPP/Maps/FirstPersonExampleMap.FirstPersonExampleMap:PersistentLevel' has LevelScriptBlueprint '/Game/FirstPersonCPP/Maps/FirstPersonExampleMap.FirstPersonExampleMap:PersistentLevel.FirstPersonExampleMap' with GeneratedClass '/Game/FirstPersonCPP/Maps/FirstPersonExampleMap.FirstPersonExampleMap_C' with ClassGeneratedBy '/Game/FirstPersonCPP/Maps/FirstPersonExampleMap.FirstPersonExampleMap:PersistentLevel.FirstPersonExampleMap'
[2016.01.15-17.50.54:483][357]LogBlueprintUserMessages: Late EndPlayMap Detection: Level '/Game/FirstPersonCPP/Maps/FirstPersonExampleMap.FirstPersonExampleMap:PersistentLevel' has LevelScriptBlueprint '/Game/FirstPersonCPP/Maps/FirstPersonExampleMap.FirstPersonExampleMap:PersistentLevel.FirstPersonExampleMap' with GeneratedClass '/Game/FirstPersonCPP/Maps/FirstPersonExampleMap.FirstPersonExampleMap_C' with ClassGeneratedBy '/Game/FirstPersonCPP/Maps/FirstPersonExampleMap.FirstPersonExampleMap:PersistentLevel.FirstPersonExampleMap'
[2016.01.15-17.50.54:508][357]LogParticles: Destroying 0 GPU particle simulations for FXSystem 0x00000125D9A5E520
[2016.01.15-17.51.03:846][206]LogEditorViewport: Clicking on Actor (LMB): PatrolPoint_C (PatrolPoint2)
[2016.01.15-17.51.08:211][599]LogEditorViewport: Clicking on Actor (LMB): PatrolPoint_C (PatrolPoint3)
[2016.01.15-17.51.13:325][ 30]LogEditorViewport: Clicking on Actor (LMB): PatrolPoint_C (PatrolPoint3)
[2016.01.15-17.51.17:613][438]LogEditorViewport: Clicking on Actor (LMB): PatrolPoint_C (PatrolPoint4)
[2016.01.15-17.51.28:495][395]LogBlueprintUserMessages: Early PlayInEditor Detection: Level '/Game/FirstPersonCPP/Maps/FirstPersonExampleMap.FirstPersonExampleMap:PersistentLevel' has LevelScriptBlueprint '/Game/FirstPersonCPP/Maps/FirstPersonExampleMap.FirstPersonExampleMap:PersistentLevel.FirstPersonExampleMap' with GeneratedClass '/Game/FirstPersonCPP/Maps/FirstPersonExampleMap.FirstPersonExampleMap_C' with ClassGeneratedBy '/Game/FirstPersonCPP/Maps/FirstPersonExampleMap.FirstPersonExampleMap:PersistentLevel.FirstPersonExampleMap'
[2016.01.15-17.51.28:495][395]LogPlayLevel: PlayLevel: No blueprints needed recompiling
[2016.01.15-17.51.28:495][395]PIE: New page: PIE session: FirstPersonExampleMap (Jan 15, 2016, 7:51:28 PM)
[2016.01.15-17.51.28:495][395]LogPlayLevel: Creating play world package: /Game/FirstPersonCPP/Maps/UEDPIE_0_FirstPersonExampleMap
[2016.01.15-17.51.28:497][395]LogSkinnedMeshComp:Warning: GetSocketByName(): No SkeletalMesh for CharacterMesh1P
[2016.01.15-17.51.28:530][395]LogPlayLevel: PIE: StaticDuplicateObject took: (0.034989s)
[2016.01.15-17.51.28:530][395]LogAIModule: Creating AISystem for world FirstPersonExampleMap
[2016.01.15-17.51.28:530][395]LogPlayLevel: PIE: World Init took: (0.000688s)
[2016.01.15-17.51.28:531][395]LogPlayLevel: PIE: Created PIE world by copying editor world from /Game/FirstPersonCPP/Maps/FirstPersonExampleMap.FirstPersonExampleMap to /Game/FirstPersonCPP/Maps/UEDPIE_0_FirstPersonExampleMap.FirstPersonExampleMap (0.035905s)
[2016.01.15-17.51.28:531][395]LogActorComponent: UnregisterComponent: (/Engine/Transient.CharMoveComp) Not registered. Aborting.
[2016.01.15-17.51.28:531][395]LogActorComponent: UnregisterComponent: (/Engine/Transient.CharacterMovementComponent_2) Not registered. Aborting.
[2016.01.15-17.51.28:531][395]LogActorComponent: UnregisterComponent: (/Engine/Transient.PawnSensing_GEN_VARIABLE) Not registered. Aborting.
[2016.01.15-17.51.28:562][395]LogInit: XAudio2 using 'Högtalare (Logitech G35 Gaming Headset)' : 2 channels at 44.1 kHz using 16 bits per sample (channel mask 0x3)
[2016.01.15-17.51.28:577][395]LogInit: FAudioDevice initialized.
[2016.01.15-17.51.28:610][395]LogWorld: Game class is 'AutomaticDoorGameMode'
[2016.01.15-17.51.28:633][395]LogWorld:Warning: *** WARNING - PATHS MAY NOT BE VALID ***
[2016.01.15-17.51.28:633][395]LogWorld: Bringing World /Game/FirstPersonCPP/Maps/UEDPIE_0_FirstPersonExampleMap.FirstPersonExampleMap up for play (max tick rate 0) at 2016.01.15-18.51.28
[2016.01.15-17.51.28:633][395]LogActor:Warning: GameSession /Game/FirstPersonCPP/Maps/UEDPIE_0_FirstPersonExampleMap.FirstPersonExampleMap:PersistentLevel.GameSession_2 has natively added scene component(s), but none of them were set as the actor's RootComponent - picking one arbitrarily
[2016.01.15-17.51.28:633][395]LogActor:Warning: GameNetworkManager /Game/FirstPersonCPP/Maps/UEDPIE_0_FirstPersonExampleMap.FirstPersonExampleMap:PersistentLevel.GameNetworkManager_2 has natively added scene component(s), but none of them were set as the actor's RootComponent - picking one arbitrarily
[2016.01.15-17.51.28:636][395]LogWorld: Bringing up level for play took: 0.025050
[2016.01.15-17.51.28:638][395]PIE: Info Play in editor start time for /Game/FirstPersonCPP/Maps/UEDPIE_0_FirstPersonExampleMap 0.58
[2016.01.15-17.51.28:639][395]LogBlueprintUserMessages: Late PlayInEditor Detection: Level '/Game/FirstPersonCPP/Maps/FirstPersonExampleMap.FirstPersonExampleMap:PersistentLevel' has LevelScriptBlueprint '/Game/FirstPersonCPP/Maps/FirstPersonExampleMap.FirstPersonExampleMap:PersistentLevel.FirstPersonExampleMap' with GeneratedClass '/Game/FirstPersonCPP/Maps/FirstPersonExampleMap.FirstPersonExampleMap_C' with ClassGeneratedBy '/Game/FirstPersonCPP/Maps/FirstPersonExampleMap.FirstPersonExampleMap:PersistentLevel.FirstPersonExampleMap'
[2016.01.15-17.51.38:938][566]LogBlueprintUserMessages: Early EndPlayMap Detection: Level '/Game/FirstPersonCPP/Maps/FirstPersonExampleMap.FirstPersonExampleMap:PersistentLevel' has LevelScriptBlueprint '/Game/FirstPersonCPP/Maps/FirstPersonExampleMap.FirstPersonExampleMap:PersistentLevel.FirstPersonExampleMap' with GeneratedClass '/Game/FirstPersonCPP/Maps/FirstPersonExampleMap.FirstPersonExampleMap_C' with ClassGeneratedBy '/Game/FirstPersonCPP/Maps/FirstPersonExampleMap.FirstPersonExampleMap:PersistentLevel.FirstPersonExampleMap'
[2016.01.15-17.51.39:036][566]LogBlueprintUserMessages: Late EndPlayMap Detection: Level '/Game/FirstPersonCPP/Maps/FirstPersonExampleMap.FirstPersonExampleMap:PersistentLevel' has LevelScriptBlueprint '/Game/FirstPersonCPP/Maps/FirstPersonExampleMap.FirstPersonExampleMap:PersistentLevel.FirstPersonExampleMap' with GeneratedClass '/Game/FirstPersonCPP/Maps/FirstPersonExampleMap.FirstPersonExampleMap_C' with ClassGeneratedBy '/Game/FirstPersonCPP/Maps/FirstPersonExampleMap.FirstPersonExampleMap:PersistentLevel.FirstPersonExampleMap'
[2016.01.15-17.51.39:058][566]LogParticles: Destroying 0 GPU particle simulations for FXSystem 0x00000125D9B04B80
[2016.01.15-17.53.05:009][ 27]LogActorComponent: UnregisterComponent: (/Engine/Transient.CharMoveComp) Not registered. Aborting.
[2016.01.15-17.53.05:023][ 27]LogSCSEditor:Warning: Calling UpdateTree() from Tick() more frequently than expected due to invalid tree node state. This might be a performance issue.
[2016.01.15-17.53.44:486][738]LogActorComponent: UnregisterComponent: (/Engine/Transient.CharacterMovementComponent_3) Not registered. Aborting.
[2016.01.15-17.53.44:486][738]LogActorComponent: UnregisterComponent: (/Engine/Transient.PawnSensing_GEN_VARIABLE) Not registered. Aborting.
[2016.01.15-17.53.48:323][960]LogActorComponent: UnregisterComponent: (/Engine/Transient.CharacterMovementComponent_4) Not registered. Aborting.
[2016.01.15-17.53.48:323][960]LogActorComponent: UnregisterComponent: (/Engine/Transient.PawnSensingComponent_0) Not registered. Aborting.
[2016.01.15-17.53.56:053][348]LogCrashTracker: 


[2016.01.15-17.53.56:053][348]LogCrashTracker: 


[2016.01.15-17.53.56:053][348]LogWindows: === Critical error: ===
Fatal error!



[2016.01.15-17.53.56:185][348]LogExit: Executing StaticShutdownAfterError
[2016.01.15-17.53.56:190][348]LogPhysics:Warning: PHYSX: ..\..\PhysX\src\NpScene.cpp (2946) 8 : PxScene::unlockWrite() called without matching call to PxScene::lockWrite(), behaviour will be undefined.
[2016.01.15-17.53.56:190][348]LogPhysics:Warning: PHYSX: ..\..\PhysX\src\NpScene.cpp (2946) 8 : PxScene::unlockWrite() called without matching call to PxScene::lockWrite(), behaviour will be undefined.
[2016.01.15-17.53.56:191][348]LogPhysics:Warning: PHYSX: ..\..\PhysX\src\NpScene.cpp (2946) 8 : PxScene::unlockWrite() called without matching call to PxScene::lockWrite(), behaviour will be undefined.
[2016.01.15-17.53.56:191][348]LogPhysics:Warning: PHYSX: ..\..\PhysX\src\NpScene.cpp (2946) 8 : PxScene::unlockWrite() called without matching call to PxScene::lockWrite(), behaviour will be undefined.
[2016.01.15-17.53.56:191][348]LogPhysics:Warning: PHYSX: ..\..\PhysX\src\NpScene.cpp (2946) 8 : PxScene::unlockWrite() called without matching call to PxScene::lockWrite(), behaviour will be undefined.
[2016.01.15-17.53.56:191][348]LogPhysics:Warning: PHYSX: ..\..\PhysX\src\NpScene.cpp (2946) 8 : PxScene::unlockWrite() called without matching call to PxScene::lockWrite(), behaviour will be undefined.
[2016.01.15-17.53.56:191][348]LogWindows: FPlatformMisc::RequestExit(1)
[2016.01.15-17.53.56:191][348]Log file closed, 01/15/16 18:53:56
