[2016.01.15-17.59.17:400][  0]Log file open, 01/15/16 18:59:17
[2016.01.15-17.59.17:400][  0]LogInit:Display: Running engine for game: AutomaticDoor
[2016.01.15-17.59.17:400][  0]LogInit:Display: RandInit(-947960908) SRandInit(-947960908).
[2016.01.15-17.59.17:400][  0]LogTaskGraph: Started task graph with 4 named threads and 7 total threads.
[2016.01.15-17.59.17:400][  0]LogStats: Stats thread started at 0.081392
[2016.01.15-17.59.17:400][  0]LogInit: Version: 4.9.2-2707645+++depot+UE4-Releases+4.9
[2016.01.15-17.59.17:400][  0]LogInit: API Version: 2672455
[2016.01.15-17.59.17:400][  0]LogInit: Compiled (64-bit): Sep 28 2015 10:25:44
[2016.01.15-17.59.17:400][  0]LogInit: Compiled with Visual C++: 18.00.21005.01
[2016.01.15-17.59.17:400][  0]LogInit: Build Configuration: Development
[2016.01.15-17.59.17:400][  0]LogInit: Branch Name: ++depot+UE4-Releases+4.9
[2016.01.15-17.59.17:400][  0]LogInit: Command line:  
[2016.01.15-17.59.17:400][  0]LogInit: Base directory: C:/Program Files/Epic Games/4.9/Engine/Binaries/Win64/
[2016.01.15-17.59.17:400][  0]LogInit: Rocket: 1
[2016.01.15-17.59.17:408][  0]LogInit: Using libcurl 7.41.0
[2016.01.15-17.59.17:408][  0]LogInit:  - built for x86_64-pc-win32
[2016.01.15-17.59.17:408][  0]LogInit:  - supports SSL with WinSSL
[2016.01.15-17.59.17:408][  0]LogInit:  - other features:
[2016.01.15-17.59.17:408][  0]LogInit:      CURL_VERSION_SSL
[2016.01.15-17.59.17:408][  0]LogInit:      CURL_VERSION_IPV6
[2016.01.15-17.59.17:408][  0]LogInit:      CURL_VERSION_ASYNCHDNS
[2016.01.15-17.59.17:408][  0]LogInit:      CURL_VERSION_LARGEFILE
[2016.01.15-17.59.17:408][  0]LogInit:      CURL_VERSION_IDN
[2016.01.15-17.59.17:408][  0]LogInit:  CurlRequestOptions (configurable via config and command line):
[2016.01.15-17.59.17:408][  0]LogInit:  - bVerifyPeer = true  - Libcurl will verify peer certificate
[2016.01.15-17.59.17:408][  0]LogInit:  - bUseHttpProxy = false  - Libcurl will NOT use HTTP proxy
[2016.01.15-17.59.17:408][  0]LogInit:  - bDontReuseConnections = false  - Libcurl will reuse connections
[2016.01.15-17.59.17:408][  0]LogInit:  - CertBundlePath = nullptr  - Libcurl will use whatever was configured at build time.
[2016.01.15-17.59.17:415][  0]LogInit: Presizing for 0 objects not considered by GC, pre-allocating 0 bytes.
[2016.01.15-17.59.17:421][  0]LogInit: Object subsystem initialized
[2016.01.15-17.59.17:423][  0]LogInit: Selected Device Profile: [Windows]
[2016.01.15-17.59.17:423][  0]LogInit: Applying CVar settings loaded from the selected device profile: [Windows]
[2016.01.15-17.59.17:429][  0]LogInit: Computer: FIDUS
[2016.01.15-17.59.17:429][  0]LogInit: User: Niclas
[2016.01.15-17.59.17:429][  0]LogInit: CPU Page size=4096, Cores=4
[2016.01.15-17.59.17:429][  0]LogInit: High frequency timer resolution =3.386479 MHz
[2016.01.15-17.59.17:429][  0]LogMemory: Memory total: Physical=15.9GB (16GB approx)
[2016.01.15-17.59.17:429][  0]LogMemory: Platform Memory Stats for Windows
[2016.01.15-17.59.17:429][  0]LogMemory: Process Physical Memory: 54.56 MB used, 54.56 MB peak
[2016.01.15-17.59.17:429][  0]LogMemory: Process Virtual Memory: 55.32 MB used, 55.32 MB peak
[2016.01.15-17.59.17:429][  0]LogMemory: Physical Memory: 4131.36 MB used, 16332.28 MB total
[2016.01.15-17.59.17:429][  0]LogMemory: Virtual Memory: 369.09 MB used, 134217728.00 MB total
[2016.01.15-17.59.17:458][  0]LogTextLocalizationManager: No translations for ('sv-SE') exist, falling back to 'en' for localization and internationalization data.
[2016.01.15-17.59.18:099][  0]LogD3D11RHI: Found D3D11 adapter 0: AMD Radeon HD 7800 Series (Feature Level 11_0)
[2016.01.15-17.59.18:099][  0]LogD3D11RHI: Adapter has 2030MB of dedicated video memory, 0MB of dedicated system memory, and 8166MB of shared system memory, 1 output[s]
[2016.01.15-17.59.18:100][  0]LogD3D11RHI: Found D3D11 adapter 1: Microsoft Basic Render Driver (Feature Level 11_0)
[2016.01.15-17.59.18:100][  0]LogD3D11RHI: Adapter has 0MB of dedicated video memory, 0MB of dedicated system memory, and 8166MB of shared system memory, 0 output[s]
[2016.01.15-17.59.18:100][  0]LogD3D11RHI: Chosen D3D11 Adapter Id = 0
[2016.01.15-17.59.18:103][  0]LogD3D11RHI: !Direct3DDevice
[2016.01.15-17.59.18:103][  0]LogRHI: Texture pool is 1361 MB (70% of 1945 MB)
[2016.01.15-17.59.18:107][  0]LogD3D11RHI: Async texture creation disabled: no driver support
[2016.01.15-17.59.18:117][  0]LogShaderCompilers: Guid format shader working directory is 14 characters bigger than the processId version (../../../../../../Users/Niclas/Documents/GitHub/ProjectDoor/AutomaticDoor/Intermediate/Shaders/WorkingDirectory/18624/).
[2016.01.15-17.59.18:117][  0]LogShaderCompilers: Cleaned the shader compiler working directory '../../../../../../Users/Niclas/Documents/GitHub/ProjectDoor/AutomaticDoor/Intermediate/Shaders/tmp/270EC30B4D03E0AA579ADA8FA34B0159/'.
[2016.01.15-17.59.18:117][  0]LogShaderCompilers:Display: Using Local Shader Compiler.
[2016.01.15-17.59.19:030][  0]LogTemp:Display: Loaded TP AllDesktopTargetPlatform
[2016.01.15-17.59.19:036][  0]LogTemp:Display: Loaded TP WindowsClientTargetPlatform
[2016.01.15-17.59.19:041][  0]LogTemp:Display: Loaded TP WindowsNoEditorTargetPlatform
[2016.01.15-17.59.19:046][  0]LogTemp:Display: Loaded TP WindowsServerTargetPlatform
[2016.01.15-17.59.19:051][  0]LogTemp:Display: Loaded TP WindowsTargetPlatform
[2016.01.15-17.59.19:054][  0]LogTemp:Display: Loaded TP AndroidTargetPlatform
[2016.01.15-17.59.19:057][  0]LogTemp:Display: Loaded TP Android_ASTCTargetPlatform
[2016.01.15-17.59.19:060][  0]LogTemp:Display: Loaded TP Android_ATCTargetPlatform
[2016.01.15-17.59.19:063][  0]LogTemp:Display: Loaded TP Android_DXTTargetPlatform
[2016.01.15-17.59.19:067][  0]LogTemp:Display: Loaded TP Android_ETC1TargetPlatform
[2016.01.15-17.59.19:070][  0]LogTemp:Display: Loaded TP Android_ETC2TargetPlatform
[2016.01.15-17.59.19:074][  0]LogTemp:Display: Loaded TP Android_PVRTCTargetPlatform
[2016.01.15-17.59.19:074][  0]LogTemp:Display: Loaded TP HTML5TargetPlatform
[2016.01.15-17.59.19:092][  0]LogTemp:Display: Loaded TP IOSTargetPlatform
[2016.01.15-17.59.19:095][  0]LogTemp:Display: Loaded TP LinuxNoEditorTargetPlatform
[2016.01.15-17.59.19:099][  0]LogTemp:Display: Loaded TP LinuxServerTargetPlatform
[2016.01.15-17.59.19:102][  0]LogTemp:Display: Loaded TP LinuxTargetPlatform
[2016.01.15-17.59.19:102][  0]LogTargetPlatformManager:Display: Building Assets For Windows
[2016.01.15-17.59.19:188][  0]LogDerivedDataCache:Display: Max Cache Size: 512 MB
[2016.01.15-17.59.19:229][  0]LogDerivedDataCache: Loaded boot cache 0.04s 44MB C:/Users/Niclas/AppData/Local/UnrealEngine/4.9/DerivedDataCache/Boot.ddc.
[2016.01.15-17.59.19:229][  0]LogDerivedDataCache:Display: Loaded Boot cache: C:/Users/Niclas/AppData/Local/UnrealEngine/4.9/DerivedDataCache/Boot.ddc
[2016.01.15-17.59.19:229][  0]LogDerivedDataCache: FDerivedDataBackendGraph:  Pak pak cache file ../../../../../../Users/Niclas/Documents/GitHub/ProjectDoor/AutomaticDoor/DerivedDataCache/DDC.ddp not found, will not use a pak cache.
[2016.01.15-17.59.19:229][  0]LogDerivedDataCache: Unable to find inner node Pak for hierarchical cache Hierarchy.
[2016.01.15-17.59.19:229][  0]LogDerivedDataCache: FDerivedDataBackendGraph:  CompressedPak pak cache file ../../../../../../Users/Niclas/Documents/GitHub/ProjectDoor/AutomaticDoor/DerivedDataCache/Compressed.ddp not found, will not use a pak cache.
[2016.01.15-17.59.19:229][  0]LogDerivedDataCache: Unable to find inner node CompressedPak for hierarchical cache Hierarchy.
[2016.01.15-17.59.19:354][  0]LogDerivedDataCache:Display: Pak cache opened for reading ../../../Engine/DerivedDataCache/Compressed.ddp.
[2016.01.15-17.59.19:366][  0]LogDerivedDataCache: Using Local data cache path C:/Users/Niclas/AppData/Local/UnrealEngine/Common/DerivedDataCache: Writable
[2016.01.15-17.59.19:536][  0]LogInit: Selected Device Profile: [Windows]
[2016.01.15-17.59.19:538][  0]LogContentStreaming: Texture pool size is 0.000000MB
[2016.01.15-17.59.19:646][  0]LogMeshUtilities: No automatic mesh reduction module available
[2016.01.15-17.59.19:646][  0]LogMeshUtilities: No automatic mesh merging module available
[2016.01.15-17.59.19:854][  0]LogInit: WinSock: version 1.1 (2.2), MaxSocks=32767, MaxUdp=65467
[2016.01.15-17.59.20:456][  0]UdpMessaging: Initializing bridge on interface 0.0.0.0:0 to multicast group 230.0.0.1:6666.
[2016.01.15-17.59.20:522][  0]LogSkinnedMeshComp:Warning: GetSocketByName(): No SkeletalMesh for CharacterMesh1P
[2016.01.15-17.59.20:622][  0]LogLinker:Warning: Asset '../../../../../../Users/Niclas/Documents/GitHub/ProjectDoor/AutomaticDoor/Content/Mannequin/Animations/ThirdPerson_AnimBP.uasset' has been saved with empty engine version. The asset will be loaded but may be incompatible.
[2016.01.15-17.59.20:622][  0]LogLinker:Warning: Asset '../../../../../../Users/Niclas/Documents/GitHub/ProjectDoor/AutomaticDoor/Content/Mannequin/Animations/ThirdPerson_Jump.uasset' has been saved with empty engine version. The asset will be loaded but may be incompatible.
[2016.01.15-17.59.20:624][  0]LogLinker:Warning: Asset '../../../../../../Users/Niclas/Documents/GitHub/ProjectDoor/AutomaticDoor/Content/Mannequin/Animations/ThirdPersonJump_Loop.uasset' has been saved with empty engine version. The asset will be loaded but may be incompatible.
[2016.01.15-17.59.20:625][  0]LogLinker:Warning: Asset '../../../../../../Users/Niclas/Documents/GitHub/ProjectDoor/AutomaticDoor/Content/Mannequin/Animations/ThirdPersonJump_Start.uasset' has been saved with empty engine version. The asset will be loaded but may be incompatible.
[2016.01.15-17.59.20:625][  0]LogLinker:Warning: Asset '../../../../../../Users/Niclas/Documents/GitHub/ProjectDoor/AutomaticDoor/Content/Mannequin/Animations/ThirdPerson_IdleRun_2D.uasset' has been saved with empty engine version. The asset will be loaded but may be incompatible.
[2016.01.15-17.59.20:626][  0]LogLinker:Warning: Asset '../../../../../../Users/Niclas/Documents/GitHub/ProjectDoor/AutomaticDoor/Content/Mannequin/Animations/ThirdPersonIdle.uasset' has been saved with empty engine version. The asset will be loaded but may be incompatible.
[2016.01.15-17.59.20:627][  0]LogLinker:Warning: Asset '../../../../../../Users/Niclas/Documents/GitHub/ProjectDoor/AutomaticDoor/Content/Mannequin/Animations/ThirdPersonRun.uasset' has been saved with empty engine version. The asset will be loaded but may be incompatible.
[2016.01.15-17.59.20:628][  0]LogLinker:Warning: Asset '../../../../../../Users/Niclas/Documents/GitHub/ProjectDoor/AutomaticDoor/Content/Mannequin/Animations/ThirdPersonWalk.uasset' has been saved with empty engine version. The asset will be loaded but may be incompatible.
[2016.01.15-17.59.20:668][  0]LogLinker:Warning: Asset '../../../../../../Users/Niclas/Documents/GitHub/ProjectDoor/AutomaticDoor/Content/FirstPerson/Meshes/FirstPersonProjectileMesh.uasset' has been saved with empty engine version. The asset will be loaded but may be incompatible.
[2016.01.15-17.59.20:739][  0]LogSkinnedMeshComp:Warning: GetSocketByName(): No SkeletalMesh for CharacterMesh1P
[2016.01.15-17.59.20:751][  0]LogSkinnedMeshComp:Warning: GetSocketByName(): No SkeletalMesh for CharacterMesh1P
[2016.01.15-17.59.20:752][  0]LogSkinnedMeshComp:Warning: GetSocketByName(): No SkeletalMesh for CharacterMesh1P
[2016.01.15-17.59.20:755][  0]LogSkinnedMeshComp:Warning: GetSocketByName(): No SkeletalMesh for CharacterMesh1P
[2016.01.15-17.59.20:758][  0]LogSkinnedMeshComp:Warning: GetSocketByName(): No SkeletalMesh for CharacterMesh1P
[2016.01.15-17.59.20:761][  0]LogSkinnedMeshComp:Warning: GetSocketByName(): No SkeletalMesh for CharacterMesh1P
[2016.01.15-17.59.20:984][  0]LogAssetRegistry: FAssetRegistry took 0.0106 seconds to start up
[2016.01.15-17.59.21:135][  0]SourceControl: Info Source control is disabled
[2016.01.15-17.59.21:136][  0]SourceControl: Info Source control is disabled
[2016.01.15-17.59.21:148][  0]SourceControl: Info Source control is disabled
[2016.01.15-17.59.21:159][  0]SourceControl: Info Source control is disabled
[2016.01.15-17.59.21:318][  0]LogLinker:Warning: Asset '../../../Engine/Plugins/Runtime/LeapMotionController/Content/LM_PassthroughMaterial.uasset' has been saved with empty engine version. The asset will be loaded but may be incompatible.
[2016.01.15-17.59.21:401][  0]LogObj: 35574 objects as part of root set at end of initial load.
[2016.01.15-17.59.21:401][  0]LogUObjectAllocator: 8616472 out of 0 bytes used by permanent object pool.
[2016.01.15-17.59.21:450][  0]LogEngine: Initializing Engine...
[2016.01.15-17.59.21:452][  0]LogHMD: Can't find Oculus library dev build: is proper Runtime installed? Version: 0.7.0.0
[2016.01.15-17.59.21:453][  0]LogHMD: SteamVR failed to initialize.  Err: 110
[2016.01.15-17.59.21:560][  0]LogAIModule: Creating AISystem for world NewWorld
[2016.01.15-17.59.21:572][  0]LogInit: XAudio2 using 'Högtalare (Logitech G35 Gaming Headset)' : 2 channels at 44.1 kHz using 16 bits per sample (channel mask 0x3)
[2016.01.15-17.59.21:596][  0]LogInit: FAudioDevice initialized.
[2016.01.15-17.59.21:616][  0]LogDerivedDataCache: Saved boot cache 0.02s 44MB C:/Users/Niclas/AppData/Local/UnrealEngine/4.9/DerivedDataCache/Boot.ddc.
[2016.01.15-17.59.21:621][  0]LogInit: Texture streaming: Enabled
[2016.01.15-17.59.21:627][  0]LogAnalytics: Creating configured Analytics provider AnalyticsET
[2016.01.15-17.59.21:627][  0]LogAnalytics: [UEEditor.Rocket.Release] APIServer = http://et2.epicgames.com/ET2/. AppVersion = 4.9.2-2707645+++depot+UE4-Releases+4.9
[2016.01.15-17.59.21:627][  0]LogAnalytics: [UEEditor.Rocket.Release] SetUserId 8d5f2d8b4e520712a8f1e688fed765ab|99f216c1865e471987722078da7bde5f|50f43dcd-c54f-4aa6-a5c1-e948023fc359
[2016.01.15-17.59.21:627][  0]LogAnalytics: [UEEditor.Rocket.Release] AnalyticsET::StartSession
[2016.01.15-17.59.21:636][  0]LogWindowsTextInputMethodSystem:Display: IME system now deactivated.
[2016.01.15-17.59.21:655][  0]LogInit: Transaction tracking system initialized
[2016.01.15-17.59.21:685][  0]BlueprintLog: New page: Editor Load
[2016.01.15-17.59.21:805][  0]LocalizationService: Info Localization service is disabled
[2016.01.15-17.59.21:881][  0]LogConsoleResponse:Display: 
[2016.01.15-17.59.21:978][  0]LogCook:Display: Done creating registry. It took  0.00s.
[2016.01.15-17.59.22:034][  0]LogFileCache: Scanning file cache for directory 'C:/Users/Niclas/Documents/GitHub/ProjectDoor/AutomaticDoor/Content/' took 0.02s
[2016.01.15-17.59.22:034][  0]SourceControl: Info Source control is disabled
[2016.01.15-17.59.22:034][  0]Cmd: MAP LOAD FILE="../../../../../../Users/Niclas/Documents/GitHub/ProjectDoor/AutomaticDoor/Content/FirstPersonCPP/Maps/FirstPersonExampleMap.umap" TEMPLATE=0 SHOWPROGRESS=1 FEATURELEVEL=3
[2016.01.15-17.59.22:035][  0]LightingResults: New page: Lighting Build
[2016.01.15-17.59.22:038][  0]MapCheck: New page: Map Check
[2016.01.15-17.59.22:038][  0]LightingResults: New page: Lighting Build
[2016.01.15-17.59.22:049][  0]LogParticles: Destroying 0 GPU particle simulations for FXSystem 0x000001DD0F2BA480
[2016.01.15-17.59.22:315][  0]LogBlueprint:Warning: [compiler FirstPersonExampleMap] Warning Node  Unknown  is not referencing a valid level actor
[2016.01.15-17.59.22:315][  0]LogBlueprint:Warning: [compiler FirstPersonExampleMap] Warning [0005.79] Compile of FirstPersonExampleMap successful, but with 1 Warning(s) [in 1 ms]
[2016.01.15-17.59.22:315][  0]LogBlueprint:Warning: [compiler FirstPersonExampleMap] Warning [0005.79] Compile of FirstPersonExampleMap successful, but with 2 Warning(s) [in 0 ms]
[2016.01.15-17.59.22:315][  0]LogBlueprint:Warning: [compiler FirstPersonExampleMap] Warning [0005.79] Compile of FirstPersonExampleMap successful, but with 3 Warning(s) [in 0 ms]
[2016.01.15-17.59.22:317][  0]LogBlueprint:Warning: [compiler FirstPersonExampleMap] Warning Node  Unknown  is not referencing a valid level actor
[2016.01.15-17.59.22:318][  0]LogBlueprint:Warning: [compiler FirstPersonExampleMap] Warning [0005.79] Compile of FirstPersonExampleMap successful, but with 1 Warning(s) [in 1 ms]
[2016.01.15-17.59.22:318][  0]LogBlueprint:Warning: [compiler FirstPersonExampleMap] Warning [0005.79] Compile of FirstPersonExampleMap successful, but with 2 Warning(s) [in 0 ms]
[2016.01.15-17.59.22:318][  0]LogBlueprint:Warning: [compiler FirstPersonExampleMap] Warning [0005.79] Compile of FirstPersonExampleMap successful, but with 3 Warning(s) [in 0 ms]
[2016.01.15-17.59.22:319][  0]LogSkinnedMeshComp:Warning: GetSocketByName(): No SkeletalMesh for CharacterMesh1P
[2016.01.15-17.59.22:518][  0]LogAIModule: Creating AISystem for world FirstPersonExampleMap
[2016.01.15-17.59.22:531][  0]LogEditorServer: Finished looking for orphan Actors (0.000 secs)
[2016.01.15-17.59.22:531][  0]Cmd: MAP CHECKDEP NOCLEARLOG
[2016.01.15-17.59.22:610][  0]MapCheck: Info Map check complete: 0 Error(s), 0 Warning(s), took 78.757ms to complete.
[2016.01.15-17.59.22:610][  0]LogFileHelpers: Loading map 'FirstPersonExampleMap' took 0.576
[2016.01.15-17.59.22:712][  0]LogCollectionManager: Loaded 0 collections in 0.002225 seconds
[2016.01.15-17.59.22:753][  0]LogFileCache: Scanning file cache for directory 'C:/Users/Niclas/Documents/GitHub/ProjectDoor/AutomaticDoor/Saved/Collections/' took 0.01s
[2016.01.15-17.59.22:753][  0]LogFileCache: Scanning file cache for directory 'C:/Users/Niclas/Documents/GitHub/ProjectDoor/AutomaticDoor/Content/Developers/Niclas/Collections/' took 0.01s
[2016.01.15-17.59.22:753][  0]LogFileCache: Scanning file cache for directory 'C:/Users/Niclas/Documents/GitHub/ProjectDoor/AutomaticDoor/Content/Collections/' took 0.01s
[2016.01.15-17.59.22:753][  0]LogContentBrowser: Native class hierarchy populated in 0.0072 seconds. Added 1873 classes and 335 folders.
[2016.01.15-17.59.22:757][  0]LogCollectionManager: Rebuilt the GUID cache for 0 collections in 0.000002 seconds
[2016.01.15-17.59.22:764][  0]LogContentBrowser: Native class hierarchy updated for 'WidgetCarousel' in 0.0014 seconds. Added 0 classes and 0 folders.
[2016.01.15-17.59.22:807][  0]LogContentBrowser: Native class hierarchy updated for 'AddContentDialog' in 0.0014 seconds. Added 0 classes and 0 folders.
[2016.01.15-17.59.22:812][  0]LogContentBrowser: Native class hierarchy updated for 'SceneOutliner' in 0.0014 seconds. Added 1 classes and 2 folders.
[2016.01.15-17.59.22:831][  0]LogCrashTracker: Crashtracker disabled due to settings.
[2016.01.15-17.59.22:836][  0]LogUObjectGlobals:Warning: Failed to find object 'Class None.'
[2016.01.15-17.59.22:857][  0]LogLoad: Full Startup: 6.33 seconds (BP compile: 0.15 seconds)
[2016.01.15-17.59.23:257][  0]LogContentStreaming: Texture pool size now 1000 MB
[2016.01.15-17.59.23:363][  0]LogRenderer: Reallocating scene render targets to support 1208x576 (Frame:2).
[2016.01.15-17.59.24:593][  4]LogAssetRegistry: Asset discovery search completed in 3.6200 seconds
[2016.01.15-17.59.24:593][  4]LogCollectionManager: Rebuilt the object cache for 0 collections in 0.000001 seconds (found 0 objects)
[2016.01.15-17.59.24:593][  4]LogCollectionManager: Fixed up redirectors for 0 collections in 0.000021 seconds (updated 0 objects)
[2016.01.15-17.59.40:381][946]LogLinker:Warning: Asset '../../../Engine/Content/ArtTools/RenderToTexture/Macros/RenderToTextureMacros.uasset' has been saved with empty engine version. The asset will be loaded but may be incompatible.
[2016.01.15-17.59.40:843][946]LogContentBrowser: Native class hierarchy updated for 'BlueprintGraph' in 0.0018 seconds. Added 107 classes and 0 folders.
[2016.01.15-17.59.52:301][894]LogSlate:Warning: Prevented a slow task dialog from being summoned while a context menu was open
[2016.01.15-17.59.52:332][894]LogSlate:Warning: Prevented a slow task dialog from being summoned while a context menu was open
[2016.01.15-17.59.52:550][894]LogPackageName: SearchForPackageOnDisk took   0.000s, but failed to resolve /Game/AI/HasLineOfSight_New.
[2016.01.15-18.00.03:133][778]LogActorComponent: UnregisterComponent: (/Engine/Transient.CharMoveComp) Not registered. Aborting.
[2016.01.15-18.00.03:133][778]LogActorComponent: UnregisterComponent: (/Engine/Transient.PawnSensing_GEN_VARIABLE) Not registered. Aborting.
[2016.01.15-18.00.03:133][778]LogActorComponent: UnregisterComponent: (/Engine/Transient.CharacterMovementComponent_0) Not registered. Aborting.
[2016.01.15-18.00.03:133][778]LogActorComponent: UnregisterComponent: (/Engine/Transient.PawnSensingComponent_0) Not registered. Aborting.
[2016.01.15-18.00.03:155][778]LogParticles: Destroying 0 GPU particle simulations for FXSystem 0x000001DD18F84C20
[2016.01.15-18.00.03:157][778]LogParticles: Destroying 0 GPU particle simulations for FXSystem 0x000001DD45294C20
[2016.01.15-18.05.10:178][118]Cmd: OBJ SAVEPACKAGE PACKAGE="/Game/AI/EnemyBT" FILE="../../../../../../Users/Niclas/Documents/GitHub/ProjectDoor/AutomaticDoor/Content/AI/EnemyBT.uasset" SILENT=true
[2016.01.15-18.05.10:190][118]LogSavePackage: Save=5.132174ms
[2016.01.15-18.05.10:190][118]LogSavePackage: Moving '../../../../../../Users/Niclas/Documents/GitHub/ProjectDoor/AutomaticDoor/Saved/EnemyBT500472EF4B718C3F6E4DB0BB115EBE65.tmp' to '../../../../../../Users/Niclas/Documents/GitHub/ProjectDoor/AutomaticDoor/Content/AI/EnemyBT.uasset'
[2016.01.15-18.05.10:192][118]LogSavePackage: Total save time: 13.894372ms
[2016.01.15-18.05.10:192][118]LogSavePackage:Warning: Finished SavePackage ../../../../../../Users/Niclas/Documents/GitHub/ProjectDoor/AutomaticDoor/Content/AI/EnemyBT.uasset
[2016.01.15-18.05.46:721][649]LogBlueprintUserMessages: Early PlayInEditor Detection: Level '/Game/FirstPersonCPP/Maps/FirstPersonExampleMap.FirstPersonExampleMap:PersistentLevel' has LevelScriptBlueprint '/Game/FirstPersonCPP/Maps/FirstPersonExampleMap.FirstPersonExampleMap:PersistentLevel.FirstPersonExampleMap' with GeneratedClass '/Game/FirstPersonCPP/Maps/FirstPersonExampleMap.FirstPersonExampleMap_C' with ClassGeneratedBy '/Game/FirstPersonCPP/Maps/FirstPersonExampleMap.FirstPersonExampleMap:PersistentLevel.FirstPersonExampleMap'
[2016.01.15-18.05.46:724][649]LogPlayLevel: PlayLevel: No blueprints needed recompiling
[2016.01.15-18.05.46:724][649]PIE: New page: PIE session: FirstPersonExampleMap (Jan 15, 2016, 8:05:46 PM)
[2016.01.15-18.05.46:724][649]LogPlayLevel: Creating play world package: /Game/FirstPersonCPP/Maps/UEDPIE_0_FirstPersonExampleMap
[2016.01.15-18.05.46:726][649]LogSkinnedMeshComp:Warning: GetSocketByName(): No SkeletalMesh for CharacterMesh1P
[2016.01.15-18.05.46:764][649]LogPlayLevel: PIE: StaticDuplicateObject took: (0.039633s)
[2016.01.15-18.05.46:764][649]LogAIModule: Creating AISystem for world FirstPersonExampleMap
[2016.01.15-18.05.46:764][649]LogPlayLevel: PIE: World Init took: (0.000839s)
[2016.01.15-18.05.46:765][649]LogPlayLevel: PIE: Created PIE world by copying editor world from /Game/FirstPersonCPP/Maps/FirstPersonExampleMap.FirstPersonExampleMap to /Game/FirstPersonCPP/Maps/UEDPIE_0_FirstPersonExampleMap.FirstPersonExampleMap (0.040730s)
[2016.01.15-18.05.46:765][649]LogActorComponent: UnregisterComponent: (/Engine/Transient.CharMoveComp) Not registered. Aborting.
[2016.01.15-18.05.46:765][649]LogActorComponent: UnregisterComponent: (/Engine/Transient.PawnSensing_GEN_VARIABLE) Not registered. Aborting.
[2016.01.15-18.05.46:765][649]LogActorComponent: UnregisterComponent: (/Engine/Transient.CharacterMovementComponent_1) Not registered. Aborting.
[2016.01.15-18.05.46:765][649]LogActorComponent: UnregisterComponent: (/Engine/Transient.PawnSensingComponent_1) Not registered. Aborting.
[2016.01.15-18.05.46:783][649]LogParticles: Destroying 0 GPU particle simulations for FXSystem 0x000001DD3D43CB80
[2016.01.15-18.05.46:784][649]LogParticles: Destroying 0 GPU particle simulations for FXSystem 0x000001DD0C380360
[2016.01.15-18.05.46:796][649]LogInit: XAudio2 using 'Högtalare (Logitech G35 Gaming Headset)' : 2 channels at 44.1 kHz using 16 bits per sample (channel mask 0x3)
[2016.01.15-18.05.46:811][649]LogInit: FAudioDevice initialized.
[2016.01.15-18.05.46:856][649]LogWorld: Game class is 'AutomaticDoorGameMode'
[2016.01.15-18.05.46:879][649]LogWorld:Warning: *** WARNING - PATHS MAY NOT BE VALID ***
[2016.01.15-18.05.46:879][649]LogWorld: Bringing World /Game/FirstPersonCPP/Maps/UEDPIE_0_FirstPersonExampleMap.FirstPersonExampleMap up for play (max tick rate 0) at 2016.01.15-19.05.46
[2016.01.15-18.05.46:879][649]LogActor:Warning: GameSession /Game/FirstPersonCPP/Maps/UEDPIE_0_FirstPersonExampleMap.FirstPersonExampleMap:PersistentLevel.GameSession_0 has natively added scene component(s), but none of them were set as the actor's RootComponent - picking one arbitrarily
[2016.01.15-18.05.46:879][649]LogActor:Warning: GameNetworkManager /Game/FirstPersonCPP/Maps/UEDPIE_0_FirstPersonExampleMap.FirstPersonExampleMap:PersistentLevel.GameNetworkManager_0 has natively added scene component(s), but none of them were set as the actor's RootComponent - picking one arbitrarily
[2016.01.15-18.05.46:881][649]LogWorld: Bringing up level for play took: 0.023830
[2016.01.15-18.05.46:884][649]PIE: Info Play in editor start time for /Game/FirstPersonCPP/Maps/UEDPIE_0_FirstPersonExampleMap 0.826
[2016.01.15-18.05.46:884][649]LogBlueprintUserMessages: Late PlayInEditor Detection: Level '/Game/FirstPersonCPP/Maps/FirstPersonExampleMap.FirstPersonExampleMap:PersistentLevel' has LevelScriptBlueprint '/Game/FirstPersonCPP/Maps/FirstPersonExampleMap.FirstPersonExampleMap:PersistentLevel.FirstPersonExampleMap' with GeneratedClass '/Game/FirstPersonCPP/Maps/FirstPersonExampleMap.FirstPersonExampleMap_C' with ClassGeneratedBy '/Game/FirstPersonCPP/Maps/FirstPersonExampleMap.FirstPersonExampleMap:PersistentLevel.FirstPersonExampleMap'
[2016.01.15-18.05.54:528][545]LogBlueprintUserMessages: Early EndPlayMap Detection: Level '/Game/FirstPersonCPP/Maps/FirstPersonExampleMap.FirstPersonExampleMap:PersistentLevel' has LevelScriptBlueprint '/Game/FirstPersonCPP/Maps/FirstPersonExampleMap.FirstPersonExampleMap:PersistentLevel.FirstPersonExampleMap' with GeneratedClass '/Game/FirstPersonCPP/Maps/FirstPersonExampleMap.FirstPersonExampleMap_C' with ClassGeneratedBy '/Game/FirstPersonCPP/Maps/FirstPersonExampleMap.FirstPersonExampleMap:PersistentLevel.FirstPersonExampleMap'
[2016.01.15-18.05.54:569][545]LogBlueprintUserMessages: Late EndPlayMap Detection: Level '/Game/FirstPersonCPP/Maps/FirstPersonExampleMap.FirstPersonExampleMap:PersistentLevel' has LevelScriptBlueprint '/Game/FirstPersonCPP/Maps/FirstPersonExampleMap.FirstPersonExampleMap:PersistentLevel.FirstPersonExampleMap' with GeneratedClass '/Game/FirstPersonCPP/Maps/FirstPersonExampleMap.FirstPersonExampleMap_C' with ClassGeneratedBy '/Game/FirstPersonCPP/Maps/FirstPersonExampleMap.FirstPersonExampleMap:PersistentLevel.FirstPersonExampleMap'
[2016.01.15-18.05.54:590][545]LogParticles: Destroying 0 GPU particle simulations for FXSystem 0x000001DD4635CFE0
[2016.01.15-18.05.55:826][665]LogBlueprintUserMessages: Early PlayInEditor Detection: Level '/Game/FirstPersonCPP/Maps/FirstPersonExampleMap.FirstPersonExampleMap:PersistentLevel' has LevelScriptBlueprint '/Game/FirstPersonCPP/Maps/FirstPersonExampleMap.FirstPersonExampleMap:PersistentLevel.FirstPersonExampleMap' with GeneratedClass '/Game/FirstPersonCPP/Maps/FirstPersonExampleMap.FirstPersonExampleMap_C' with ClassGeneratedBy '/Game/FirstPersonCPP/Maps/FirstPersonExampleMap.FirstPersonExampleMap:PersistentLevel.FirstPersonExampleMap'
[2016.01.15-18.05.55:828][665]LogPlayLevel: PlayLevel: No blueprints needed recompiling
[2016.01.15-18.05.55:828][665]PIE: New page: PIE session: FirstPersonExampleMap (Jan 15, 2016, 8:05:55 PM)
[2016.01.15-18.05.55:828][665]LogPlayLevel: Creating play world package: /Game/FirstPersonCPP/Maps/UEDPIE_0_FirstPersonExampleMap
[2016.01.15-18.05.55:831][665]LogSkinnedMeshComp:Warning: GetSocketByName(): No SkeletalMesh for CharacterMesh1P
[2016.01.15-18.05.55:863][665]LogPlayLevel: PIE: StaticDuplicateObject took: (0.034589s)
[2016.01.15-18.05.55:863][665]LogAIModule: Creating AISystem for world FirstPersonExampleMap
[2016.01.15-18.05.55:864][665]LogPlayLevel: PIE: World Init took: (0.000701s)
[2016.01.15-18.05.55:864][665]LogPlayLevel: PIE: Created PIE world by copying editor world from /Game/FirstPersonCPP/Maps/FirstPersonExampleMap.FirstPersonExampleMap to /Game/FirstPersonCPP/Maps/UEDPIE_0_FirstPersonExampleMap.FirstPersonExampleMap (0.035488s)
[2016.01.15-18.05.55:893][665]LogInit: XAudio2 using 'Högtalare (Logitech G35 Gaming Headset)' : 2 channels at 44.1 kHz using 16 bits per sample (channel mask 0x3)
[2016.01.15-18.05.55:907][665]LogInit: FAudioDevice initialized.
[2016.01.15-18.05.55:943][665]LogWorld: Game class is 'AutomaticDoorGameMode'
[2016.01.15-18.05.55:964][665]LogWorld:Warning: *** WARNING - PATHS MAY NOT BE VALID ***
[2016.01.15-18.05.55:965][665]LogWorld: Bringing World /Game/FirstPersonCPP/Maps/UEDPIE_0_FirstPersonExampleMap.FirstPersonExampleMap up for play (max tick rate 0) at 2016.01.15-19.05.55
[2016.01.15-18.05.55:965][665]LogActor:Warning: GameSession /Game/FirstPersonCPP/Maps/UEDPIE_0_FirstPersonExampleMap.FirstPersonExampleMap:PersistentLevel.GameSession_1 has natively added scene component(s), but none of them were set as the actor's RootComponent - picking one arbitrarily
[2016.01.15-18.05.55:965][665]LogActor:Warning: GameNetworkManager /Game/FirstPersonCPP/Maps/UEDPIE_0_FirstPersonExampleMap.FirstPersonExampleMap:PersistentLevel.GameNetworkManager_1 has natively added scene component(s), but none of them were set as the actor's RootComponent - picking one arbitrarily
[2016.01.15-18.05.55:967][665]LogWorld: Bringing up level for play took: 0.023240
[2016.01.15-18.05.55:969][665]PIE: Info Play in editor start time for /Game/FirstPersonCPP/Maps/UEDPIE_0_FirstPersonExampleMap -0.089
[2016.01.15-18.05.55:970][665]LogBlueprintUserMessages: Late PlayInEditor Detection: Level '/Game/FirstPersonCPP/Maps/FirstPersonExampleMap.FirstPersonExampleMap:PersistentLevel' has LevelScriptBlueprint '/Game/FirstPersonCPP/Maps/FirstPersonExampleMap.FirstPersonExampleMap:PersistentLevel.FirstPersonExampleMap' with GeneratedClass '/Game/FirstPersonCPP/Maps/FirstPersonExampleMap.FirstPersonExampleMap_C' with ClassGeneratedBy '/Game/FirstPersonCPP/Maps/FirstPersonExampleMap.FirstPersonExampleMap:PersistentLevel.FirstPersonExampleMap'
[2016.01.15-18.06.00:173][148]LogBlueprintUserMessages: Early EndPlayMap Detection: Level '/Game/FirstPersonCPP/Maps/FirstPersonExampleMap.FirstPersonExampleMap:PersistentLevel' has LevelScriptBlueprint '/Game/FirstPersonCPP/Maps/FirstPersonExampleMap.FirstPersonExampleMap:PersistentLevel.FirstPersonExampleMap' with GeneratedClass '/Game/FirstPersonCPP/Maps/FirstPersonExampleMap.FirstPersonExampleMap_C' with ClassGeneratedBy '/Game/FirstPersonCPP/Maps/FirstPersonExampleMap.FirstPersonExampleMap:PersistentLevel.FirstPersonExampleMap'
[2016.01.15-18.06.00:206][148]LogBlueprintUserMessages: Late EndPlayMap Detection: Level '/Game/FirstPersonCPP/Maps/FirstPersonExampleMap.FirstPersonExampleMap:PersistentLevel' has LevelScriptBlueprint '/Game/FirstPersonCPP/Maps/FirstPersonExampleMap.FirstPersonExampleMap:PersistentLevel.FirstPersonExampleMap' with GeneratedClass '/Game/FirstPersonCPP/Maps/FirstPersonExampleMap.FirstPersonExampleMap_C' with ClassGeneratedBy '/Game/FirstPersonCPP/Maps/FirstPersonExampleMap.FirstPersonExampleMap:PersistentLevel.FirstPersonExampleMap'
[2016.01.15-18.06.00:247][149]LogParticles: Destroying 0 GPU particle simulations for FXSystem 0x000001DD4516A2A0
[2016.01.15-18.06.18:250][971]LogEditorViewport: Clicking on Actor (LMB): PatrolPoint_C (PatrolPoint2)
[2016.01.15-18.06.27:138][882]LogEditorViewport: Clicking on Actor (LMB): PatrolPoint_C (PatrolPoint3)
[2016.01.15-18.06.31:968][371]LogEditorViewport: Clicking on Actor (LMB): PatrolPoint_C (PatrolPoint4)
[2016.01.15-18.06.36:561][860]LogEditorViewport: Clicking on Actor (LMB): AIEnemy_C (AIEnemy)
[2016.01.15-18.06.49:809][ 21]LogActorComponent: UnregisterComponent: (/Engine/Transient.CharMoveComp) Not registered. Aborting.
[2016.01.15-18.06.49:809][ 21]LogActorComponent: UnregisterComponent: (/Engine/Transient.PawnSensing_GEN_VARIABLE) Not registered. Aborting.
[2016.01.15-18.06.49:809][ 21]LogActorComponent: UnregisterComponent: (/Engine/Transient.CharacterMovementComponent_2) Not registered. Aborting.
[2016.01.15-18.06.49:809][ 21]LogActorComponent: UnregisterComponent: (/Engine/Transient.PawnSensingComponent_2) Not registered. Aborting.
[2016.01.15-18.06.51:363][151]BlueprintLog: New page: Compile AIEnemy
[2016.01.15-18.06.51:471][151]LogActorComponent: UnregisterComponent: (/Engine/Transient.CharacterMovementComponent_3) Not registered. Aborting.
[2016.01.15-18.06.51:471][151]LogActorComponent: UnregisterComponent: (/Engine/Transient.PawnSensingComponent_3) Not registered. Aborting.
[2016.01.15-18.06.51:498][151]BlueprintEditorCompileResults: Info [0454.97] Compile of AIEnemy successful! [in 135 ms]
[2016.01.15-18.06.52:311][219]Cmd: OBJ SAVEPACKAGE PACKAGE="/Game/AI/AIEnemy" FILE="../../../../../../Users/Niclas/Documents/GitHub/ProjectDoor/AutomaticDoor/Content/AI/AIEnemy.uasset" SILENT=true
[2016.01.15-18.06.52:349][219]LogSavePackage: Save=30.422749ms
[2016.01.15-18.06.52:349][219]LogSavePackage: Moving '../../../../../../Users/Niclas/Documents/GitHub/ProjectDoor/AutomaticDoor/Saved/AIEnemy91C95FC942E7933BE3010A9D9BE05463.tmp' to '../../../../../../Users/Niclas/Documents/GitHub/ProjectDoor/AutomaticDoor/Content/AI/AIEnemy.uasset'
[2016.01.15-18.06.52:352][219]LogSavePackage: Total save time: 39.932922ms
[2016.01.15-18.06.52:352][219]LogSavePackage:Warning: Finished SavePackage ../../../../../../Users/Niclas/Documents/GitHub/ProjectDoor/AutomaticDoor/Content/AI/AIEnemy.uasset
[2016.01.15-18.06.54:215][399]LogBlueprintUserMessages: Early PlayInEditor Detection: Level '/Game/FirstPersonCPP/Maps/FirstPersonExampleMap.FirstPersonExampleMap:PersistentLevel' has LevelScriptBlueprint '/Game/FirstPersonCPP/Maps/FirstPersonExampleMap.FirstPersonExampleMap:PersistentLevel.FirstPersonExampleMap' with GeneratedClass '/Game/FirstPersonCPP/Maps/FirstPersonExampleMap.FirstPersonExampleMap_C' with ClassGeneratedBy '/Game/FirstPersonCPP/Maps/FirstPersonExampleMap.FirstPersonExampleMap:PersistentLevel.FirstPersonExampleMap'
[2016.01.15-18.06.54:215][399]LogPlayLevel: PlayLevel: No blueprints needed recompiling
[2016.01.15-18.06.54:215][399]PIE: New page: PIE session: FirstPersonExampleMap (Jan 15, 2016, 8:06:54 PM)
[2016.01.15-18.06.54:215][399]LogPlayLevel: Creating play world package: /Game/FirstPersonCPP/Maps/UEDPIE_0_FirstPersonExampleMap
[2016.01.15-18.06.54:217][399]LogSkinnedMeshComp:Warning: GetSocketByName(): No SkeletalMesh for CharacterMesh1P
[2016.01.15-18.06.54:250][399]LogPlayLevel: PIE: StaticDuplicateObject took: (0.034893s)
[2016.01.15-18.06.54:251][399]LogAIModule: Creating AISystem for world FirstPersonExampleMap
[2016.01.15-18.06.54:251][399]LogPlayLevel: PIE: World Init took: (0.000689s)
[2016.01.15-18.06.54:251][399]LogPlayLevel: PIE: Created PIE world by copying editor world from /Game/FirstPersonCPP/Maps/FirstPersonExampleMap.FirstPersonExampleMap to /Game/FirstPersonCPP/Maps/UEDPIE_0_FirstPersonExampleMap.FirstPersonExampleMap (0.035786s)
[2016.01.15-18.06.54:251][399]LogActorComponent: UnregisterComponent: (/Engine/Transient.CharMoveComp) Not registered. Aborting.
[2016.01.15-18.06.54:251][399]LogActorComponent: UnregisterComponent: (/Engine/Transient.PawnSensing_GEN_VARIABLE) Not registered. Aborting.
[2016.01.15-18.06.54:281][399]LogInit: XAudio2 using 'Högtalare (Logitech G35 Gaming Headset)' : 2 channels at 44.1 kHz using 16 bits per sample (channel mask 0x3)
[2016.01.15-18.06.54:296][399]LogInit: FAudioDevice initialized.
[2016.01.15-18.06.54:326][399]LogWorld: Game class is 'AutomaticDoorGameMode'
[2016.01.15-18.06.54:348][399]LogWorld:Warning: *** WARNING - PATHS MAY NOT BE VALID ***
[2016.01.15-18.06.54:348][399]LogWorld: Bringing World /Game/FirstPersonCPP/Maps/UEDPIE_0_FirstPersonExampleMap.FirstPersonExampleMap up for play (max tick rate 0) at 2016.01.15-19.06.54
[2016.01.15-18.06.54:348][399]LogActor:Warning: GameSession /Game/FirstPersonCPP/Maps/UEDPIE_0_FirstPersonExampleMap.FirstPersonExampleMap:PersistentLevel.GameSession_2 has natively added scene component(s), but none of them were set as the actor's RootComponent - picking one arbitrarily
[2016.01.15-18.06.54:349][399]LogActor:Warning: GameNetworkManager /Game/FirstPersonCPP/Maps/UEDPIE_0_FirstPersonExampleMap.FirstPersonExampleMap:PersistentLevel.GameNetworkManager_2 has natively added scene component(s), but none of them were set as the actor's RootComponent - picking one arbitrarily
[2016.01.15-18.06.54:351][399]LogWorld: Bringing up level for play took: 0.023649
[2016.01.15-18.06.54:353][399]PIE: Info Play in editor start time for /Game/FirstPersonCPP/Maps/UEDPIE_0_FirstPersonExampleMap 0.295
[2016.01.15-18.06.54:353][399]LogBlueprintUserMessages: Late PlayInEditor Detection: Level '/Game/FirstPersonCPP/Maps/FirstPersonExampleMap.FirstPersonExampleMap:PersistentLevel' has LevelScriptBlueprint '/Game/FirstPersonCPP/Maps/FirstPersonExampleMap.FirstPersonExampleMap:PersistentLevel.FirstPersonExampleMap' with GeneratedClass '/Game/FirstPersonCPP/Maps/FirstPersonExampleMap.FirstPersonExampleMap_C' with ClassGeneratedBy '/Game/FirstPersonCPP/Maps/FirstPersonExampleMap.FirstPersonExampleMap:PersistentLevel.FirstPersonExampleMap'
[2016.01.15-18.06.56:891][699]LogBlueprintUserMessages: Early EndPlayMap Detection: Level '/Game/FirstPersonCPP/Maps/FirstPersonExampleMap.FirstPersonExampleMap:PersistentLevel' has LevelScriptBlueprint '/Game/FirstPersonCPP/Maps/FirstPersonExampleMap.FirstPersonExampleMap:PersistentLevel.FirstPersonExampleMap' with GeneratedClass '/Game/FirstPersonCPP/Maps/FirstPersonExampleMap.FirstPersonExampleMap_C' with ClassGeneratedBy '/Game/FirstPersonCPP/Maps/FirstPersonExampleMap.FirstPersonExampleMap:PersistentLevel.FirstPersonExampleMap'
[2016.01.15-18.06.56:987][699]LogBlueprintUserMessages: Late EndPlayMap Detection: Level '/Game/FirstPersonCPP/Maps/FirstPersonExampleMap.FirstPersonExampleMap:PersistentLevel' has LevelScriptBlueprint '/Game/FirstPersonCPP/Maps/FirstPersonExampleMap.FirstPersonExampleMap:PersistentLevel.FirstPersonExampleMap' with GeneratedClass '/Game/FirstPersonCPP/Maps/FirstPersonExampleMap.FirstPersonExampleMap_C' with ClassGeneratedBy '/Game/FirstPersonCPP/Maps/FirstPersonExampleMap.FirstPersonExampleMap:PersistentLevel.FirstPersonExampleMap'
[2016.01.15-18.06.57:008][699]LogParticles: Destroying 0 GPU particle simulations for FXSystem 0x000001DD18F21120
[2016.01.15-18.07.09:629][861]LogBlueprintUserMessages: Early PlayInEditor Detection: Level '/Game/FirstPersonCPP/Maps/FirstPersonExampleMap.FirstPersonExampleMap:PersistentLevel' has LevelScriptBlueprint '/Game/FirstPersonCPP/Maps/FirstPersonExampleMap.FirstPersonExampleMap:PersistentLevel.FirstPersonExampleMap' with GeneratedClass '/Game/FirstPersonCPP/Maps/FirstPersonExampleMap.FirstPersonExampleMap_C' with ClassGeneratedBy '/Game/FirstPersonCPP/Maps/FirstPersonExampleMap.FirstPersonExampleMap:PersistentLevel.FirstPersonExampleMap'
[2016.01.15-18.07.09:629][861]LogPlayLevel: PlayLevel: No blueprints needed recompiling
[2016.01.15-18.07.09:629][861]PIE: New page: PIE session: FirstPersonExampleMap (Jan 15, 2016, 8:07:09 PM)
[2016.01.15-18.07.09:629][861]LogPlayLevel: Creating play world package: /Game/FirstPersonCPP/Maps/UEDPIE_0_FirstPersonExampleMap
[2016.01.15-18.07.09:631][861]LogSkinnedMeshComp:Warning: GetSocketByName(): No SkeletalMesh for CharacterMesh1P
[2016.01.15-18.07.09:664][861]LogPlayLevel: PIE: StaticDuplicateObject took: (0.035124s)
[2016.01.15-18.07.09:664][861]LogAIModule: Creating AISystem for world FirstPersonExampleMap
[2016.01.15-18.07.09:665][861]LogPlayLevel: PIE: World Init took: (0.000716s)
[2016.01.15-18.07.09:665][861]LogPlayLevel: PIE: Created PIE world by copying editor world from /Game/FirstPersonCPP/Maps/FirstPersonExampleMap.FirstPersonExampleMap to /Game/FirstPersonCPP/Maps/UEDPIE_0_FirstPersonExampleMap.FirstPersonExampleMap (0.036052s)
[2016.01.15-18.07.09:665][861]LogActorComponent: UnregisterComponent: (/Engine/Transient.CharMoveComp) Not registered. Aborting.
[2016.01.15-18.07.09:665][861]LogActorComponent: UnregisterComponent: (/Engine/Transient.PawnSensing_GEN_VARIABLE) Not registered. Aborting.
[2016.01.15-18.07.09:665][861]LogActorComponent: UnregisterComponent: (/Engine/Transient.CharacterMovementComponent_4) Not registered. Aborting.
[2016.01.15-18.07.09:665][861]LogActorComponent: UnregisterComponent: (/Engine/Transient.PawnSensingComponent_4) Not registered. Aborting.
[2016.01.15-18.07.09:695][861]LogInit: XAudio2 using 'Högtalare (Logitech G35 Gaming Headset)' : 2 channels at 44.1 kHz using 16 bits per sample (channel mask 0x3)
[2016.01.15-18.07.09:709][861]LogInit: FAudioDevice initialized.
[2016.01.15-18.07.09:744][861]LogWorld: Game class is 'AutomaticDoorGameMode'
[2016.01.15-18.07.09:768][861]LogWorld:Warning: *** WARNING - PATHS MAY NOT BE VALID ***
[2016.01.15-18.07.09:768][861]LogWorld: Bringing World /Game/FirstPersonCPP/Maps/UEDPIE_0_FirstPersonExampleMap.FirstPersonExampleMap up for play (max tick rate 0) at 2016.01.15-19.07.09
[2016.01.15-18.07.09:768][861]LogActor:Warning: GameSession /Game/FirstPersonCPP/Maps/UEDPIE_0_FirstPersonExampleMap.FirstPersonExampleMap:PersistentLevel.GameSession_3 has natively added scene component(s), but none of them were set as the actor's RootComponent - picking one arbitrarily
[2016.01.15-18.07.09:768][861]LogActor:Warning: GameNetworkManager /Game/FirstPersonCPP/Maps/UEDPIE_0_FirstPersonExampleMap.FirstPersonExampleMap:PersistentLevel.GameNetworkManager_3 has natively added scene component(s), but none of them were set as the actor's RootComponent - picking one arbitrarily
[2016.01.15-18.07.09:772][861]LogWorld: Bringing up level for play took: 0.026911
[2016.01.15-18.07.09:775][861]PIE: Info Play in editor start time for /Game/FirstPersonCPP/Maps/UEDPIE_0_FirstPersonExampleMap -0.283
[2016.01.15-18.07.09:775][861]LogBlueprintUserMessages: Late PlayInEditor Detection: Level '/Game/FirstPersonCPP/Maps/FirstPersonExampleMap.FirstPersonExampleMap:PersistentLevel' has LevelScriptBlueprint '/Game/FirstPersonCPP/Maps/FirstPersonExampleMap.FirstPersonExampleMap:PersistentLevel.FirstPersonExampleMap' with GeneratedClass '/Game/FirstPersonCPP/Maps/FirstPersonExampleMap.FirstPersonExampleMap_C' with ClassGeneratedBy '/Game/FirstPersonCPP/Maps/FirstPersonExampleMap.FirstPersonExampleMap:PersistentLevel.FirstPersonExampleMap'
[2016.01.15-18.07.28:218][982]LogBlueprintUserMessages: Early EndPlayMap Detection: Level '/Game/FirstPersonCPP/Maps/FirstPersonExampleMap.FirstPersonExampleMap:PersistentLevel' has LevelScriptBlueprint '/Game/FirstPersonCPP/Maps/FirstPersonExampleMap.FirstPersonExampleMap:PersistentLevel.FirstPersonExampleMap' with GeneratedClass '/Game/FirstPersonCPP/Maps/FirstPersonExampleMap.FirstPersonExampleMap_C' with ClassGeneratedBy '/Game/FirstPersonCPP/Maps/FirstPersonExampleMap.FirstPersonExampleMap:PersistentLevel.FirstPersonExampleMap'
[2016.01.15-18.07.28:316][982]LogBlueprintUserMessages: Late EndPlayMap Detection: Level '/Game/FirstPersonCPP/Maps/FirstPersonExampleMap.FirstPersonExampleMap:PersistentLevel' has LevelScriptBlueprint '/Game/FirstPersonCPP/Maps/FirstPersonExampleMap.FirstPersonExampleMap:PersistentLevel.FirstPersonExampleMap' with GeneratedClass '/Game/FirstPersonCPP/Maps/FirstPersonExampleMap.FirstPersonExampleMap_C' with ClassGeneratedBy '/Game/FirstPersonCPP/Maps/FirstPersonExampleMap.FirstPersonExampleMap:PersistentLevel.FirstPersonExampleMap'
[2016.01.15-18.07.28:337][982]LogParticles: Destroying 0 GPU particle simulations for FXSystem 0x000001DD852B3F60
[2016.01.15-18.07.45:881][466]Cmd: OBJ SAVEPACKAGE PACKAGE="/Game/AI/EnemyBT" FILE="../../../../../../Users/Niclas/Documents/GitHub/ProjectDoor/AutomaticDoor/Content/AI/EnemyBT.uasset" SILENT=true
[2016.01.15-18.07.45:892][466]LogSavePackage: Save=3.903169ms
[2016.01.15-18.07.45:892][466]LogSavePackage: Moving '../../../../../../Users/Niclas/Documents/GitHub/ProjectDoor/AutomaticDoor/Saved/EnemyBTAEB1A955426036F429F17E89F99B5406.tmp' to '../../../../../../Users/Niclas/Documents/GitHub/ProjectDoor/AutomaticDoor/Content/AI/EnemyBT.uasset'
[2016.01.15-18.07.45:895][466]LogSavePackage: Total save time: 12.446556ms
[2016.01.15-18.07.45:895][466]LogSavePackage:Warning: Finished SavePackage ../../../../../../Users/Niclas/Documents/GitHub/ProjectDoor/AutomaticDoor/Content/AI/EnemyBT.uasset
[2016.01.15-18.07.48:250][678]LogBlueprintUserMessages: Early PlayInEditor Detection: Level '/Game/FirstPersonCPP/Maps/FirstPersonExampleMap.FirstPersonExampleMap:PersistentLevel' has LevelScriptBlueprint '/Game/FirstPersonCPP/Maps/FirstPersonExampleMap.FirstPersonExampleMap:PersistentLevel.FirstPersonExampleMap' with GeneratedClass '/Game/FirstPersonCPP/Maps/FirstPersonExampleMap.FirstPersonExampleMap_C' with ClassGeneratedBy '/Game/FirstPersonCPP/Maps/FirstPersonExampleMap.FirstPersonExampleMap:PersistentLevel.FirstPersonExampleMap'
[2016.01.15-18.07.48:250][678]LogPlayLevel: PlayLevel: No blueprints needed recompiling
[2016.01.15-18.07.48:250][678]PIE: New page: PIE session: FirstPersonExampleMap (Jan 15, 2016, 8:07:48 PM)
[2016.01.15-18.07.48:250][678]LogPlayLevel: Creating play world package: /Game/FirstPersonCPP/Maps/UEDPIE_0_FirstPersonExampleMap
[2016.01.15-18.07.48:252][678]LogSkinnedMeshComp:Warning: GetSocketByName(): No SkeletalMesh for CharacterMesh1P
[2016.01.15-18.07.48:285][678]LogPlayLevel: PIE: StaticDuplicateObject took: (0.035095s)
[2016.01.15-18.07.48:286][678]LogAIModule: Creating AISystem for world FirstPersonExampleMap
[2016.01.15-18.07.48:286][678]LogPlayLevel: PIE: World Init took: (0.000719s)
[2016.01.15-18.07.48:286][678]LogPlayLevel: PIE: Created PIE world by copying editor world from /Game/FirstPersonCPP/Maps/FirstPersonExampleMap.FirstPersonExampleMap to /Game/FirstPersonCPP/Maps/UEDPIE_0_FirstPersonExampleMap.FirstPersonExampleMap (0.036017s)
[2016.01.15-18.07.48:286][678]LogActorComponent: UnregisterComponent: (/Engine/Transient.CharMoveComp) Not registered. Aborting.
[2016.01.15-18.07.48:286][678]LogActorComponent: UnregisterComponent: (/Engine/Transient.PawnSensing_GEN_VARIABLE) Not registered. Aborting.
[2016.01.15-18.07.48:316][678]LogInit: XAudio2 using 'Högtalare (Logitech G35 Gaming Headset)' : 2 channels at 44.1 kHz using 16 bits per sample (channel mask 0x3)
[2016.01.15-18.07.48:330][678]LogInit: FAudioDevice initialized.
[2016.01.15-18.07.48:359][678]LogWorld: Game class is 'AutomaticDoorGameMode'
[2016.01.15-18.07.48:384][678]LogWorld:Warning: *** WARNING - PATHS MAY NOT BE VALID ***
[2016.01.15-18.07.48:384][678]LogWorld: Bringing World /Game/FirstPersonCPP/Maps/UEDPIE_0_FirstPersonExampleMap.FirstPersonExampleMap up for play (max tick rate 0) at 2016.01.15-19.07.48
[2016.01.15-18.07.48:384][678]LogActor:Warning: GameSession /Game/FirstPersonCPP/Maps/UEDPIE_0_FirstPersonExampleMap.FirstPersonExampleMap:PersistentLevel.GameSession_4 has natively added scene component(s), but none of them were set as the actor's RootComponent - picking one arbitrarily
[2016.01.15-18.07.48:384][678]LogActor:Warning: GameNetworkManager /Game/FirstPersonCPP/Maps/UEDPIE_0_FirstPersonExampleMap.FirstPersonExampleMap:PersistentLevel.GameNetworkManager_4 has natively added scene component(s), but none of them were set as the actor's RootComponent - picking one arbitrarily
[2016.01.15-18.07.48:387][678]LogWorld: Bringing up level for play took: 0.026760
[2016.01.15-18.07.48:390][678]PIE: Info Play in editor start time for /Game/FirstPersonCPP/Maps/UEDPIE_0_FirstPersonExampleMap 0.332
[2016.01.15-18.07.48:390][678]LogBlueprintUserMessages: Late PlayInEditor Detection: Level '/Game/FirstPersonCPP/Maps/FirstPersonExampleMap.FirstPersonExampleMap:PersistentLevel' has LevelScriptBlueprint '/Game/FirstPersonCPP/Maps/FirstPersonExampleMap.FirstPersonExampleMap:PersistentLevel.FirstPersonExampleMap' with GeneratedClass '/Game/FirstPersonCPP/Maps/FirstPersonExampleMap.FirstPersonExampleMap_C' with ClassGeneratedBy '/Game/FirstPersonCPP/Maps/FirstPersonExampleMap.FirstPersonExampleMap:PersistentLevel.FirstPersonExampleMap'
[2016.01.15-18.08.13:278][493]LogBlueprintUserMessages: Early EndPlayMap Detection: Level '/Game/FirstPersonCPP/Maps/FirstPersonExampleMap.FirstPersonExampleMap:PersistentLevel' has LevelScriptBlueprint '/Game/FirstPersonCPP/Maps/FirstPersonExampleMap.FirstPersonExampleMap:PersistentLevel.FirstPersonExampleMap' with GeneratedClass '/Game/FirstPersonCPP/Maps/FirstPersonExampleMap.FirstPersonExampleMap_C' with ClassGeneratedBy '/Game/FirstPersonCPP/Maps/FirstPersonExampleMap.FirstPersonExampleMap:PersistentLevel.FirstPersonExampleMap'
[2016.01.15-18.08.13:378][493]LogBlueprintUserMessages: Late EndPlayMap Detection: Level '/Game/FirstPersonCPP/Maps/FirstPersonExampleMap.FirstPersonExampleMap:PersistentLevel' has LevelScriptBlueprint '/Game/FirstPersonCPP/Maps/FirstPersonExampleMap.FirstPersonExampleMap:PersistentLevel.FirstPersonExampleMap' with GeneratedClass '/Game/FirstPersonCPP/Maps/FirstPersonExampleMap.FirstPersonExampleMap_C' with ClassGeneratedBy '/Game/FirstPersonCPP/Maps/FirstPersonExampleMap.FirstPersonExampleMap:PersistentLevel.FirstPersonExampleMap'
[2016.01.15-18.08.13:399][493]LogParticles: Destroying 0 GPU particle simulations for FXSystem 0x000001DD41ADA480
[2016.01.15-18.08.30:771][980]LogActorComponent: UnregisterComponent: (/Engine/Transient.CharMoveComp) Not registered. Aborting.
[2016.01.15-18.08.30:771][980]LogActorComponent: UnregisterComponent: (/Engine/Transient.PawnSensing_GEN_VARIABLE) Not registered. Aborting.
[2016.01.15-18.08.30:818][980]LogBlueprint:Warning: [compiler FirstPersonExampleMap] Warning Node  Unknown  is not referencing a valid level actor
[2016.01.15-18.08.30:819][980]LogBlueprint:Warning: [compiler FirstPersonExampleMap] Warning [0554.29] Compile of FirstPersonExampleMap successful, but with 1 Warning(s) [in 3 ms]
[2016.01.15-18.08.30:819][980]LogBlueprint:Warning: [compiler FirstPersonExampleMap] Warning [0554.29] Compile of FirstPersonExampleMap successful, but with 2 Warning(s) [in 0 ms]
[2016.01.15-18.08.30:819][980]LogBlueprint:Warning: [compiler FirstPersonExampleMap] Warning [0554.29] Compile of FirstPersonExampleMap successful, but with 3 Warning(s) [in 0 ms]
[2016.01.15-18.08.30:859][980]LogBlueprint:Warning: [compiler FirstPersonExampleMap] Warning [0554.33] Compile of FirstPersonExampleMap successful, but with 4 Warning(s) [in 39 ms]
[2016.01.15-18.08.30:860][980]LogBlueprint:Warning: [compiler FirstPersonExampleMap] Warning [0554.34] Compile of FirstPersonExampleMap successful, but with 5 Warning(s) [in 1 ms]
[2016.01.15-18.08.30:860][980]LogBlueprint:Warning: [compiler FirstPersonExampleMap] Warning [0554.34] Compile of FirstPersonExampleMap successful, but with 6 Warning(s) [in 0 ms]
[2016.01.15-18.08.31:565][980]LogSavePackage: Save=751.663330ms
[2016.01.15-18.08.31:565][980]LogSavePackage: Moving '../../../../../../Users/Niclas/Documents/GitHub/ProjectDoor/AutomaticDoor/Saved/FirstPersonExampleMap490A554C45D27F2FE856F79A89F3EC0E.tmp' to '../../../../../../Users/Niclas/Documents/GitHub/ProjectDoor/AutomaticDoor/Content/FirstPersonCPP/Maps/FirstPersonExampleMap.umap'
[2016.01.15-18.08.31:568][980]LogSavePackage: Total save time: 773.547687ms
[2016.01.15-18.08.31:568][980]LogSavePackage:Warning: Finished SavePackage ../../../../../../Users/Niclas/Documents/GitHub/ProjectDoor/AutomaticDoor/Content/FirstPersonCPP/Maps/FirstPersonExampleMap.umap
[2016.01.15-18.09.02:336][527]LogActorComponent: UnregisterComponent: (/Engine/Transient.CharMoveComp) Not registered. Aborting.
[2016.01.15-18.09.02:336][527]LogActorComponent: UnregisterComponent: (/Engine/Transient.PawnSensing_GEN_VARIABLE) Not registered. Aborting.
[2016.01.15-18.09.02:355][527]LogParticles: Destroying 0 GPU particle simulations for FXSystem 0x000001DD7D880A40
[2016.01.15-18.09.02:367][527]LogBlueprint:Warning: [compiler FirstPersonExampleMap] Warning Node  Unknown  is not referencing a valid level actor
[2016.01.15-18.09.02:368][527]LogBlueprint:Warning: [compiler FirstPersonExampleMap] Warning [0585.84] Compile of FirstPersonExampleMap successful, but with 1 Warning(s) [in 3 ms]
[2016.01.15-18.09.02:368][527]LogBlueprint:Warning: [compiler FirstPersonExampleMap] Warning [0585.84] Compile of FirstPersonExampleMap successful, but with 2 Warning(s) [in 0 ms]
[2016.01.15-18.09.02:368][527]LogBlueprint:Warning: [compiler FirstPersonExampleMap] Warning [0585.84] Compile of FirstPersonExampleMap successful, but with 3 Warning(s) [in 0 ms]
[2016.01.15-18.09.02:401][527]LogBlueprint:Warning: [compiler FirstPersonExampleMap] Warning [0585.88] Compile of FirstPersonExampleMap successful, but with 4 Warning(s) [in 32 ms]
[2016.01.15-18.09.02:402][527]LogBlueprint:Warning: [compiler FirstPersonExampleMap] Warning [0585.88] Compile of FirstPersonExampleMap successful, but with 5 Warning(s) [in 1 ms]
[2016.01.15-18.09.02:402][527]LogBlueprint:Warning: [compiler FirstPersonExampleMap] Warning [0585.88] Compile of FirstPersonExampleMap successful, but with 6 Warning(s) [in 0 ms]
[2016.01.15-18.09.03:079][527]LogSavePackage: Save=715.870056ms
[2016.01.15-18.09.03:079][527]LogSavePackage: Moving '../../../../../../Users/Niclas/Documents/GitHub/ProjectDoor/AutomaticDoor/Saved/FirstPersonExampleMap1E200134498C8CB51DAF94BC2C0CECD8.tmp' to '../../../../../../Users/Niclas/Documents/GitHub/ProjectDoor/AutomaticDoor/Content/FirstPersonCPP/Maps/FirstPersonExampleMap.umap'
[2016.01.15-18.09.03:082][527]LogSavePackage: Total save time: 724.393390ms
[2016.01.15-18.09.03:082][527]LogSavePackage:Warning: Finished SavePackage ../../../../../../Users/Niclas/Documents/GitHub/ProjectDoor/AutomaticDoor/Content/FirstPersonCPP/Maps/FirstPersonExampleMap.umap
[2016.01.15-18.09.06:829][886]MapCheck: New page: Map Check
[2016.01.15-18.09.06:847][886]Cmd: MAP REBUILD ALLVISIBLE
[2016.01.15-18.09.06:847][886]LogEditorServer: Rebuildmap Clear paths rebuilt
[2016.01.15-18.09.06:917][886]LogEditorServer: Cleared 5 NULL BSP materials after rebuild.
[2016.01.15-18.09.06:918][886]LightingResults: New page: Lighting Build - Jan 15, 2016, 8:09:06 PM
[2016.01.15-18.09.10:588][886]LogStaticLightingSystem: Running Lightmass w/ ImmediateImport mode ENABLED
[2016.01.15-18.09.10:588][886]LogStaticLightingSystem: Running Lightmass w/ ImmediateProcess mode ENABLED
[2016.01.15-18.09.10:588][886]LogStaticLightingSystem: Running Lightmass w/ Sorting mode ENABLED
[2016.01.15-18.09.10:588][886]LogStaticLightingSystem: Running Lightmass w/ Mapping paddings ENABLED
[2016.01.15-18.09.10:588][886]LogStaticLightingSystem: Running Lightmass w/ Mapping debug paddings DISABLED
[2016.01.15-18.09.10:800][886]LogEditorBuildUtils: Build time 0:00:03
[2016.01.15-18.09.10:814][886]LogMaterial: Missing cached shader map for material FLightmassMaterialRenderer MaterialInstanceDynamic_36, compiling. 
[2016.01.15-18.09.10:821][886]LogMaterial: Missing cached shader map for material FLightmassMaterialRenderer MaterialInstanceDynamic_36, compiling. 
